[01;34m[*][0m [cmd] ffmpeg -version ffmpeg version 0.8.16-4:0.8.16-0ubuntu0.12.04.1, Copyright (c) 2000-2014 the Libav developers
  built on Sep 16 2014 18:33:49 with gcc 4.6.3
The ffmpeg program is only provided for script compatibility and will be removed
in a future release. It has been deprecated in the Libav project to allow for
incompatible command line syntax improvements in its replacement called avconv
(see Changelog for details). Please use avconv instead.
[01;32m[*][0m : 
[01;34m[*][0m [cmd] record_recordmydesktop [01;34m[*][0m [cmd] recordmydesktop --width 1024 --height 768 \ --full-shots --fps 15 --channels 1 --device pulse --v_quality 63 --s_quality 10 --v_bitrate 2000000 --no-wm-check --no-cursor --output=/tmp/PRODUCT/session.ogv [01;34m[*][0m [cmd] sleep 10 Initial recording window is set to:
X:0   Y:0    Width:1024    Height:768
Adjusted recording window is set to:
X:0   Y:0    Width:1024    Height:768
Initializing...
Buffer size adjusted to 4096 from 4096 frames.
Opened PCM device pulse
Recording on device pulse is set to:
1 channels at 22050Hz
Capturing!
[01;32m[*][0m : 
[01;34m[*][0m [cmd] killall recordmydesktop 
*********************************************

Cached 2 MB, from 229 MB that were received.
Average cache compression ratio: 98.9 %

*********************************************
Shutting down.Saved 153 frames in a total of 152 requests
...[01;32m[*][0m : 
.
STATE:ENCODING
Encoding started!
This may take several minutes.
Pressing Ctrl-C will cancel the procedure (resuming will not be possible, but
any portion of the video, which is already encoded won't be deleted).
Please wait...
Output file: /tmp/PRODUCT/session.ogv
Encoding finished!
Wait a moment please...
   
Done.
Written 33927 bytes
(32990 of which were video data and 937 audio data)

Cleanning up cache...
Done!!!
Goodbye!
[01;32m[*][0m : 
[01;32m[*][0m : 
[01;34m[*][0m [cmd] convert_from_ogv [01;34m[*][0m [cmd] HandBrakeCLI -i /tmp/PRODUCT/session.ogv -o /tmp/PRODUCT/session.mp4 --encoder x264 --vb 1800 --ab 128 --maxWidth $WIDTH --maxHeight $HEIGHT --two-pass --optimize [12:10:59] hb_init: starting libhb thread
HandBrake rev0 (2013051899) - Linux x86_64 - http://handbrake.fr
32 CPUs detected
Opening /tmp/PRODUCT/session.ogv...
[12:10:59] hb_scan: path=/tmp/PRODUCT/session.ogv, title_index=1
libbluray/bdnav/index_parse.c:162: indx_parse(): error opening /tmp/PRODUCT/session.ogv/BDMV/index.bdmv
libbluray/bdnav/index_parse.c:162: indx_parse(): error opening /tmp/PRODUCT/session.ogv/BDMV/BACKUP/index.bdmv
libbluray/bluray.c:1725: nav_get_title_list(/tmp/PRODUCT/session.ogv) failed (0x7f14d4000900)
[12:10:59] bd: not a bd - trying as a stream/file instead
libdvdnav: Using dvdnav version 4.1.3
libdvdread: Encrypted DVD support unavailable.
libdvdnav:DVDOpenFileUDF:UDFFindFile /VIDEO_TS/VIDEO_TS.IFO failed
libdvdnav:DVDOpenFileUDF:UDFFindFile /VIDEO_TS/VIDEO_TS.BUP failed
libdvdread: Can't open file VIDEO_TS.IFO.
libdvdnav: vm: failed to read VIDEO_TS.IFO
[12:10:59] dvd: not a dvd - trying as a stream/file instead
Input #0, ogg, from '/tmp/PRODUCT/session.ogv':
  Duration: 00:00:10.26, start: 0.000000, bitrate: 32 kb/s
    Stream #0.0: Data: skeleton
    Stream #0.1: Video: theora, yuv420p, 1024x768 [PAR 1:1 DAR 4:3], 15 fps, 15 tbn, 15 tbc
    Stream #0.2: Audio: vorbis, 22050 Hz, mono, fltp, 89 kb/s
[12:10:59] scan: decoding previews for title 1
[12:10:59] scan: audio 0x2: vorbis, rate=22050Hz, bitrate=89991 Unknown (vorbis) (1.0 ch)
[12:10:59] Warning: Could not read data for preview 1, skipped
[12:10:59] scan: 9 previews, 1024x768, 15.000 fps, autocrop = 0/34/134/8, aspect 4:3, PAR 1:1
Scanning title 1 of 1, preview 10, 100.00 %[12:10:59] libhb: scan thread found 1 valid title(s)
+ title 1:
  + stream: /tmp/PRODUCT/session.ogv
  + duration: 00:00:10
  + size: 1024x768, pixel aspect: 1/1, display aspect: 1.33, 15.000 fps
  + autocrop: 0/34/134/8
  + chapters:
    + 1: cells 0->0, 0 blocks, duration 00:00:10
  + audio tracks:
    + 1, Unknown (vorbis) (1.0 ch) (iso639-2: und)
  + subtitle tracks:
[12:11:00] 2 job(s) to process
[12:11:00] starting job
[12:11:00] work: mixdown not specified, track 1 setting mixdown Mono
[12:11:00] work: sanitizing track 1 bitrate 128 to 96 Kbps
[12:11:00] sync: expecting 154 video frames
[12:11:00] job configuration:
[12:11:00]  * source
[12:11:00]    + /tmp/PRODUCT/session.ogv
[12:11:00]    + title 1, chapter(s) 1 to 1
[12:11:00]    + container: ogg
[12:11:00]    + data rate: 32 kbps
[12:11:00]  * destination
[12:11:00]    + /tmp/PRODUCT/session.mp4
[12:11:00]    + container: MPEG-4 (.mp4 and .m4v)
[12:11:00]      + optimized for progressive web downloads
[12:11:00]  * video track
[12:11:00]    + decoder: theora
[12:11:00]    + frame rate: same as source (around 15.000 fps)
[12:11:00]    + filters
[12:11:00]      + Framerate Shaper (0:27000000:1800000)
[12:11:00]        + frame rate: same as source (around 15.000 fps)
[12:11:00]      + Crop and Scale (880:736:0:34:134:8)
[12:11:00]        + source: 1024 * 768, crop (0/34/134/8): 882 * 734, scale: 880 * 736
[12:11:00]    + dimensions: 880 * 736, mod 0
[12:11:00]    + encoder: H.264 (x264)
[12:11:00]      + bitrate: 1800 kbps, pass: 1
[12:11:00]  * audio track 1
[12:11:00]    + decoder: Unknown (vorbis) (1.0 ch) (track 1, id 0x2)
[12:11:00]      + bitrate: 89 kbps, samplerate: 22050 Hz
[12:11:00]    + mixdown: Mono
[12:11:00]    + encoder: AAC (faac)
[12:11:00]      + bitrate: 96 kbps, samplerate: 22050 Hz
[12:11:00] reader: first SCR 0 id 0x1 DTS 0
[12:11:00] encx264: min-keyint: 15, keyint: 150
x264 [warning]: --psnr used with psy on: results will be invalid!
x264 [warning]: --tune psnr should be used if attempting to benchmark psnr!
x264 [info]: using cpu capabilities: MMX2 SSE2Fast SSSE3 SSE4.2 AVX XOP FMA4 FMA3 SSEMisalign LZCNT BMI1
x264 [info]: profile High, level 3.1
[12:11:00] reader: done. 1 scr changes
[12:11:00] work: average encoding speed for job is 0.000000 fps
[12:11:00] sync: got 9 frames, 154 expected
[12:11:00] render: lost time: 0 (0 frames)
[12:11:00] render: gained time: 0 (0 frames) (0 not accounted for)
[12:11:00] theora-decoder done: 9 frames, 0 decoder errors, 0 drops
x264 [info]: frame I:1     Avg QP:17.12  size: 15307  PSNR Mean Y:51.60 U:63.54 V:63.42 Avg:53.22 Global:53.22
x264 [info]: frame P:2     Avg QP:11.91  size:   284  PSNR Mean Y:75.37 U:78.52 V:77.86 Avg:75.19 Global:55.39
x264 [info]: frame B:6     Avg QP: 7.02  size:   258  PSNR Mean Y:67.91 U:69.44 V:69.34 Avg:64.20 Global:54.28
x264 [info]: consecutive B-frames: 11.1%  0.0%  0.0% 88.9%
x264 [info]: mb I  I16..4: 89.7%  0.9%  9.4%
x264 [info]: mb P  I16..4: 11.3%  0.0%  0.0%  P16..4:  0.7%  0.1%  0.0%  0.0%  0.0%    skip:87.8%
x264 [info]: mb B  I16..4:  0.0%  0.0%  0.0%  B16..8:  1.7%  0.0%  0.0%  direct: 2.8%  skip:95.4%  L0:37.4% L1:62.2% BI: 0.4%
x264 [info]: final ratefactor: 5.22
x264 [info]: 8x8 transform intra:0.7% inter:15.7%
x264 [info]: coded y,uvDC,uvAC intra: 7.0% 3.3% 1.1% inter: 0.1% 2.3% 0.1%
x264 [info]: i16 v,h,dc,p: 94%  4%  2%  0%
x264 [info]: i8 v,h,dc,ddl,ddr,vr,hd,vl,hu: 15% 23% 38%  5%  4%  2%  0%  1% 11%
x264 [info]: i4 v,h,dc,ddl,ddr,vr,hd,vl,hu: 27% 17% 24%  7%  5%  5%  6%  4%  7%
x264 [info]: i8c dc,h,v,p: 93%  5%  2%  0%
x264 [info]: Weighted P-Frames: Y:50.0% UV:0.0%
x264 [info]: ref B L0: 99.0%  1.0%
x264 [info]: ref B L1: 95.3%  4.7%
x264 [info]: SSIM Mean Y:0.9993704 (32.009db)
x264 [info]: PSNR Mean Y:68.239 U:71.017 V:70.792 Avg:65.788 Global:54.401 kb/s:239.28
[12:11:00] vorbis-decoder done: 0 frames, 0 decoder errors, 0 drops
[12:11:01] starting job
[12:11:01] work: mixdown not specified, track 1 setting mixdown Mono
[12:11:01] work: sanitizing track 1 bitrate 128 to 96 Kbps
[12:11:01] sync: expecting 9 video frames
[12:11:01] job configuration:
[12:11:01]  * source
[12:11:01]    + /tmp/PRODUCT/session.ogv
[12:11:01]    + title 1, chapter(s) 1 to 1
[12:11:01]    + container: ogg
[12:11:01]    + data rate: 32 kbps
[12:11:01]  * destination
[12:11:01]    + /tmp/PRODUCT/session.mp4
[12:11:01]    + container: MPEG-4 (.mp4 and .m4v)
[12:11:01]      + optimized for progressive web downloads
[12:11:01]  * video track
[12:11:01]    + decoder: theora
[12:11:01]    + frame rate: same as source (around 15.000 fps)
[12:11:01]    + filters
[12:11:01]      + Framerate Shaper (0:27000000:1800000)
[12:11:01]        + frame rate: same as source (around 15.000 fps)
[12:11:01]      + Crop and Scale (880:736:0:34:134:8)
[12:11:01]        + source: 1024 * 768, crop (0/34/134/8): 882 * 734, scale: 880 * 736
[12:11:01]    + dimensions: 880 * 736, mod 0
[12:11:01]    + encoder: H.264 (x264)
[12:11:01]      + bitrate: 1800 kbps, pass: 2
[12:11:01]  * audio track 1
[12:11:01]    + decoder: Unknown (vorbis) (1.0 ch) (track 1, id 0x2)
[12:11:01]      + bitrate: 89 kbps, samplerate: 22050 Hz
[12:11:01]    + mixdown: Mono
[12:11:01]    + encoder: AAC (faac)
[12:11:01]      + bitrate: 96 kbps, samplerate: 22050 Hz
[12:11:01] reader: first SCR 0 id 0x1 DTS 0
[12:11:01] encx264: min-keyint: 15, keyint: 150
x264 [warning]: --psnr used with psy on: results will be invalid!
x264 [warning]: --tune psnr should be used if attempting to benchmark psnr!
x264 [info]: using cpu capabilities: MMX2 SSE2Fast SSSE3 SSE4.2 AVX XOP FMA4 FMA3 SSEMisalign LZCNT BMI1
x264 [info]: profile High, level 3.1
[12:11:01] reader: done. 1 scr changes
[12:11:01] work: average encoding speed for job is 0.000000 fps
[12:11:01] sync: got 9 frames, 9 expected
[12:11:01] render: lost time: 0 (0 frames)
[12:11:01] render: gained time: 0 (0 frames) (0 not accounted for)
[12:11:01] theora-decoder done: 9 frames, 0 decoder errors, 0 drops
x264 [info]: frame I:1     Avg QP: 1.17  size: 38338  PSNR Mean Y:67.33 U:76.51 V:74.97 Avg:68.79 Global:68.79
x264 [info]: frame P:2     Avg QP: 0.70  size:  7452  PSNR Mean Y:83.46 U:86.30 V:82.46 Avg:83.61 Global:71.26
x264 [info]: frame B:6     Avg QP: 0.43  size:  1232  PSNR Mean Y:79.71 U:80.51 V:77.83 Avg:77.50 Global:70.98
x264 [info]: consecutive B-frames: 11.1%  0.0%  0.0% 88.9%
x264 [info]: mb I  I16..4: 89.2%  0.9%  9.9%
x264 [info]: mb P  I16..4: 12.4%  0.1%  0.0%  P16..4:  3.0%  0.6%  0.8%  0.0%  0.0%    skip:83.2%
x264 [info]: mb B  I16..4:  0.1%  0.0%  0.0%  B16..8:  2.5%  0.1%  0.0%  direct: 3.5%  skip:93.8%  L0:39.9% L1:59.9% BI: 0.3%
x264 [info]: 8x8 transform intra:0.8% inter:16.6%
x264 [info]: coded y,uvDC,uvAC intra: 8.4% 7.5% 6.5% inter: 1.3% 3.3% 1.8%
x264 [info]: i16 v,h,dc,p: 93%  5%  3%  0%
x264 [info]: i8 v,h,dc,ddl,ddr,vr,hd,vl,hu:  8% 19% 60%  1%  0%  2%  1%  3%  6%
x264 [info]: i4 v,h,dc,ddl,ddr,vr,hd,vl,hu: 25% 14% 22%  7%  6%  6%  7%  5%  8%
x264 [info]: i8c dc,h,v,p: 90%  8%  2%  0%
x264 [info]: Weighted P-Frames: Y:50.0% UV:0.0%
x264 [info]: ref B L1: 99.6%  0.4%
x264 [info]: SSIM Mean Y:0.9999691 (45.104db)
x264 [info]: PSNR Mean Y:79.520 U:81.495 V:78.649 Avg:78.162 Global:70.805 kb/s:832.66
[12:11:01] vorbis-decoder done: 0 frames, 0 decoder errors, 0 drops
[12:11:01] muxmp4: optimizing file
[12:11:01] mux: track 0, 9 frames, 60596 bytes, 48.80 kbps, fifo 16
[12:11:01] mux: track 1, 214 frames, 1301 bytes, 1.05 kbps, fifo 256
[12:11:01] libhb: work result = 0

Encode done!
HandBrake has exited.
[01;32m[*][0m : 
[01;34m[*][0m [cmd] ffmpeg -i /tmp/PRODUCT/session.mp4 -acodec libvorbis -ac 2 -ab 96k -ar 44100 -b:v 345k -s 1024x768 /tmp/PRODUCT/session.webm ffmpeg version 0.8.16-4:0.8.16-0ubuntu0.12.04.1, Copyright (c) 2000-2014 the Libav developers
  built on Sep 16 2014 18:33:49 with gcc 4.6.3
The ffmpeg program is only provided for script compatibility and will be removed
in a future release. It has been deprecated in the Libav project to allow for
incompatible command line syntax improvements in its replacement called avconv
(see Changelog for details). Please use avconv instead.
[mov,mp4,m4a,3gp,3g2,mj2 @ 0x26057a0] max_analyze_duration reached

Seems stream 0 codec frame rate differs from container frame rate: 180000.00 (180000/1) -> 90000.00 (180000/2)
Input #0, mov,mp4,m4a,3gp,3g2,mj2, from '/tmp/PRODUCT/session.mp4':
  Metadata:
    major_brand     : mp42
    minor_version   : 0
    compatible_brands: mp42isomavc1
    creation_time   : 2014-10-09 12:11:01
    encoder         : HandBrake rev0 2013051899
  Duration: 00:00:09.93, start: 0.000000, bitrate: 51 kb/s
    Stream #0.0(und): Video: h264 (High), yuv420p, 880x736, 939 kb/s, 17.44 fps, 90k tbr, 90k tbn, 180k tbc
    Metadata:
      creation_time   : 2014-10-09 12:11:01
    Stream #0.1(und): Audio: aac, 22050 Hz, mono, s16, 1 kb/s
    Metadata:
      creation_time   : 2014-10-09 12:11:01
[buffer @ 0x2608a20] w:880 h:736 pixfmt:yuv420p
[scale @ 0x260d000] w:880 h:736 fmt:yuv420p -> w:1024 h:768 fmt:yuv420p flags:0x4
[libvpx @ 0x26e5020] v1.0.0
Output #0, webm, to '/tmp/PRODUCT/session.webm':
  Metadata:
    major_brand     : mp42
    minor_version   : 0
    compatible_brands: mp42isomavc1
    creation_time   : 2014-10-09 12:11:01
    encoder         : Lavf53.21.1
    Stream #0.0(und): Video: libvpx, yuv420p, 1024x768, q=-1--1, 200 kb/s, 1k tbn, 90k tbc
    Metadata:
      creation_time   : 2014-10-09 12:11:01
    Stream #0.1(und): Audio: libvorbis, 44100 Hz, 2 channels, s16, 96 kb/s
    Metadata:
      creation_time   : 2014-10-09 12:11:01
Stream mapping:
  Stream #0.0 -> #0.0
  Stream #0.1 -> #0.1
Press ctrl-c to stop encoding
frame=    2 fps=  0 q=0.0 size=       4kB time=0.05 bitrate= 719.7kbits/s    frame=    6 fps=  5 q=0.0 size=       4kB time=0.32 bitrate= 111.6kbits/s    frame=    7 fps=  4 q=0.0 size=       4kB time=0.38 bitrate=  92.1kbits/s    frame=    9 fps=  4 q=0.0 Lsize=      33kB time=0.52 bitrate= 529.6kbits/s    
video:26kB audio:0kB global headers:4kB muxing overhead 10.292836%
[01;32m[*][0m : 
[01;32m[*][0m : 
