use temporary func: commander
[-] /home/travis/build/brownman/travis_screencast/SCRIPTS/library.sh
[-] ---------------
[-] [cmd] :: cd /home/travis
[-] res: 0
[-] ---------------
[-] ---------------
[-] [cmd] :: git clone --depth=1 https://github.com/brownman/LIBRARY --branch=develop
Cloning into 'LIBRARY'...
[-] res: 0
[-] ---------------
[-] ---------------
[-] [cmd] :: source /home/travis/LIBRARY/library.cfg
/home/travis/LIBRARY/library.cfg
[source] ps1.cfg
[source] ps4.cfg
[source] indicator.cfg
[source] print.cfg
[source] trace.cfg
[source] expose_var.cfg
[source] commander.cfg
[source] dialog_optional.cfg
[source] random.cfg
[source] assert.cfg
[source] ensure.cfg
[source] history_sync.cfg
[source] quick_follow.cfg
[source] quick_remember.cfg
[source] register.cfg
[source] vars.cfg
[source] alias.cfg
[source] cat1.cfg
[source] file_update.cfg
[source] who_am_i.cfg
[source] realpath.cfg
[ register ] use
[ register ] use_sh
[source] times1.cfg
[01;32m[*][0m : Activated Important stuff 
[01;34m[*][0m skip testing [-] res: 0
[-] ---------------
[01;34m[*][0m [cmd] source /tmp/library.cfg library already loaded
[01;32m[*][0m : 
TESITNG use of the LIBRARY:
[01;34m[*][0m [cmd] print ok [01;32m[*][0m : 
[01;32m[*][0m : 
/tmp/library.cfg
[source] ps1.cfg
[source] ps4.cfg
[source] dialog_optional.cfg
[source] history_sync.cfg
[source] vars.cfg
[source] alias.cfg
[ register ] use
[ register ] use_sh
[01;32m[*][0m : Activated Important stuff 
[-] /home/travis/build/brownman/travis_screencast/SCRIPTS/install_deps.sh
Extracting templates from packages: 93%Extracting templates from packages: 100%
Extracting templates from packages: 55%Extracting templates from packages: 100%
E: Unable to locate package icewease
E: Unable to locate package apt-get
gpg: requesting key EEA14886 from hkp server keyserver.ubuntu.com
gpg: key EEA14886: "Launchpad VLC" not changed
gpg: Total number processed: 1
gpg:              unchanged: 1
gpg: requesting key F4FE239D from hkp server keyserver.ubuntu.com
gpg: key F4FE239D: public key "Launchpad PPA for fossfreedom" imported
gpg: Total number processed: 1
gpg:               imported: 1  (RSA: 1)
/tmp/library.cfg
[source] ps1.cfg
[source] ps4.cfg
[source] dialog_optional.cfg
[source] history_sync.cfg
[source] vars.cfg
[source] alias.cfg
[ register ] use
[ register ] use_sh
[01;32m[*][0m : Activated Important stuff 
[-] /home/travis/build/brownman/travis_screencast/SCRIPTS/debug_screen.sh
[01;34m[*][0m [cmd] xwininfo -root -tree [01;32m[*][0m : 
Xlib:  extension "RANDR" missing on display ":99".
[01;34m[*][0m [cmd] import -window root $dir_product/session.png [01;32m[*][0m : 
/tmp/library.cfg
[source] ps1.cfg
[source] ps4.cfg
/tmp/library.cfg
[source] ps1.cfg
[source] ps4.cfg
[source] dialog_optional.cfg
[source] history_sync.cfg
[source] dialog_optional.cfg
[source] vars.cfg
[source] history_sync.cfg
[source] alias.cfg
[source] vars.cfg
[source] alias.cfg
[ register ] use
[ register ] use_sh
[ register ] use
[01;32m[*][0m : Activated Important stuff 
[-] /home/travis/build/brownman/travis_screencast/SCRIPTS/tests.sh
[ register ] use_sh
[01;32m[*][0m : Activated Important stuff 
[-] /home/travis/build/brownman/travis_screencast/SCRIPTS/record_start.sh
[01;33m[*][0m DISPLAY: :99 [01;34m[*][0m [cmd] test_simple_gui Xlib:  extension "RANDR" missing on display ":99".
[01;34m[*][0m [cmd] recordmydesktop --width 1280 --height 1024 \ --full-shots --fps 15 --channels 1 --device pulse --v_quality 63 --s_quality 10 --v_bitrate 2000000 --no-wm-check --no-cursor --output=$dir_product/session.${media_type} Window size specification out of bounds!(current resolution:1024x768)
[01;31m[*][0m : 
Xlib:  extension "RANDR" missing on display ":99".
[01;34m[*][0m [cmd] test_espeak Xlib:  extension "RANDR" missing on display ":99".
[01;31m[*][0m : 
[01;34m[*][0m [cmd] test_firefox [01;34m[*][0m [cmd] firefox www.youtube.com/watch?v=oHg5SJYRHA0 & Xlib:  extension "RANDR" missing on display ":99".
[01;32m[*][0m : 
Cannot get client list properties. 
(_NET_CLIENT_LIST or _WIN_CLIENT_LIST)
Xlib:  extension "RANDR" missing on display ":99".
[01;34m[*][0m [cmd] sleep 10 [01;34m[*][0m [cmd] test_prototype Cloning into 'prototypes'...
.........[01;34m[*][0m [cmd] use assert .......[01;32m[*][0m : 
........[01;34m[*][0m [cmd] use commander .......[01;32m[*][0m : 
........[01;34m[*][0m [cmd] use print .......[01;32m[*][0m : 
........[01;34m[*][0m [cmd] use pipe_translate res: 0
[cmd] source /tmp/prototypes/LIB/BANK/pipe_translate.cfg
......[01;32m[*][0m : 
........[01;34m[*][0m [cmd] use dialog_optional res: 0
[cmd] source /tmp/prototypes/LIB/BANK/dialog_optional.cfg
......[01;32m[*][0m : 
........[01;34m[*][0m [cmd] use dialog_sleep res: 0
[cmd] source /tmp/prototypes/LIB/BANK/dialog_sleep.cfg
......[01;32m[*][0m : 
........[01;34m[*][0m [cmd] use trace .......[01;32m[*][0m : 
........[01;34m[*][0m [cmd] use flite1 res: 0
[cmd] source /tmp/prototypes/LIB/BANK/flite1.cfg
......[01;32m[*][0m : 
........[01;34m[*][0m [cmd] use translate sh res: 0
[cmd] export builtin_translate=/tmp/prototypes/LIB/BANK/translate.sh
......[01;32m[*][0m : 
........[01;34m[*][0m [cmd] use commitment sh res: 0
[cmd] export builtin_commitment=/tmp/prototypes/LIB/BANK/commitment.sh
......[01;32m[*][0m : 
........[01;34m[*][0m [cmd] use file_update .......[01;32m[*][0m : 
........[01;34m[*][0m [cmd] use indicator .......[01;32m[*][0m : 
........[01;34m[*][0m [cmd] use trace .......[01;32m[*][0m : 
........[01;34m[*][0m [cmd] use ensure .......[01;32m[*][0m : 
........[01;34m[*][0m [cmd] use breaking res: 0
[cmd] source /tmp/prototypes/LIB/BANK/breaking.cfg
......[01;32m[*][0m : 
........[01;34m[*][0m [cmd] /tmp/prototypes/LIB/BANK/commitment.sh 60 res: 0
[cmd] source /tmp/prototypes/LIB/BANK/vars.cfg
....res: 0
[cmd] source /tmp/prototypes/LIB/BANK/dialog_scale.cfg
...........[01;34m[*][0m [cmd] use string_to_buttons sh res: 0
[cmd] export builtin_string_to_buttons=/tmp/prototypes/LIB/BANK/string_to_buttons.sh
......[01;32m[*][0m : 
res: 0
[cmd] source /tmp/prototypes/LIB/BANK/vars.cfg
[01;32m[*][0m : empty line 
[01;32m[*][0m : 
/home/travis/build/brownman/travis_screencast/SCRIPTS/tests.sh: line 1: 13420 Terminated              firefox www.youtube.com/watch?v=oHg5SJYRHA0
[01;32m[*][0m : 
[01;32m[*][0m : 
......[01;32m[*][0m : 
........[01;34m[*][0m [cmd] assert file_exist /tmp/done ........[01;32m[*][0m : 
Stream error: Too large
Stream error: Too large
Stream error: Too large
Stream error: Too large
Stream error: Too large
Stream error: Too large
Stream error: Too large
Stream error: Too large
Stream error: Too large
Stream error: Too large
Stream error: Too large
Stream error: Too large
Stream error: Too large
Stream error: Too large
Stream error: Too large
Stream error: Too large
Stream error: Too large
Stream error: Too large
Stream error: Too large
Stream error: Too large
Stream error: Too large
Stream error: Too large
Stream error: Too large
Stream error: Too large
Stream error: Too large
Stream error: Too large
Stream error: Too large
Stream error: Too large
Stream error: Too large
Stream error: Too large
Stream error: Too large
Stream error: Too large
Stream error: Too large
Stream error: Too large
Stream error: Too large
Stream error: Too large
Stream error: Too large
Stream error: Too large
Stream error: Too large
Stream error: Too large
Stream error: Too large
Stream error: Too large
Stream error: Too large
Stream error: Too large
Stream error: Too large
Stream error: Too large
Stream error: Too large
Stream error: Too large
Stream error: Too large
Stream error: Too large
Stream error: Too large
Stream error: Too large
Stream error: Too large
Stream error: Too large
Stream error: Too large
Stream error: Too large
Stream error: Too large
Stream error: Too large
Stream error: Too large
Stream error: Too large
Stream error: Too large
Stream error: Too large
Stream error: Too large
Stream error: Too large
Stream error: Too large
Stream error: Too large
Stream error: Too large
Stream error: Too large
Stream error: Too large
Stream error: Too large
Stream error: Too large
Stream error: Too large
Stream error: Too large
Stream error: Too large
Stream error: Too large
Stream error: Too large
Stream error: Too large
Stream error: Too large
Stream error: Too large
Stream error: Too large
Stream error: Too large
Stream error: Too large
Stream error: Too large
Stream error: Too large
Stream error: Too large
Stream error: Too large
Stream error: Too large
Stream error: Too large
Stream error: Too large
Stream error: Too large
Stream error: Too large
Stream error: Too large
Stream error: Too large
Stream error: Too large
Stream error: Too large
Stream error: Too large
Stream error: Too large
Stream error: Too large
Stream error: Too large
Stream error: Too large
Stream error: Too large
Stream error: Too large
Stream error: Too large
Stream error: Too large
Stream error: Too large
Stream error: Too large
Stream error: Too large
Stream error: Too large
Stream error: Too large
Stream error: Too large
Stream error: Too large
Stream error: Too large
Stream error: Too large
Stream error: Too large
Stream error: Too large
Stream error: Too large
Stream error: Too large
Stream error: Too large
Stream error: Too large
Stream error: Too large
Stream error: Too large
Stream error: Too large
Stream error: Too large
Stream error: Too large
Stream error: Too large
Stream error: Too large
Stream error: Too large
Stream error: Too large
Stream error: Too large
Stream error: Too large
Stream error: Too large
Stream error: Too large
Stream error: Too large
Stream error: Too large
Stream error: Too large
Stream error: Too large
Stream error: Too large
Stream error: Too large
Stream error: Too large
Stream error: Too large
Stream error: Too large
Stream error: Too large
Stream error: Too large
Stream error: Too large
Stream error: Too large
Stream error: Too large
Stream error: Too large
Stream error: Too large
Connection failure: Connection refused
Stream error: Too large
Stream error: Too large
Stream error: Too large
Stream error: Too large
Stream error: Too large
Stream error: Too large
Stream error: Too large
Stream error: Too large
Stream error: Too large
Stream error: Too large
Stream error: Too large
Stream error: Too large
Stream error: Too large
Stream error: Too large
Stream error: Too large
Stream error: Too large
Stream error: Too large
Stream error: Too large
Stream error: Too large
Stream error: Too large
Stream error: Too large
Stream error: Too large
Stream error: Too large
Stream error: Too large
Stream error: Too large
Stream error: Too large
Stream error: Too large
Stream error: Too large
Stream error: Too large
Stream error: Too large
Stream error: Too large
Stream error: Too large
Stream error: Too large
Stream error: Too large
Stream error: Too large
Stream error: Too large
Stream error: Too large
Stream error: Too large
Stream error: Too large
Stream error: Too large
Stream error: Too large
Stream error: Too large
Stream error: Too large
Stream error: Too large
Stream error: Too large
Stream error: Too large
Stream error: Too large
Stream error: Too large
Stream error: Too large
Stream error: Too large
Stream error: Too large
Stream error: Too large
Stream error: Too large
Stream error: Too large
Stream error: Too large
Stream error: Too large
Stream error: Too large
Stream error: Too large
Stream error: Too large
Stream error: Too large
Stream error: Too large
Stream error: Too large
Stream error: Too large
Stream error: Too large
Stream error: Too large
Stream error: Too large
Stream error: Too large
Stream error: Too large
Stream error: Too large
Stream error: Too large
Stream error: Too large
Stream error: Too large
Stream error: Too large
Stream error: Too large
Stream error: Too large
Stream error: Too large
Stream error: Too large
Stream error: Too large
Stream error: Too large
Stream error: Too large
Stream error: Too large
Stream error: Too large
Stream error: Too large
Stream error: Too large
Stream error: Too large
Stream error: Too large
Stream error: Too large
Stream error: Too large
Stream error: Too large
Stream error: Too large
Stream error: Too large
Stream error: Too large
Stream error: Too large
Stream error: Too large
Stream error: Too large
Stream error: Too large
Stream error: Too large
Stream error: Too large
Stream error: Too large
Stream error: Too large
Stream error: Too large
Stream error: Too large
Stream error: Too large
Stream error: Too large
Stream error: Too large
Stream error: Too large
Stream error: Too large
Stream error: Too large
Stream error: Too large
Stream error: Too large
Stream error: Too large
Stream error: Too large
Stream error: Too large
Stream error: Too large
Stream error: Too large
Stream error: Too large
Stream error: Too large
Stream error: Too large
Stream error: Too large
Stream error: Too large
Stream error: Too large
Stream error: Too large
Stream error: Too large
Stream error: Too large
Stream error: Too large
Stream error: Too large
Stream error: Too large
Stream error: Too large
Stream error: Too large
Stream error: Too large
Stream error: Too large
Stream error: Too large
Stream error: Too large
Stream error: Too large
Stream error: Too large
Stream error: Too large
Stream error: Too large
Stream error: Too large
Stream error: Too large
Stream error: Too large
Stream error: Too large
Stream error: Too large
Stream error: Too large
Stream error: Too large
Stream error: Too large
Stream error: Too large
Stream error: Too large
Stream error: Too large
Stream error: Too large
Stream error: Too large
Stream error: Too large
Stream error: Too large
Stream error: Too large
Stream error: Too large
Stream error: Too large
Stream error: Too large
Stream error: Too large
Stream error: Too large
Stream error: Too large
Stream error: Too large
Stream error: Too large
Stream error: Too large
Stream error: Too large
Stream error: Too large
Stream error: Too large
Stream error: Too large
Stream error: Too large
Stream error: Too large
Stream error: Too large
Stream error: Too large
Stream error: Too large
Stream error: Too large
Stream error: Too large
Stream error: Too large
Stream error: Too large
Stream error: Too large
Stream error: Too large
Stream error: Too large
Stream error: Too large
Stream error: Too large
Stream error: Too large
Stream error: Too large
Stream error: Too large
Stream error: Too large
Stream error: Too large
Stream error: Too large
Stream error: Too large
Stream error: Too large
Stream error: Too large
Stream error: Too large
Stream error: Too large
Stream error: Too large
Stream error: Too large
Stream error: Too large
Stream error: Too large
Stream error: Too large
Stream error: Too large
Stream error: Too large
Stream error: Too large
Stream error: Too large
Stream error: Too large
Stream error: Too large
Stream error: Too large
Stream error: Too large
Stream error: Too large
Stream error: Too large
Stream error: Too large
Stream error: Too large
Stream error: Too large
Stream error: Too large
Stream error: Too large
Stream error: Too large
Stream error: Too large
Stream error: Too large
Stream error: Too large
Stream error: Too large
Stream error: Too large
Stream error: Too large
Stream error: Too large
Stream error: Too large
Stream error: Too large
Stream error: Too large
Stream error: Too large
Stream error: Too large
Stream error: Too large
Stream error: Too large
Stream error: Too large
Stream error: Too large
Stream error: Too large
Stream error: Too large
Stream error: Too large
Stream error: Too large
Stream error: Too large
Stream error: Too large
Stream error: Too large
Stream error: Too large
Stream error: Too large
Stream error: Too large
Stream error: Too large
Stream error: Too large
Stream error: Too large
Stream error: Too large
Stream error: Too large
Stream error: Too large
Stream error: Too large
Stream error: Too large
Stream error: Too large
Stream error: Too large
Stream error: Too large
Stream error: Too large
Stream error: Too large
Stream error: Too large
Stream error: Too large
Stream error: Too large
Stream error: Too large
Stream error: Too large
Stream error: Too large
Stream error: Too large
Stream error: Too large
Stream error: Too large
Stream error: Too large
Stream error: Too large
Stream error: Too large
Stream error: Too large
Stream error: Too large
Stream error: Too large
Stream error: Too large
Stream error: Too large
Stream error: Too large
Stream error: Too large
Stream error: Too large
Stream error: Too large
Stream error: Too large
Stream error: Too large
Stream error: Too large
Stream error: Too large
Stream error: Too large
Stream error: Too large
Stream error: Too large
Stream error: Too large
Stream error: Too large
Stream error: Too large
Stream error: Too large
Stream error: Too large
Stream error: Too large
Stream error: Too large
Stream error: Too large
Stream error: Too large
Stream error: Too large
Stream error: Too large
Stream error: Too large
Stream error: Too large
Stream error: Too large
Stream error: Too large
Stream error: Too large
Stream error: Too large
Stream error: Too large
Stream error: Too large
Stream error: Too large
Stream error: Too large
Stream error: Too large
Stream error: Too large
Stream error: Too large
Stream error: Too large
Stream error: Too large
Stream error: Too large
Stream error: Too large
Stream error: Too large
Stream error: Too large
Stream error: Too large
Stream error: Too large
Stream error: Too large
Stream error: Too large
Stream error: Too large
Stream error: Too large
Stream error: Too large
Stream error: Too large
Stream error: Too large
Stream error: Too large
Stream error: Too large
Stream error: Too large
Stream error: Too large
Stream error: Too large
Stream error: Too large
Stream error: Too large
Stream error: Too large
Stream error: Too large
Stream error: Too large
Stream error: Too large
Stream error: Too large
Stream error: Too large
Stream error: Too large
Stream error: Too large
Stream error: Too large
Stream error: Too large
Stream error: Too large
Stream error: Too large
Stream error: Too large
Stream error: Too large
Stream error: Too large
Stream error: Too large
Stream error: Too large
Stream error: Too large
Stream error: Too large
Stream error: Too large
Stream error: Too large
Stream error: Too large
Stream error: Too large
Stream error: Too large
Stream error: Too large
Stream error: Too large
Stream error: Too large
Stream error: Too large
Stream error: Too large
Stream error: Too large
Stream error: Too large
Stream error: Too large
Stream error: Too large
Stream error: Too large
Stream error: Too large
Stream error: Too large
Stream error: Too large
Stream error: Too large
Stream error: Too large
Stream error: Too large
Stream error: Too large
Stream error: Too large
Stream error: Too large
Stream error: Too large
Stream error: Too large
Stream error: Too large
Stream error: Too large
Stream error: Too large
Stream error: Too large
Stream error: Too large
Stream error: Too large
Stream error: Too large
Stream error: Too large
Stream error: Too large
Stream error: Too large
Stream error: Too large
Stream error: Too large
Stream error: Too large
Stream error: Too large
Stream error: Too large
Stream error: Too large
Stream error: Too large
Stream error: Too large
Stream error: Too large
Stream error: Too large
Stream error: Too large
Stream error: Too large
Stream error: Too large
Stream error: Too large
Stream error: Too large
Stream error: Too large
Stream error: Too large
Stream error: Too large
Stream error: Too large
Stream error: Too large
Stream error: Too large
Stream error: Too large
Stream error: Too large
Stream error: Too large
Stream error: Too large
Stream error: Too large
Stream error: Too large
Stream error: Too large
Stream error: Too large
Stream error: Too large
Stream error: Too large
Stream error: Too large
Stream error: Too large
Stream error: Too large
Stream error: Too large
Stream error: Too large
Stream error: Too large
Stream error: Too large
Stream error: Too large
Stream error: Too large
Stream error: Too large
Stream error: Too large
Stream error: Too large
Stream error: Too large
Stream error: Too large
Stream error: Too large
Stream error: Too large
Stream error: Too large
Stream error: Too large
Stream error: Too large
Stream error: Too large
Stream error: Too large
Stream error: Too large
Stream error: Too large
Stream error: Too large
Stream error: Too large
Stream error: Too large
Stream error: Too large
Stream error: Too large
Stream error: Too large
Stream error: Too large
Stream error: Too large
Stream error: Too large
Stream error: Too large
Stream error: Too large
Stream error: Too large
Stream error: Too large
Stream error: Too large
Stream error: Too large
Stream error: Too large
Stream error: Too large
Stream error: Too large
Stream error: Too large
Stream error: Too large
Stream error: Too large
Stream error: Too large
Stream error: Too large
Stream error: Too large
Stream error: Too large
Stream error: Too large
Stream error: Too large
Stream error: Too large
Stream error: Too large
Stream error: Too large
Stream error: Too large
Stream error: Too large
Stream error: Too large
Stream error: Too large
Stream error: Too large
Stream error: Too large
Stream error: Too large
Stream error: Too large
Stream error: Too large
Stream error: Too large
Stream error: Too large
Stream error: Too large
Stream error: Too large
Stream error: Too large
Stream error: Too large
Stream error: Too large
Stream error: Too large
Stream error: Too large
Stream error: Too large
Stream error: Too large
Stream error: Too large
Stream error: Too large
Stream error: Too large
Stream error: Too large
Stream error: Too large
Stream error: Too large
Stream error: Too large
Stream error: Too large
Stream error: Too large
Stream error: Too large
Stream error: Too large
Stream error: Too large
Stream error: Too large
Stream error: Too large
Stream error: Too large
Stream error: Too large
Stream error: Too large
Stream error: Too large
Stream error: Too large
Stream error: Too large
Stream error: Too large
Stream error: Too large
Stream error: Too large
Stream error: Too large
Stream error: Too large
Stream error: Too large
Stream error: Too large
Stream error: Too large
Stream error: Too large
Stream error: Too large
Stream error: Too large
Stream error: Too large
Stream error: Too large
Stream error: Too large
Stream error: Too large
Stream error: Too large
Stream error: Too large
Stream error: Too large
Stream error: Too large
Stream error: Too large
Stream error: Too large
Stream error: Too large
Stream error: Too large
Stream error: Too large
Stream error: Too large
Stream error: Too large
Stream error: Too large
Stream error: Too large
Stream error: Too large
Stream error: Too large
Stream error: Too large
Stream error: Too large
Stream error: Too large
Stream error: Too large
Stream error: Too large
Stream error: Too large
Stream error: Too large
Stream error: Too large
Stream error: Too large
Stream error: Too large
Stream error: Too large
Stream error: Too large
Stream error: Too large
Stream error: Too large
Stream error: Too large
Stream error: Too large
Stream error: Too large
Stream error: Too large
Stream error: Too large
Stream error: Too large
Stream error: Too large
Stream error: Too large
Stream error: Too large
Stream error: Too large
Stream error: Too large
Stream error: Too large
Stream error: Too large
Stream error: Too large
Stream error: Too large
Stream error: Too large
Stream error: Too large
Stream error: Too large
Stream error: Too large
Stream error: Too large
Stream error: Too large
Connection failure: Connection refused
Connection failure: Connection refused
Stream error: Too large
Stream error: Too large
Stream error: Too large
Stream error: Too large
Stream error: Too large
Stream error: Too large
Stream error: Too large
Stream error: Too large
Stream error: Too large
Stream error: Too large
Stream error: Too large
Stream error: Too large
Stream error: Too large
Stream error: Too large
Stream error: Too large
Stream error: Too large
Stream error: Too large
Stream error: Too large
Stream error: Too large
Stream error: Too large
Stream error: Too large
Stream error: Too large
Stream error: Too large
Stream error: Too large
Stream error: Too large
Stream error: Too large
Stream error: Too large
Stream error: Too large
Stream error: Too large
Stream error: Too large
Stream error: Too large
Stream error: Too large
Stream error: Too large
Stream error: Too large
Stream error: Too large
Stream error: Too large
Stream error: Too large
Stream error: Too large
Stream error: Too large
Stream error: Too large
Stream error: Too large
Stream error: Too large
Stream error: Too large
Stream error: Too large
Stream error: Too large
Stream error: Too large
Stream error: Too large
Stream error: Too large
Stream error: Too large
Stream error: Too large
Stream error: Too large
Stream error: Too large
Stream error: Too large
Stream error: Too large
Stream error: Too large
Stream error: Too large
Stream error: Too large
Stream error: Too large
Stream error: Too large
Stream error: Too large
Stream error: Too large
Stream error: Too large
Stream error: Too large
Stream error: Too large
Stream error: Too large
Stream error: Too large
Stream error: Too large
Stream error: Too large
Stream error: Too large
Stream error: Too large
Stream error: Too large
Stream error: Too large
Stream error: Too large
Stream error: Too large
Stream error: Too large
Stream error: Too large
Stream error: Too large
Stream error: Too large
Stream error: Too large
Stream error: Too large
Stream error: Too large
Stream error: Too large
Stream error: Too large
Stream error: Too large
Stream error: Too large
Stream error: Too large
Stream error: Too large
Stream error: Too large
Stream error: Too large
Stream error: Too large
Stream error: Too large
Stream error: Too large
Stream error: Too large
Stream error: Too large
Stream error: Too large
Stream error: Too large
Stream error: Too large
Stream error: Too large
Stream error: Too large
Stream error: Too large
Stream error: Too large
Stream error: Too large
Stream error: Too large
Stream error: Too large
Stream error: Too large
Stream error: Too large
Stream error: Too large
Stream error: Too large
Stream error: Too large
Stream error: Too large
Stream error: Too large
Stream error: Too large
Stream error: Too large
Stream error: Too large
Stream error: Too large
Stream error: Too large
Stream error: Too large
Stream error: Too large
Stream error: Too large
Stream error: Too large
Stream error: Too large
Stream error: Too large
Stream error: Too large
Stream error: Too large
Stream error: Too large
Stream error: Too large
Stream error: Too large
Stream error: Too large
Stream error: Too large
Stream error: Too large
Stream error: Too large
Stream error: Too large
Stream error: Too large
Stream error: Too large
Stream error: Too large
Stream error: Too large
Stream error: Too large
Stream error: Too large
Stream error: Too large
Stream error: Too large
Stream error: Too large
Stream error: Too large
Stream error: Too large
Stream error: Too large
Connection failure: Connection refused
Stream error: Too large
Stream error: Too large
Stream error: Too large
Stream error: Too large
Stream error: Too large
Stream error: Too large
Stream error: Too large
Stream error: Too large
Stream error: Too large
Stream error: Too large
Stream error: Too large
Stream error: Too large
Stream error: Too large
Stream error: Too large
Stream error: Too large
Stream error: Too large
Stream error: Too large
Stream error: Too large
Stream error: Too large
Stream error: Too large
Stream error: Too large
Stream error: Too large
Stream error: Too large
Stream error: Too large
Stream error: Too large
Stream error: Too large
Stream error: Too large
Stream error: Too large
Stream error: Too large
Stream error: Too large
Stream error: Too large
Stream error: Too large
Stream error: Too large
Stream error: Too large
Stream error: Too large
Stream error: Too large
Stream error: Too large
Stream error: Too large
Stream error: Too large
Stream error: Too large
Stream error: Too large
Stream error: Too large
Stream error: Too large
Stream error: Too large
Stream error: Too large
Stream error: Too large
Stream error: Too large
Stream error: Too large
Stream error: Too large
Stream error: Too large
Stream error: Too large
Stream error: Too large
Stream error: Too large
Stream error: Too large
Stream error: Too large
Stream error: Too large
Stream error: Too large
Stream error: Too large
Stream error: Too large
Stream error: Too large
Stream error: Too large
Stream error: Too large
Stream error: Too large
Stream error: Too large
Stream error: Too large
Stream error: Too large
Stream error: Too large
Stream error: Too large
Stream error: Too large
Stream error: Too large
Stream error: Too large
Stream error: Too large
Stream error: Too large
Stream error: Too large
Stream error: Too large
Stream error: Too large
Stream error: Too large
Stream error: Too large
Stream error: Too large
Stream error: Too large
Stream error: Too large
Stream error: Too large
Stream error: Too large
Stream error: Too large
Stream error: Too large
Stream error: Too large
Stream error: Too large
Stream error: Too large
Stream error: Too large
Stream error: Too large
Stream error: Too large
Stream error: Too large
Stream error: Too large
Stream error: Too large
Stream error: Too large
Stream error: Too large
Stream error: Too large
Stream error: Too large
Stream error: Too large
Stream error: Too large
Stream error: Too large
Stream error: Too large
Stream error: Too large
Stream error: Too large
Stream error: Too large
Stream error: Too large
Stream error: Too large
Stream error: Too large
Stream error: Too large
Stream error: Too large
Stream error: Too large
Stream error: Too large
Stream error: Too large
Stream error: Too large
Stream error: Too large
Stream error: Too large
Stream error: Too large
Stream error: Too large
Stream error: Too large
Stream error: Too large
Stream error: Too large
Stream error: Too large
Stream error: Too large
Stream error: Too large
Stream error: Too large
Stream error: Too large
Stream error: Too large
Stream error: Too large
Stream error: Too large
Stream error: Too large
Stream error: Too large
Stream error: Too large
Stream error: Too large
Stream error: Too large
Stream error: Too large
Stream error: Too large
Stream error: Too large
Stream error: Too large
Stream error: Too large
Stream error: Too large
Stream error: Too large
Stream error: Too large
Stream error: Too large
Stream error: Too large
Stream error: Too large
Stream error: Too large
Stream error: Too large
Stream error: Too large
Stream error: Too large
Stream error: Too large
Stream error: Too large
Stream error: Too large
Stream error: Too large
Stream error: Too large
Stream error: Too large
Stream error: Too large
Stream error: Too large
Stream error: Too large
Stream error: Too large
Stream error: Too large
Stream error: Too large
Stream error: Too large
Stream error: Too large
Stream error: Too large
Stream error: Too large
Stream error: Too large
Stream error: Too large
Stream error: Too large
Stream error: Too large
Stream error: Too large
Stream error: Too large
Stream error: Too large
Stream error: Too large
Stream error: Too large
Stream error: Too large
Stream error: Too large
Stream error: Too large
Stream error: Too large
Stream error: Too large
Stream error: Too large
Stream error: Too large
Stream error: Too large
Stream error: Too large
Stream error: Too large
Stream error: Too large
Stream error: Too large
Stream error: Too large
Stream error: Too large
Stream error: Too large
Stream error: Too large
Stream error: Too large
Stream error: Too large
Stream error: Too large
Stream error: Too large
Stream error: Too large
Stream error: Too large
Stream error: Too large
Stream error: Too large
Stream error: Too large
Stream error: Too large
Stream error: Too large
Stream error: Too large
Stream error: Too large
Stream error: Too large
Stream error: Too large
Stream error: Too large
Stream error: Too large
Stream error: Too large
Stream error: Too large
Stream error: Too large
Stream error: Too large
Stream error: Too large
Stream error: Too large
Stream error: Too large
Stream error: Too large
Stream error: Too large
Stream error: Too large
Stream error: Too large
Stream error: Too large
Stream error: Too large
Stream error: Too large
Stream error: Too large
Stream error: Too large
Stream error: Too large
Stream error: Too large
Stream error: Too large
Stream error: Too large
Stream error: Too large
Stream error: Too large
Stream error: Too large
Stream error: Too large
Stream error: Too large
Stream error: Too large
Stream error: Too large
Stream error: Too large
Stream error: Too large
Stream error: Too large
Stream error: Too large
Stream error: Too large
Stream error: Too large
Stream error: Too large
Stream error: Too large
Stream error: Too large
Stream error: Too large
Stream error: Too large
Stream error: Too large
Stream error: Too large
Stream error: Too large
Stream error: Too large
Stream error: Too large
Stream error: Too large
Stream error: Too large
Stream error: Too large
Stream error: Too large
Stream error: Too large
Stream error: Too large
Stream error: Too large
Stream error: Too large
Stream error: Too large
Stream error: Too large
Stream error: Too large
Stream error: Too large
Stream error: Too large
Stream error: Too large
Stream error: Too large
Stream error: Too large
Stream error: Too large
Stream error: Too large
Stream error: Too large
recordmydesktop: no process found
Stream error: Too large
Stream error: Too large
Stream error: Too large
Stream error: Too large
Stream error: Too large
/tmp/library.cfg
[source] ps1.cfg
[source] ps4.cfg
[source] dialog_optional.cfg
[source] history_sync.cfg
Stream error: Too large
Stream error: Too large
Stream error: Too large
Stream error: Too large
Stream error: Too large
Stream error: Too large
Stream error: Too large
Stream error: Too large
Stream error: Too large
Stream error: Too large
Stream error: Too large
Stream error: Too large
Stream error: Too large
Stream error: Too large
[source] vars.cfg
Stream error: Too large
Stream error: Too large
[source] alias.cfg
Stream error: Too large
Stream error: Too large
Stream error: Too large
[ register ] use
Stream error: Too large
Stream error: Too large
[ register ] use_sh
Stream error: Too large
Stream error: Too large
[01;32m[*][0m : Activated Important stuff 
[-] /home/travis/build/brownman/travis_screencast/SCRIPTS/push_to_github.sh
Stream error: Too large
Stream error: Too large
Stream error: Too large
Stream error: Too large
Stream error: Too large
Stream error: Too large
Stream error: Too large
Stream error: Too large
Stream error: Too large
Stream error: Too large
Stream error: Too large
Stream error: Too large
Stream error: Too large
Stream error: Too large
Stream error: Too large
Stream error: Too large
Stream error: Too large
Stream error: Too large
Stream error: Too large
Stream error: Too large
Stream error: Too large
Stream error: Too large
Stream error: Too large
Stream error: Too large
Stream error: Too large
Stream error: Too large
Stream error: Too large
Stream error: Too large
Stream error: Too large
Stream error: Too large
Stream error: Too large
Stream error: Too large
Stream error: Too large
Stream error: Too large
Stream error: Too large
Stream error: Too large
Stream error: Too large
Stream error: Too large
Stream error: Too large
Stream error: Too large
Stream error: Too large
Stream error: Too large
Stream error: Too large
Stream error: Too large
Stream error: Too large
Stream error: Too large
Stream error: Too large
Stream error: Too large
Stream error: Too large
Stream error: Too large
Stream error: Too large
Stream error: Too large
Stream error: Too large
Stream error: Too large
Stream error: Too large
Stream error: Too large
Stream error: Too large
Stream error: Too large
Stream error: Too large
Stream error: Too large
Stream error: Too large
Stream error: Too large
Stream error: Too large
Stream error: Too large
Stream error: Too large
Stream error: Too large
Stream error: Too large
Stream error: Too large
Stream error: Too large
Stream error: Too large
Stream error: Too large
Stream error: Too large
Stream error: Too large
Stream error: Too large
Stream error: Too large
Stream error: Too large
Stream error: Too large
Stream error: Too large
Stream error: Too large
Stream error: Too large
Stream error: Too large
Stream error: Too large
Stream error: Too large
Stream error: Too large
Stream error: Too large
Stream error: Too large
Stream error: Too large
Stream error: Too large
Stream error: Too large
Stream error: Too large
Stream error: Too large
Stream error: Too large
Stream error: Too large
Stream error: Too large
Stream error: Too large
Stream error: Too large
Stream error: Too large
Stream error: Too large
Stream error: Too large
Stream error: Too large
Stream error: Too large
Stream error: Too large
Stream error: Too large
Stream error: Too large
Stream error: Too large
Stream error: Too large
Stream error: Too large
Stream error: Too large
Stream error: Too large
Stream error: Too large
Stream error: Too large
Stream error: Too large
Stream error: Too large
Stream error: Too large
Stream error: Too large
