/tmp/library.cfg
[source] ps1.cfg
[source] ps4.cfg
[source] dialog_optional.cfg
[source] history_sync.cfg
[source] vars.cfg
[source] alias.cfg
[ register ] use
[ register ] use_sh
[01;32m[*][0m : Activated Important stuff 
[-] /home/travis/build/brownman/travis_screencast/FFMPEG/record.sh
[01;34m[*][0m [cmd] ffmpeg -f x11grab -r 25 -s 1024x768 -i :99 -vcodec huffyuv /tmp/PRODUCT/screencast.avi FFmpeg version 0.6, Copyright (c) 2000-2010 the FFmpeg developers
  built on Sep 27 2014 15:12:02 with gcc 4.6.3
  configuration: --enable-x11grab --enable-gpl --enable-nonfree --extra-cflags='-I/opt/local/include -I/opt/local/include/X11' --extra-ldflags=-L/opt/local/lib
  libavutil     50.15. 1 / 50.15. 1
  libavcodec    52.72. 2 / 52.72. 2
  libavformat   52.64. 2 / 52.64. 2
  libavdevice   52. 2. 0 / 52. 2. 0
  libswscale     0.11. 0 /  0.11. 0
[x11grab @ 0x2a78420]device: :99 -> display: :99 x: 0 y: 0 width: 1024 height: 768
[x11grab @ 0x2a78420]shared memory extension  found
X Error of failed request:  BadCursor (invalid Cursor parameter)
  Major opcode of failed request:  142 (XFIXES)
  Minor opcode of failed request:  25 (XFixesGetCursorImageAndName)
  Resource id in failed request:  0xa00001
  Serial number of failed request:  14
  Current serial number in output stream:  14
[01;31m[*][0m : 
