Starting to update gh-pages




rm 'build/822/log.txt'
rm 'build/822/log/debug_screen.out'
rm 'build/822/log/push_to_github.out'
rm 'build/822/log/record.out'
rm 'build/822/log/task.out'
rm 'build/822/log/x11.out'
rm 'build/822/media/session.mp4'
rm 'build/822/media/session.ogv'
rm 'build/822/media/session.png'
rm 'build/822/media/session.webm'
rm 'build/827/log.txt'
rm 'build/827/log/debug_screen.err'
rm 'build/827/log/debug_screen.out'
rm 'build/827/log/push_to_github.err'
rm 'build/827/log/push_to_github.out'
rm 'build/827/log/record.err'
rm 'build/827/log/record.out'
rm 'build/827/log/task.err'
rm 'build/827/log/task.out'
rm 'build/827/log/x11.err'
rm 'build/827/log/x11.out'
rm 'build/827/media/session.mp4'
rm 'build/827/media/session.ogv'
rm 'build/827/media/session.png'
rm 'build/827/media/session.webm'
rm 'build/835/log.txt'
rm 'build/835/log/debug_screen.err'
rm 'build/835/log/debug_screen.out'
rm 'build/835/log/push_to_github.err'
rm 'build/835/log/push_to_github.out'
rm 'build/835/log/record.err'
rm 'build/835/log/record.out'
rm 'build/835/log/task.err'
rm 'build/835/log/task.out'
rm 'build/835/log/x11.err'
rm 'build/835/log/x11.out'
rm 'build/835/media/session.mp4'
rm 'build/835/media/session.ogv'
rm 'build/835/media/session.png'
rm 'build/835/media/session.webm'
rm 'build/836/log.txt'
rm 'build/836/log/debug_screen.err'
rm 'build/836/log/debug_screen.out'
rm 'build/836/log/push_to_github.err'
rm 'build/836/log/push_to_github.out'
rm 'build/836/log/record.err'
rm 'build/836/log/record.out'
rm 'build/836/log/task.err'
rm 'build/836/log/task.out'
rm 'build/836/log/x11.err'
rm 'build/836/log/x11.out'
rm 'build/836/media/session.mp4'
rm 'build/836/media/session.ogv'
rm 'build/836/media/session.png'
rm 'build/836/media/session.webm'
rm 'build/837/log.txt'
rm 'build/837/log/debug_screen.err'
rm 'build/837/log/debug_screen.out'
rm 'build/837/log/push_to_github.err'
rm 'build/837/log/push_to_github.out'
rm 'build/837/log/record.err'
rm 'build/837/log/record.out'
rm 'build/837/log/task.err'
rm 'build/837/log/task.out'
rm 'build/837/log/x11.err'
rm 'build/837/log/x11.out'
rm 'build/837/media/session.mp4'
rm 'build/837/media/session.ogv'
rm 'build/837/media/session.png'
rm 'build/837/media/session.webm'
rm 'build/838/log.txt'
rm 'build/838/log/debug_screen.err'
rm 'build/838/log/debug_screen.out'
rm 'build/838/log/push_to_github.err'
rm 'build/838/log/push_to_github.out'
rm 'build/838/log/record.err'
rm 'build/838/log/record.out'
rm 'build/838/log/task.err'
rm 'build/838/log/task.out'
rm 'build/838/log/x11.err'
rm 'build/838/log/x11.out'
rm 'build/838/media/session.mp4'
rm 'build/838/media/session.ogv'
rm 'build/838/media/session.png'
rm 'build/838/media/session.webm'
rm 'build/839/log.txt'
rm 'build/839/log/debug_screen.err'
rm 'build/839/log/debug_screen.out'
rm 'build/839/log/push_to_github.err'
rm 'build/839/log/push_to_github.out'
rm 'build/839/log/record.err'
rm 'build/839/log/record.out'
rm 'build/839/log/task.err'
rm 'build/839/log/task.out'
rm 'build/839/log/x11.err'
rm 'build/839/log/x11.out'
rm 'build/839/media/session.mp4'
rm 'build/839/media/session.ogv'
rm 'build/839/media/session.png'
rm 'build/839/media/session.webm'
rm 'build/840/log.txt'
rm 'build/840/log/debug_screen.err'
rm 'build/840/log/debug_screen.out'
rm 'build/840/log/push_to_github.err'
rm 'build/840/log/push_to_github.out'
rm 'build/840/log/record.err'
rm 'build/840/log/record.out'
rm 'build/840/log/task.err'
rm 'build/840/log/task.out'
rm 'build/840/log/x11.err'
rm 'build/840/log/x11.out'
rm 'build/840/media/session.mp4'
rm 'build/840/media/session.ogv'
rm 'build/840/media/session.png'
rm 'build/840/media/session.webm'
rm 'build/841/log.txt'
rm 'build/841/log/debug_screen.err'
rm 'build/841/log/debug_screen.out'
rm 'build/841/log/push_to_github.err'
rm 'build/841/log/push_to_github.out'
rm 'build/841/log/record.err'
rm 'build/841/log/record.out'
rm 'build/841/log/task.err'
rm 'build/841/log/task.out'
rm 'build/841/log/x11.err'
rm 'build/841/log/x11.out'
rm 'build/841/media/session.mp4'
rm 'build/841/media/session.ogv'
rm 'build/841/media/session.png'
rm 'build/841/media/session.webm'
rm 'build/842/log.txt'
rm 'build/842/log/debug_screen.err'
rm 'build/842/log/debug_screen.out'
rm 'build/842/log/push_to_github.err'
rm 'build/842/log/push_to_github.out'
rm 'build/842/log/record.err'
rm 'build/842/log/record.out'
rm 'build/842/log/task.err'
rm 'build/842/log/task.out'
rm 'build/842/log/x11.err'
rm 'build/842/log/x11.out'
rm 'build/842/media/session.mp4'
rm 'build/842/media/session.ogv'
rm 'build/842/media/session.png'
rm 'build/842/media/session.webm'
rm 'build/843/log.txt'
rm 'build/843/log/debug_screen.err'
rm 'build/843/log/debug_screen.out'
rm 'build/843/log/push_to_github.err'
rm 'build/843/log/push_to_github.out'
rm 'build/843/log/record.err'
rm 'build/843/log/record.out'
rm 'build/843/log/task.err'
rm 'build/843/log/task.out'
rm 'build/843/log/x11.err'
rm 'build/843/log/x11.out'
rm 'build/843/media/session.mp4'
rm 'build/843/media/session.ogv'
rm 'build/843/media/session.png'
rm 'build/843/media/session.webm'
rm 'build/844/log.txt'
rm 'build/844/log/debug_screen.err'
rm 'build/844/log/debug_screen.out'
rm 'build/844/log/push_to_github.err'
rm 'build/844/log/push_to_github.out'
rm 'build/844/log/record.err'
rm 'build/844/log/record.out'
rm 'build/844/log/task.err'
rm 'build/844/log/task.out'
rm 'build/844/log/x11.err'
rm 'build/844/log/x11.out'
rm 'build/844/media/session.mp4'
rm 'build/844/media/session.ogv'
rm 'build/844/media/session.png'
rm 'build/844/media/session.webm'
rm 'build/845/log.txt'
rm 'build/845/log/capture.err'
rm 'build/845/log/capture.out'
rm 'build/845/log/debug_screen.err'
rm 'build/845/log/debug_screen.out'
rm 'build/845/log/push_to_github.err'
rm 'build/845/log/push_to_github.out'
rm 'build/845/log/record.err'
rm 'build/845/log/record.out'
rm 'build/845/log/task.err'
rm 'build/845/log/task.out'
rm 'build/845/log/x11.err'
rm 'build/845/log/x11.out'
rm 'build/845/media/00.png'
rm 'build/845/media/34.png'
rm 'build/845/media/38.png'
rm 'build/845/media/41.png'
rm 'build/845/media/44.png'
rm 'build/845/media/47.png'
rm 'build/845/media/50.png'
rm 'build/845/media/53.png'
rm 'build/845/media/56.png'
rm 'build/845/media/session.mp4'
rm 'build/845/media/session.ogv'
rm 'build/845/media/session.png'
rm 'build/845/media/session.webm'
rm 'build/846/log.txt'
rm 'build/846/log/capture.err'
rm 'build/846/log/capture.out'
rm 'build/846/log/debug_screen.err'
rm 'build/846/log/debug_screen.out'
rm 'build/846/log/push_to_github.err'
rm 'build/846/log/push_to_github.out'
rm 'build/846/log/record.err'
rm 'build/846/log/record.out'
rm 'build/846/log/task.err'
rm 'build/846/log/task.out'
rm 'build/846/log/x11.err'
rm 'build/846/log/x11.out'
rm 'build/846/media/00.png'
rm 'build/846/media/03.png'
rm 'build/846/media/06.png'
rm 'build/846/media/37.png'
rm 'build/846/media/41.png'
rm 'build/846/media/44.png'
rm 'build/846/media/47.png'
rm 'build/846/media/51.png'
rm 'build/846/media/54.png'
rm 'build/846/media/57.png'
rm 'build/846/media/session.mp4'
rm 'build/846/media/session.ogv'
rm 'build/846/media/session.png'
rm 'build/846/media/session.webm'
rm 'build/847/log.txt'
rm 'build/847/log/capture.err'
rm 'build/847/log/capture.out'
rm 'build/847/log/debug_screen.err'
rm 'build/847/log/debug_screen.out'
rm 'build/847/log/push_to_github.err'
rm 'build/847/log/push_to_github.out'
rm 'build/847/log/record.err'
rm 'build/847/log/record.out'
rm 'build/847/log/task.err'
rm 'build/847/log/task.out'
rm 'build/847/log/x11.err'
rm 'build/847/log/x11.out'
rm 'build/847/media/15.png'
rm 'build/847/media/19.png'
rm 'build/847/media/22.png'
rm 'build/847/media/25.png'
rm 'build/847/media/28.png'
rm 'build/847/media/31.png'
rm 'build/847/media/35.png'
rm 'build/847/media/38.png'
rm 'build/847/media/41.png'
rm 'build/847/media/44.png'
rm 'build/847/media/48.png'
rm 'build/847/media/51.png'
rm 'build/847/media/session.mp4'
rm 'build/847/media/session.ogv'
rm 'build/847/media/session.png'
rm 'build/847/media/session.webm'
rm 'build/848/log.txt'
rm 'build/848/log/capture.err'
rm 'build/848/log/capture.out'
rm 'build/848/log/debug_screen.err'
rm 'build/848/log/debug_screen.out'
rm 'build/848/log/push_to_github.err'
rm 'build/848/log/push_to_github.out'
rm 'build/848/log/record.err'
rm 'build/848/log/record.out'
rm 'build/848/log/task.err'
rm 'build/848/log/task.out'
rm 'build/848/log/x11.err'
rm 'build/848/log/x11.out'
rm 'build/848/media/00.png'
rm 'build/848/media/03.png'
rm 'build/848/media/06.png'
rm 'build/848/media/10.png'
rm 'build/848/media/13.png'
rm 'build/848/media/16.png'
rm 'build/848/media/47.png'
rm 'build/848/media/50.png'
rm 'build/848/media/54.png'
rm 'build/848/media/57.png'
rm 'build/848/media/session.mp4'
rm 'build/848/media/session.ogv'
rm 'build/848/media/session.png'
rm 'build/848/media/session.webm'
rm 'build/855/log.txt'
rm 'build/855/log/capture.err'
rm 'build/855/log/capture.out'
rm 'build/855/log/debug_screen.err'
rm 'build/855/log/debug_screen.out'
rm 'build/855/log/push_to_github.err'
rm 'build/855/log/push_to_github.out'
rm 'build/855/log/record.err'
rm 'build/855/log/record.out'
rm 'build/855/log/task.err.md'
rm 'build/855/log/task.out'
rm 'build/855/log/x11.err'
rm 'build/855/log/x11.out'
rm 'build/855/media/30.png'
rm 'build/855/media/33.png'
rm 'build/855/media/36.png'
rm 'build/855/media/40.png'
rm 'build/855/media/43.png'
rm 'build/855/media/46.png'
rm 'build/855/media/49.png'
rm 'build/855/media/52.png'
rm 'build/855/media/56.png'
rm 'build/855/media/session.mp4'
rm 'build/855/media/session.ogv'
rm 'build/855/media/session.png'
rm 'build/855/media/session.webm'
rm 'build/857/log.txt'
rm 'build/857/log/capture.err'
rm 'build/857/log/capture.out'
rm 'build/857/log/debug_screen.err'
rm 'build/857/log/debug_screen.out'
rm 'build/857/log/push_to_github.err'
rm 'build/857/log/push_to_github.out'
rm 'build/857/log/record.err'
rm 'build/857/log/record.out'
rm 'build/857/log/task.err'
rm 'build/857/log/task.out'
rm 'build/857/log/x11.err'
rm 'build/857/log/x11.out'
rm 'build/857/media/19.png'
rm 'build/857/media/23.png'
rm 'build/857/media/26.png'
rm 'build/857/media/29.png'
rm 'build/857/media/32.png'
rm 'build/857/media/35.png'
rm 'build/857/media/39.png'
rm 'build/857/media/42.png'
rm 'build/857/media/45.png'
rm 'build/857/media/session.mp4'
rm 'build/857/media/session.ogv'
rm 'build/857/media/session.png'
rm 'build/857/media/session.webm'
rm 'build/858/log.txt'
rm 'build/858/log/capture.err'
rm 'build/858/log/capture.out'
rm 'build/858/log/debug_screen.err'
rm 'build/858/log/debug_screen.out'
rm 'build/858/log/push_to_github.err'
rm 'build/858/log/push_to_github.out'
rm 'build/858/log/record.err'
rm 'build/858/log/record.out'
rm 'build/858/log/task.err'
rm 'build/858/log/task.out'
rm 'build/858/log/x11.err'
rm 'build/858/log/x11.out'
rm 'build/858/media/00.png'
rm 'build/858/media/03.png'
rm 'build/858/media/07.png'
rm 'build/858/media/29.png'
rm 'build/858/media/33.png'
rm 'build/858/media/36.png'
rm 'build/858/media/40.png'
rm 'build/858/media/43.png'
rm 'build/858/media/46.png'
rm 'build/858/media/50.png'
rm 'build/858/media/53.png'
rm 'build/858/media/57.png'
rm 'build/858/media/session.mp4'
rm 'build/858/media/session.ogv'
rm 'build/858/media/session.png'
rm 'build/858/media/session.webm'
rm 'build/859/log.txt'
rm 'build/859/log/capture.err'
rm 'build/859/log/capture.out'
rm 'build/859/log/debug_screen.err'
rm 'build/859/log/debug_screen.out'
rm 'build/859/log/push_to_github.err'
rm 'build/859/log/push_to_github.out'
rm 'build/859/log/record.err'
rm 'build/859/log/record.out'
rm 'build/859/log/task.err'
rm 'build/859/log/task.out'
rm 'build/859/log/x11.err'
rm 'build/859/log/x11.out'
rm 'build/859/media/00.png'
rm 'build/859/media/03.png'
rm 'build/859/media/07.png'
rm 'build/859/media/41.png'
rm 'build/859/media/44.png'
rm 'build/859/media/48.png'
rm 'build/859/media/51.png'
rm 'build/859/media/54.png'
rm 'build/859/media/57.png'
rm 'build/859/media/session.mp4'
rm 'build/859/media/session.ogv'
rm 'build/859/media/session.png'
rm 'build/859/media/session.webm'
rm 'build/860/log.txt'
rm 'build/860/log/capture.err'
rm 'build/860/log/capture.out'
rm 'build/860/log/debug_screen.err'
rm 'build/860/log/debug_screen.out'
rm 'build/860/log/push_to_github.err'
rm 'build/860/log/push_to_github.out'
rm 'build/860/log/record.err'
rm 'build/860/log/record.out'
rm 'build/860/log/task.err'
rm 'build/860/log/task.out'
rm 'build/860/log/x11.err'
rm 'build/860/log/x11.out'
rm 'build/860/media/01.png'
rm 'build/860/media/04.png'
rm 'build/860/media/08.png'
rm 'build/860/media/11.png'
rm 'build/860/media/18.png'
rm 'build/860/media/21.png'
rm 'build/860/media/24.png'
rm 'build/860/media/28.png'
rm 'build/860/media/31.png'
rm 'build/860/media/34.png'
rm 'build/860/media/38.png'
rm 'build/860/media/41.png'
rm 'build/860/media/44.png'
rm 'build/860/media/48.png'
rm 'build/860/media/51.png'
rm 'build/860/media/54.png'
rm 'build/860/media/58.png'
rm 'build/860/media/session.mp4'
rm 'build/860/media/session.ogv'
rm 'build/860/media/session.png'
rm 'build/860/media/session.webm'
rm 'build/861/log.txt'
rm 'build/861/log/capture.err'
rm 'build/861/log/capture.out'
rm 'build/861/log/debug_screen.err'
rm 'build/861/log/debug_screen.out'
rm 'build/861/log/push_to_github.err'
rm 'build/861/log/push_to_github.out'
rm 'build/861/log/record.err'
rm 'build/861/log/record.out'
rm 'build/861/log/task.err'
rm 'build/861/log/task.out'
rm 'build/861/log/x11.err'
rm 'build/861/log/x11.out'
rm 'build/861/media/00.png'
rm 'build/861/media/04.png'
rm 'build/861/media/07.png'
rm 'build/861/media/11.png'
rm 'build/861/media/16.png'
rm 'build/861/media/20.png'
rm 'build/861/media/23.png'
rm 'build/861/media/27.png'
rm 'build/861/media/30.png'
rm 'build/861/media/33.png'
rm 'build/861/media/37.png'
rm 'build/861/media/40.png'
rm 'build/861/media/44.png'
rm 'build/861/media/47.png'
rm 'build/861/media/50.png'
rm 'build/861/media/54.png'
rm 'build/861/media/57.png'
rm 'build/861/media/session.mp4'
rm 'build/861/media/session.ogv'
rm 'build/861/media/session.png'
rm 'build/861/media/session.webm'
rm 'build/log.txt'
rm 'build/log/debug_screen.out'
rm 'build/log/push_to_github.out'
rm 'build/log/record.out'
rm 'build/log/task.out'
rm 'build/log/x11.out'
rm 'build/media/session.mp4'
rm 'build/media/session.ogv'
rm 'build/media/session.png'
rm 'build/media/session.webm'

