use temporary func: commander
[-] /home/travis/build/brownman/travis_screencast/SCRIPTS/library.sh
[-] ---------------
[-] [cmd] :: cd /home/travis
[-] res: 0
[-] ---------------
[-] ---------------
[-] [cmd] :: git clone --depth=1 https://github.com/brownman/LIBRARY --branch=develop
Cloning into 'LIBRARY'...
[-] res: 0
[-] ---------------
[-] ---------------
[-] [cmd] :: source /home/travis/LIBRARY/library.cfg
/home/travis/LIBRARY/library.cfg
[source] ps1.cfg
[source] who_am_i.cfg
[source] ps4.cfg
[source] indicator.cfg
[source] print.cfg
[source] traps.cfg
[source] trace.cfg
[source] expose_var.cfg
[source] commander.cfg
[source] dialog_optional.cfg
[source] random.cfg
[source] assert.cfg
[source] ensure.cfg
[source] history_sync.cfg
[source] quick_follow.cfg
[source] quick_remember.cfg
[source] register.cfg
[source] vars.cfg
[source] alias.cfg
[source] cat1.cfg
[source] file_update.cfg
[source] realpath.cfg
[ register ] use
[ register ] use_sh
[source] times1.cfg
[01;32m[*][0m : Activated Important stuff 
[01;34m[*][0m skip testing [-] res: 0
[-] ---------------
[01;34m[*][0m [cmd] source /tmp/library.cfg library already loaded
[01;32m[*][0m : 
TESITNG use of the LIBRARY:
[01;34m[*][0m [cmd] print ok [01;32m[*][0m : 
[01;32m[*][0m : 
