
Starting to update gh-pages

rm 'date.txt'
rm 'files/session.ogv'
rm 'files/session.png'
rm 'files_333.txt'
rm 'files_335.txt'
rm 'files_336.txt'
rm 'files_337.txt'
rm 'files_338.txt'
rm 'files_339.txt'
rm 'files_340.txt'
rm 'index.html'
rm 'log.txt'
rm 'log/debug_screen.err'
rm 'log/debug_screen.out'
rm 'log/install_deps.err'
rm 'log/install_deps.out'
rm 'log/library.err'
rm 'log/library.out'
rm 'log/push_to_github.err'
rm 'log/push_to_github.out'
rm 'log/record_start.err'
rm 'log/record_start.out'
rm 'log/tests.err'
rm 'log/tests.out'
rm 'log_333.txt'
rm 'log_335.txt'
rm 'log_336.txt'
rm 'log_337.txt'
rm 'log_338.txt'
rm 'log_339.txt'
rm 'log_340.txt'
rm 'old/date.txt'
rm 'old/files_333.txt'
rm 'old/files_335.txt'
rm 'old/files_336.txt'
rm 'old/files_337.txt'
rm 'old/files_338.txt'
rm 'old/files_339.txt'
rm 'old/index.html'
rm 'old/log.txt'
rm 'old/log_333.txt'
rm 'old/log_335.txt'
rm 'old/log_336.txt'
rm 'old/log_337.txt'
rm 'old/log_338.txt'
rm 'old/log_339.txt'
rm 'old/session.ogv'
rm 'old/session.png'
rm 'session.ogv'
rm 'session.png'
rm 'web/index.html'
