[01;34m[*][0m [cmd] ffmpeg -version ffmpeg version 0.8.16-4:0.8.16-0ubuntu0.12.04.1, Copyright (c) 2000-2014 the Libav developers
  built on Sep 16 2014 18:33:49 with gcc 4.6.3
The ffmpeg program is only provided for script compatibility and will be removed
in a future release. It has been deprecated in the Libav project to allow for
incompatible command line syntax improvements in its replacement called avconv
(see Changelog for details). Please use avconv instead.
[01;32m[*][0m : 
[01;34m[*][0m [cmd] record_recordmydesktop [01;34m[*][0m [cmd] sleep 10 [01;34m[*][0m [cmd] recordmydesktop --width 1024 --height 768 \ --full-shots --fps 15 --channels 1 --device pulse --v_quality 63 --s_quality 10 --v_bitrate 2000000 --no-wm-check --no-cursor --output=/tmp/PRODUCT/session.ogv Initial recording window is set to:
X:0   Y:0    Width:1024    Height:768
Adjusted recording window is set to:
X:0   Y:0    Width:1024    Height:768
Initializing...
Buffer size adjusted to 4096 from 4096 frames.
Opened PCM device pulse
Recording on device pulse is set to:
1 channels at 22050Hz
Capturing!
[01;32m[*][0m : 
[01;34m[*][0m [cmd] killall recordmydesktop [01;32m[*][0m : 

*********************************************

Cached 1 MB, from 222 MB that were received.
Average cache compression ratio: 99.3 %

*********************************************
Saved 148 frames in a total of 147 requests
Shutting down.....
STATE:ENCODING
Encoding started!
This may take several minutes.
Pressing Ctrl-C will cancel the procedure (resuming will not be possible, but
any portion of the video, which is already encoded won't be deleted).
Please wait...
Output file: /tmp/PRODUCT/session.ogv
Encoding finished!
Wait a moment please...
   
Done.
Written 130734 bytes
(129849 of which were video data and 885 audio data)

Cleanning up cache...
Done!!!
Goodbye!
[01;32m[*][0m : 
[01;32m[*][0m : 
[01;34m[*][0m [cmd] convert_from_ogv [01;34m[*][0m [cmd] HandBrakeCLI -i /tmp/PRODUCT/session.ogv -o /tmp/PRODUCT/session.mp4 --encoder x264 --vb 1800 --ab 128 --maxWidth $WIDTH --maxHeight $HEIGHT --two-pass --optimize [07:00:47] hb_init: starting libhb thread
HandBrake rev0 (2013051899) - Linux x86_64 - http://handbrake.fr
32 CPUs detected
Opening /tmp/PRODUCT/session.ogv...
[07:00:47] hb_scan: path=/tmp/PRODUCT/session.ogv, title_index=1
libbluray/bdnav/index_parse.c:162: indx_parse(): error opening /tmp/PRODUCT/session.ogv/BDMV/index.bdmv
libbluray/bdnav/index_parse.c:162: indx_parse(): error opening /tmp/PRODUCT/session.ogv/BDMV/BACKUP/index.bdmv
libbluray/bluray.c:1725: nav_get_title_list(/tmp/PRODUCT/session.ogv) failed (0x7f415c000900)
[07:00:47] bd: not a bd - trying as a stream/file instead
libdvdnav: Using dvdnav version 4.1.3
libdvdread: Encrypted DVD support unavailable.
libdvdnav:DVDOpenFileUDF:UDFFindFile /VIDEO_TS/VIDEO_TS.IFO failed
libdvdnav:DVDOpenFileUDF:UDFFindFile /VIDEO_TS/VIDEO_TS.BUP failed
libdvdread: Can't open file VIDEO_TS.IFO.
libdvdnav: vm: failed to read VIDEO_TS.IFO
[07:00:47] dvd: not a dvd - trying as a stream/file instead
Input #0, ogg, from '/tmp/PRODUCT/session.ogv':
  Duration: 00:00:09.93, start: 0.000000, bitrate: 111 kb/s
    Stream #0.0: Data: skeleton
    Stream #0.1: Video: theora, yuv420p, 1024x768 [PAR 1:1 DAR 4:3], 15 fps, 15 tbn, 15 tbc
    Stream #0.2: Audio: vorbis, 22050 Hz, mono, fltp, 89 kb/s
[07:00:47] scan: decoding previews for title 1
[07:00:47] scan: audio 0x2: vorbis, rate=22050Hz, bitrate=89991 Unknown (vorbis) (1.0 ch)
[ogg @ 0x7f415c001860] read_timestamp() failed in the middle
[07:00:47] Warning: Could not read data for preview 4, skipped
[07:00:47] Warning: Could not read data for preview 5, skipped
[07:00:47] Warning: Could not read data for preview 6, skipped
[07:00:47] Warning: Could not read data for preview 7, skipped
[07:00:47] Warning: Could not read data for preview 8, skipped
[07:00:47] Warning: Could not read data for preview 9, skipped
[07:00:47] Warning: Could not read data for preview 10, skipped
[07:00:47] scan: 3 previews, 1024x768, 15.000 fps, autocrop = 0/0/0/0, aspect 4:3, PAR 1:1
[07:00:47] libhb: scan thread found 1 valid title(s)
+ title 1:
  + stream: /tmp/PRODUCT/session.ogv
  + duration: 00:00:09
  + size: 1024x768, pixel aspect: 1/1, display aspect: 1.33, 15.000 fps
  + autocrop: 0/0/0/0
  + chapters:
    + 1: cells 0->0, 0 blocks, duration 00:00:09
  + audio tracks:
    + 1, Unknown (vorbis) (1.0 ch) (iso639-2: und)
  + subtitle tracks:
[07:00:48] 2 job(s) to process
[07:00:48] starting job
[07:00:48] work: mixdown not specified, track 1 setting mixdown Mono
[07:00:48] work: sanitizing track 1 bitrate 128 to 96 Kbps
[07:00:48] sync: expecting 148 video frames
[07:00:48] job configuration:
[07:00:48]  * source
[07:00:48]    + /tmp/PRODUCT/session.ogv
[07:00:48]    + title 1, chapter(s) 1 to 1
[07:00:48]    + container: ogg
[07:00:48]    + data rate: 111 kbps
[07:00:48]  * destination
[07:00:48]    + /tmp/PRODUCT/session.mp4
[07:00:48]    + container: MPEG-4 (.mp4 and .m4v)
[07:00:48]      + optimized for progressive web downloads
[07:00:48]  * video track
[07:00:48]    + decoder: theora
[07:00:48]    + frame rate: same as source (around 15.000 fps)
[07:00:48]    + filters
[07:00:48]      + Framerate Shaper (0:27000000:1800000)
[07:00:48]        + frame rate: same as source (around 15.000 fps)
[07:00:48]      + Crop and Scale (1024:768:0:0:0:0)
[07:00:48]        + source: 1024 * 768, crop (0/0/0/0): 1024 * 768, scale: 1024 * 768
[07:00:48]    + dimensions: 1024 * 768, mod 0
[07:00:48]    + encoder: H.264 (x264)
[07:00:48]      + bitrate: 1800 kbps, pass: 1
[07:00:48]  * audio track 1
[07:00:48]    + decoder: Unknown (vorbis) (1.0 ch) (track 1, id 0x2)
[07:00:48]      + bitrate: 89 kbps, samplerate: 22050 Hz
[07:00:48]    + mixdown: Mono
[07:00:48]    + encoder: AAC (faac)
[07:00:48]      + bitrate: 96 kbps, samplerate: 22050 Hz
[07:00:48] reader: first SCR 0 id 0x1 DTS 0
[07:00:48] encx264: min-keyint: 15, keyint: 150
x264 [warning]: --psnr used with psy on: results will be invalid!
x264 [warning]: --tune psnr should be used if attempting to benchmark psnr!
x264 [info]: using cpu capabilities: MMX2 SSE2Fast SSSE3 SSE4.2 AVX XOP FMA4 FMA3 SSEMisalign LZCNT BMI1
x264 [info]: profile High, level 3.1
[07:00:48] reader: done. 1 scr changes
[07:00:48] work: average encoding speed for job is 0.000000 fps
[07:00:48] sync: got 25 frames, 148 expected
[07:00:48] render: lost time: 0 (0 frames)
[07:00:48] render: gained time: 0 (0 frames) (0 not accounted for)
[07:00:48] theora-decoder done: 25 frames, 0 decoder errors, 0 drops
x264 [info]: frame I:1     Avg QP:16.87  size: 14894  PSNR Mean Y:52.14 U:67.66 V:71.14 Avg:53.86 Global:53.86
x264 [info]: frame P:7     Avg QP:13.55  size:  3041  PSNR Mean Y:54.57 U:67.34 V:65.32 Avg:56.15 Global:54.78
x264 [info]: frame B:17    Avg QP: 8.62  size:   145  PSNR Mean Y:56.37 U:64.63 V:64.36 Avg:57.79 Global:57.65
x264 [info]: consecutive B-frames:  8.0%  0.0% 12.0% 80.0%
x264 [info]: mb I  I16..4: 92.6%  0.4%  7.0%
x264 [info]: mb P  I16..4:  3.5%  0.0%  1.0%  P16..4:  2.2%  0.1%  0.1%  0.0%  0.0%    skip:93.0%
x264 [info]: mb B  I16..4:  0.2%  0.0%  0.0%  B16..8:  2.2%  0.0%  0.0%  direct: 0.7%  skip:96.9%  L0:49.3% L1:50.5% BI: 0.2%
x264 [info]: final ratefactor: -13.13
x264 [info]: 8x8 transform intra:0.3% inter:40.6%
x264 [info]: coded y,uvDC,uvAC intra: 6.8% 6.4% 0.4% inter: 0.2% 0.8% 0.0%
x264 [info]: i16 v,h,dc,p: 90%  7%  2%  0%
x264 [info]: i8 v,h,dc,ddl,ddr,vr,hd,vl,hu: 18% 16% 32%  9%  5%  9%  0%  4%  7%
x264 [info]: i4 v,h,dc,ddl,ddr,vr,hd,vl,hu: 32% 16% 25%  5%  4%  4%  5%  4%  6%
x264 [info]: i8c dc,h,v,p: 88%  6%  5%  0%
x264 [info]: Weighted P-Frames: Y:0.0% UV:0.0%
x264 [info]: ref P L0: 93.5%  0.7%  4.8%  1.0%
x264 [info]: ref B L0: 63.3% 29.8%  6.9%
x264 [info]: ref B L1: 97.3%  2.7%
x264 [info]: SSIM Mean Y:0.9994920 (32.942db)
x264 [info]: PSNR Mean Y:56.251 U:64.789 V:64.447 Avg:57.684 Global:57.407 kb/s:34.94
[07:00:48] vorbis-decoder done: 0 frames, 0 decoder errors, 0 drops
[07:00:48] starting job
[07:00:48] work: mixdown not specified, track 1 setting mixdown Mono
[07:00:48] work: sanitizing track 1 bitrate 128 to 96 Kbps
[07:00:48] sync: expecting 25 video frames
[07:00:48] job configuration:
[07:00:48]  * source
[07:00:48]    + /tmp/PRODUCT/session.ogv
[07:00:48]    + title 1, chapter(s) 1 to 1
[07:00:48]    + container: ogg
[07:00:48]    + data rate: 111 kbps
[07:00:48]  * destination
[07:00:48]    + /tmp/PRODUCT/session.mp4
[07:00:48]    + container: MPEG-4 (.mp4 and .m4v)
[07:00:48]      + optimized for progressive web downloads
[07:00:48]  * video track
[07:00:48]    + decoder: theora
[07:00:48]    + frame rate: same as source (around 15.000 fps)
[07:00:48]    + filters
[07:00:48]      + Framerate Shaper (0:27000000:1800000)
[07:00:48]        + frame rate: same as source (around 15.000 fps)
[07:00:48]      + Crop and Scale (1024:768:0:0:0:0)
[07:00:48]        + source: 1024 * 768, crop (0/0/0/0): 1024 * 768, scale: 1024 * 768
[07:00:48]    + dimensions: 1024 * 768, mod 0
[07:00:48]    + encoder: H.264 (x264)
[07:00:48]      + bitrate: 1800 kbps, pass: 2
[07:00:48]  * audio track 1
[07:00:48]    + decoder: Unknown (vorbis) (1.0 ch) (track 1, id 0x2)
[07:00:48]      + bitrate: 89 kbps, samplerate: 22050 Hz
[07:00:48]    + mixdown: Mono
[07:00:48]    + encoder: AAC (faac)
[07:00:48]      + bitrate: 96 kbps, samplerate: 22050 Hz
[07:00:48] reader: first SCR 0 id 0x1 DTS 0
[07:00:48] encx264: min-keyint: 15, keyint: 150
x264 [warning]: --psnr used with psy on: results will be invalid!
x264 [warning]: --tune psnr should be used if attempting to benchmark psnr!
x264 [info]: using cpu capabilities: MMX2 SSE2Fast SSSE3 SSE4.2 AVX XOP FMA4 FMA3 SSEMisalign LZCNT BMI1
x264 [warning]: Error: 2pass curve failed to converge
x264 [warning]: target: 1800.00 kbit/s, expected: 502.58 kbit/s, avg QP: 0.0319
x264 [warning]: try reducing target bitrate
x264 [info]: profile High, level 3.1
[07:00:49] reader: done. 1 scr changes
[07:00:49] work: average encoding speed for job is 0.000000 fps
[07:00:49] sync: got 25 frames, 25 expected
[07:00:49] render: lost time: 0 (0 frames)
[07:00:49] render: gained time: 0 (0 frames) (0 not accounted for)
[07:00:49] theora-decoder done: 25 frames, 0 decoder errors, 0 drops
x264 [info]: frame I:1     Avg QP: 0.18  size: 37213  PSNR Mean Y:77.95 U:93.29 V:93.29 Avg:79.65 Global:79.65
x264 [info]: frame P:7     Avg QP: 2.41  size:  9141  PSNR Mean Y:74.25 U:85.56 V:80.35 Avg:75.52 Global:74.63
x264 [info]: frame B:17    Avg QP: 2.88  size:   415  PSNR Mean Y:71.96 U:79.23 V:73.54 Avg:72.78 Global:72.63
x264 [info]: consecutive B-frames:  8.0%  0.0% 12.0% 80.0%
x264 [info]: mb I  I16..4: 92.5%  0.3%  7.2%
x264 [info]: mb P  I16..4:  3.3%  0.0%  1.0%  P16..4:  2.5%  0.1%  0.2%  0.0%  0.0%    skip:92.9%
x264 [info]: mb B  I16..4:  0.0%  0.0%  0.0%  B16..8:  1.3%  0.0%  0.0%  direct: 0.9%  skip:97.8%  L0:46.3% L1:53.4% BI: 0.3%
x264 [info]: 8x8 transform intra:0.4% inter:56.9%
x264 [info]: coded y,uvDC,uvAC intra: 7.3% 6.2% 1.7% inter: 0.4% 1.0% 0.3%
x264 [info]: i16 v,h,dc,p: 92%  6%  2%  0%
x264 [info]: i8 v,h,dc,ddl,ddr,vr,hd,vl,hu: 13% 18% 48%  3%  3%  3%  5%  2%  3%
x264 [info]: i4 v,h,dc,ddl,ddr,vr,hd,vl,hu: 29% 16% 24%  5%  5%  5%  6%  4%  6%
x264 [info]: i8c dc,h,v,p: 88%  7%  5%  0%
x264 [info]: Weighted P-Frames: Y:0.0% UV:0.0%
x264 [info]: ref P L0: 94.7%  2.2%  2.8%  0.2%
x264 [info]: ref B L0: 96.8%  2.4%  0.8%
x264 [info]: SSIM Mean Y:0.9999837 (47.886db)
x264 [info]: PSNR Mean Y:72.110 U:79.645 V:74.005 Avg:72.965 Global:72.737 kb/s:97.87
[07:00:49] vorbis-decoder done: 0 frames, 0 decoder errors, 0 drops
[07:00:49] muxmp4: optimizing file
[07:00:49] mux: track 0, 25 frames, 108219 bytes, 92.76 kbps, fifo 32
[07:00:49] mux: track 1, 201 frames, 1223 bytes, 1.05 kbps, fifo 256
[07:00:49] libhb: work result = 0

Encode done!
HandBrake has exited.
[01;32m[*][0m : 
[01;34m[*][0m [cmd] ffmpeg -i /tmp/PRODUCT/session.mp4 -acodec libvorbis -ac 2 -ab 96k -ar 44100 -b:v 345k -s 1024x768 /tmp/PRODUCT/session.webm ffmpeg version 0.8.16-4:0.8.16-0ubuntu0.12.04.1, Copyright (c) 2000-2014 the Libav developers
  built on Sep 16 2014 18:33:49 with gcc 4.6.3
The ffmpeg program is only provided for script compatibility and will be removed
in a future release. It has been deprecated in the Libav project to allow for
incompatible command line syntax improvements in its replacement called avconv
(see Changelog for details). Please use avconv instead.

Seems stream 0 codec frame rate differs from container frame rate: 180000.00 (180000/1) -> 90000.00 (180000/2)
Input #0, mov,mp4,m4a,3gp,3g2,mj2, from '/tmp/PRODUCT/session.mp4':
  Metadata:
    major_brand     : mp42
    minor_version   : 0
    compatible_brands: mp42isomavc1
    creation_time   : 2014-10-16 07:00:49
    encoder         : HandBrake rev0 2013051899
  Duration: 00:00:09.33, start: 0.000000, bitrate: 96 kb/s
    Stream #0.0(und): Video: h264 (High), yuv420p, 1024x768, 98 kb/s, 2.83 fps, 90k tbr, 90k tbn, 180k tbc
    Metadata:
      creation_time   : 2014-10-16 07:00:49
    Stream #0.1(und): Audio: aac, 22050 Hz, mono, s16, 1 kb/s
    Metadata:
      creation_time   : 2014-10-16 07:00:49
[buffer @ 0x8f61a0] w:1024 h:768 pixfmt:yuv420p
[libvpx @ 0x8fd280] v1.0.0
Output #0, webm, to '/tmp/PRODUCT/session.webm':
  Metadata:
    major_brand     : mp42
    minor_version   : 0
    compatible_brands: mp42isomavc1
    creation_time   : 2014-10-16 07:00:49
    encoder         : Lavf53.21.1
    Stream #0.0(und): Video: libvpx, yuv420p, 1024x768, q=-1--1, 200 kb/s, 1k tbn, 90k tbc
    Metadata:
      creation_time   : 2014-10-16 07:00:49
    Stream #0.1(und): Audio: libvorbis, 44100 Hz, 2 channels, s16, 96 kb/s
    Metadata:
      creation_time   : 2014-10-16 07:00:49
Stream mapping:
  Stream #0.0 -> #0.0
  Stream #0.1 -> #0.1
Press ctrl-c to stop encoding
frame=    3 fps=  0 q=0.0 size=       4kB time=0.12 bitrate= 304.0kbits/s    frame=    6 fps=  5 q=0.0 size=       4kB time=0.32 bitrate= 111.6kbits/s    frame=    9 fps=  5 q=0.0 size=       4kB time=0.52 bitrate=  68.3kbits/s    frame=   13 fps=  5 q=0.0 size=      36kB time=0.78 bitrate= 381.8kbits/s    frame=   16 fps=  5 q=0.0 size=      36kB time=0.98 bitrate= 302.6kbits/s    frame=   19 fps=  5 q=0.0 size=      36kB time=4.40 bitrate=  67.6kbits/s    frame=   23 fps=  6 q=0.0 size=      52kB time=8.65 bitrate=  48.8kbits/s    frame=   25 fps=  6 q=0.0 Lsize=      54kB time=8.78 bitrate=  50.0kbits/s    
video:46kB audio:0kB global headers:4kB muxing overhead 6.083878%
[01;32m[*][0m : 
[01;32m[*][0m : 
