[01;34m[*][0m [cmd] ffmpeg -version ffmpeg version 0.8.16-4:0.8.16-0ubuntu0.12.04.1, Copyright (c) 2000-2014 the Libav developers
  built on Sep 16 2014 18:33:49 with gcc 4.6.3
The ffmpeg program is only provided for script compatibility and will be removed
in a future release. It has been deprecated in the Libav project to allow for
incompatible command line syntax improvements in its replacement called avconv
(see Changelog for details). Please use avconv instead.
[01;32m[*][0m : 
[01;34m[*][0m [cmd] record_recordmydesktop [01;34m[*][0m [cmd] recordmydesktop --width 1024 --height 768 \ --full-shots --fps 15 --channels 1 --device pulse --v_quality 63 --s_quality 10 --v_bitrate 2000000 --no-wm-check --no-cursor --output=/tmp/PRODUCT/session.ogv [01;34m[*][0m [cmd] sleep 60 Initial recording window is set to:
X:0   Y:0    Width:1024    Height:768
Adjusted recording window is set to:
X:0   Y:0    Width:1024    Height:768
Initializing...
Buffer size adjusted to 4096 from 4096 frames.
Opened PCM device pulse
Recording on device pulse is set to:
1 channels at 22050Hz
Capturing!
[01;32m[*][0m : 
[01;34m[*][0m [cmd] killall recordmydesktop [01;32m[*][0m : 

*********************************************

Cached 1 MB, from 1356 MB that were received.
Average cache compression ratio: 99.9 %

*********************************************
Saved 904 frames in a total of 903 requests
Shutting down.....
STATE:ENCODING
Encoding started!
This may take several minutes.
Pressing Ctrl-C will cancel the procedure (resuming will not be possible, but
any portion of the video, which is already encoded won't be deleted).
Please wait...
Output file: /tmp/PRODUCT/session.ogv
Encoding finished!
Wait a moment please...
   
Done.
Written 40471 bytes
(34983 of which were video data and 5488 audio data)

Cleanning up cache...
Done!!!
Goodbye!
[01;32m[*][0m : 
[01;32m[*][0m : 
[01;34m[*][0m [cmd] convert_from_ogv [01;34m[*][0m [cmd] HandBrakeCLI -i /tmp/PRODUCT/session.ogv -o /tmp/PRODUCT/session.mp4 --encoder x264 --vb 1800 --ab 128 --maxWidth $WIDTH --maxHeight $HEIGHT --two-pass --optimize [11:57:13] hb_init: starting libhb thread
HandBrake rev0 (2013051899) - Linux x86_64 - http://handbrake.fr
32 CPUs detected
Opening /tmp/PRODUCT/session.ogv...
[11:57:13] hb_scan: path=/tmp/PRODUCT/session.ogv, title_index=1
libbluray/bdnav/index_parse.c:162: indx_parse(): error opening /tmp/PRODUCT/session.ogv/BDMV/index.bdmv
libbluray/bdnav/index_parse.c:162: indx_parse(): error opening /tmp/PRODUCT/session.ogv/BDMV/BACKUP/index.bdmv
libbluray/bluray.c:1725: nav_get_title_list(/tmp/PRODUCT/session.ogv) failed (0x7ff6c4000900)
[11:57:13] bd: not a bd - trying as a stream/file instead
libdvdnav: Using dvdnav version 4.1.3
libdvdread: Encrypted DVD support unavailable.
libdvdnav:DVDOpenFileUDF:UDFFindFile /VIDEO_TS/VIDEO_TS.IFO failed
libdvdnav:DVDOpenFileUDF:UDFFindFile /VIDEO_TS/VIDEO_TS.BUP failed
libdvdread: Can't open file VIDEO_TS.IFO.
libdvdnav: vm: failed to read VIDEO_TS.IFO
[11:57:13] dvd: not a dvd - trying as a stream/file instead
Input #0, ogg, from '/tmp/PRODUCT/session.ogv':
  Duration: 00:01:00.33, start: 0.000000, bitrate: 6 kb/s
    Stream #0.0: Data: skeleton
    Stream #0.1: Video: theora, yuv420p, 1024x768 [PAR 1:1 DAR 4:3], 15 fps, 15 tbn, 15 tbc
    Stream #0.2: Audio: vorbis, 22050 Hz, mono, fltp, 89 kb/s
[11:57:13] scan: decoding previews for title 1
[11:57:13] scan: audio 0x2: vorbis, rate=22050Hz, bitrate=89991 Unknown (vorbis) (1.0 ch)
[11:57:13] scan: 10 previews, 1024x768, 15.000 fps, autocrop = 0/0/0/0, aspect 4:3, PAR 1:1
[11:57:13] libhb: scan thread found 1 valid title(s)
+ title 1:
  + stream: /tmp/PRODUCT/session.ogv
  + duration: 00:01:00
  + size: 1024x768, pixel aspect: 1/1, display aspect: 1.33, 15.000 fps
  + autocrop: 0/0/0/0
  + chapters:
    + 1: cells 0->0, 0 blocks, duration 00:01:00
  + audio tracks:
    + 1, Unknown (vorbis) (1.0 ch) (iso639-2: und)
  + subtitle tracks:
[11:57:13] 2 job(s) to process
[11:57:13] starting job
[11:57:13] work: mixdown not specified, track 1 setting mixdown Mono
[11:57:13] work: sanitizing track 1 bitrate 128 to 96 Kbps
[11:57:13] sync: expecting 904 video frames
[11:57:13] job configuration:
[11:57:13]  * source
[11:57:13]    + /tmp/PRODUCT/session.ogv
[11:57:13]    + title 1, chapter(s) 1 to 1
[11:57:13]    + container: ogg
[11:57:13]    + data rate: 6 kbps
[11:57:13]  * destination
[11:57:13]    + /tmp/PRODUCT/session.mp4
[11:57:13]    + container: MPEG-4 (.mp4 and .m4v)
[11:57:13]      + optimized for progressive web downloads
[11:57:13]  * video track
[11:57:13]    + decoder: theora
[11:57:13]    + frame rate: same as source (around 15.000 fps)
[11:57:13]    + filters
[11:57:13]      + Framerate Shaper (0:27000000:1800000)
[11:57:13]        + frame rate: same as source (around 15.000 fps)
[11:57:13]      + Crop and Scale (1024:768:0:0:0:0)
[11:57:13]        + source: 1024 * 768, crop (0/0/0/0): 1024 * 768, scale: 1024 * 768
[11:57:13]    + dimensions: 1024 * 768, mod 0
[11:57:13]    + encoder: H.264 (x264)
[11:57:13]      + bitrate: 1800 kbps, pass: 1
[11:57:13]  * audio track 1
[11:57:13]    + decoder: Unknown (vorbis) (1.0 ch) (track 1, id 0x2)
[11:57:13]      + bitrate: 89 kbps, samplerate: 22050 Hz
[11:57:13]    + mixdown: Mono
[11:57:13]    + encoder: AAC (faac)
[11:57:13]      + bitrate: 96 kbps, samplerate: 22050 Hz
[11:57:13] reader: first SCR 0 id 0x1 DTS 0
[11:57:13] encx264: min-keyint: 15, keyint: 150
x264 [warning]: --psnr used with psy on: results will be invalid!
x264 [warning]: --tune psnr should be used if attempting to benchmark psnr!
x264 [info]: using cpu capabilities: MMX2 SSE2Fast SSSE3 SSE4.2 AVX XOP FMA4 SSEMisalign LZCNT
x264 [info]: profile High, level 3.1
[11:57:14] reader: done. 1 scr changes
[11:57:14] work: average encoding speed for job is 0.000000 fps
[11:57:14] sync: got 22 frames, 904 expected
[11:57:14] render: lost time: 0 (0 frames)
[11:57:14] render: gained time: 0 (0 frames) (0 not accounted for)
[11:57:14] theora-decoder done: 22 frames, 0 decoder errors, 0 drops
x264 [info]: frame I:1     Avg QP:19.77  size: 14589  PSNR Mean Y:50.37 U:67.17 V:70.97 Avg:52.10 Global:52.10
x264 [info]: frame P:6     Avg QP: 7.30  size:   215  PSNR Mean Y:91.53 U:93.97 V:92.85 Avg:91.81 Global:58.65
x264 [info]: frame B:15    Avg QP: 7.14  size:   132  PSNR Mean Y:83.90 U:89.14 V:89.78 Avg:84.47 Global:57.22
x264 [info]: consecutive B-frames:  9.1%  0.0%  0.0% 90.9%
x264 [info]: mb I  I16..4: 91.5%  0.6%  8.0%
x264 [info]: mb P  I16..4:  2.4%  0.0%  0.0%  P16..4:  0.5%  0.0%  0.0%  0.0%  0.0%    skip:97.0%
x264 [info]: mb B  I16..4:  0.2%  0.0%  0.0%  B16..8:  1.0%  0.0%  0.0%  direct: 1.3%  skip:97.6%  L0:29.4% L1:70.6% BI: 0.0%
x264 [info]: final ratefactor: -1.71
x264 [info]: 8x8 transform intra:0.5% inter:8.9%
x264 [info]: coded y,uvDC,uvAC intra: 4.5% 3.7% 0.2% inter: 0.1% 1.0% 0.0%
x264 [info]: i16 v,h,dc,p: 93%  4%  3%  0%
x264 [info]: i8 v,h,dc,ddl,ddr,vr,hd,vl,hu: 13% 24% 34%  7%  6%  1%  1%  4%  9%
x264 [info]: i4 v,h,dc,ddl,ddr,vr,hd,vl,hu: 32% 25% 19%  4%  3%  4%  5%  3%  5%
x264 [info]: i8c dc,h,v,p: 92%  5%  3%  0%
x264 [info]: Weighted P-Frames: Y:16.7% UV:0.0%
x264 [info]: ref B L0: 84.4% 15.6%
x264 [info]: ref B L1: 94.4%  5.6%
x264 [info]: SSIM Mean Y:0.9996015 (33.996db)
x264 [info]: PSNR Mean Y:84.866 U:89.723 V:89.987 Avg:85.396 Global:57.225 kb/s:98.57
[11:57:15] vorbis-decoder done: 0 frames, 0 decoder errors, 0 drops
[11:57:15] starting job
[11:57:15] work: mixdown not specified, track 1 setting mixdown Mono
[11:57:15] work: sanitizing track 1 bitrate 128 to 96 Kbps
[11:57:15] sync: expecting 22 video frames
[11:57:15] job configuration:
[11:57:15]  * source
[11:57:15]    + /tmp/PRODUCT/session.ogv
[11:57:15]    + title 1, chapter(s) 1 to 1
[11:57:15]    + container: ogg
[11:57:15]    + data rate: 6 kbps
[11:57:15]  * destination
[11:57:15]    + /tmp/PRODUCT/session.mp4
[11:57:15]    + container: MPEG-4 (.mp4 and .m4v)
[11:57:15]      + optimized for progressive web downloads
[11:57:15]  * video track
[11:57:15]    + decoder: theora
[11:57:15]    + frame rate: same as source (around 15.000 fps)
[11:57:15]    + filters
[11:57:15]      + Framerate Shaper (0:27000000:1800000)
[11:57:15]        + frame rate: same as source (around 15.000 fps)
[11:57:15]      + Crop and Scale (1024:768:0:0:0:0)
[11:57:15]        + source: 1024 * 768, crop (0/0/0/0): 1024 * 768, scale: 1024 * 768
[11:57:15]    + dimensions: 1024 * 768, mod 0
[11:57:15]    + encoder: H.264 (x264)
[11:57:15]      + bitrate: 1800 kbps, pass: 2
[11:57:15]  * audio track 1
[11:57:15]    + decoder: Unknown (vorbis) (1.0 ch) (track 1, id 0x2)
[11:57:15]      + bitrate: 89 kbps, samplerate: 22050 Hz
[11:57:15]    + mixdown: Mono
[11:57:15]    + encoder: AAC (faac)
[11:57:15]      + bitrate: 96 kbps, samplerate: 22050 Hz
[11:57:15] reader: first SCR 0 id 0x1 DTS 0
[11:57:15] encx264: min-keyint: 15, keyint: 150
x264 [warning]: --psnr used with psy on: results will be invalid!
x264 [warning]: --tune psnr should be used if attempting to benchmark psnr!
x264 [info]: using cpu capabilities: MMX2 SSE2Fast SSSE3 SSE4.2 AVX XOP FMA4 SSEMisalign LZCNT
x264 [warning]: Error: 2pass curve failed to converge
x264 [warning]: target: 1800.00 kbit/s, expected: 1427.73 kbit/s, avg QP: 0.0524
x264 [warning]: try reducing target bitrate
x264 [info]: profile High, level 3.1
[11:57:16] reader: done. 1 scr changes
[11:57:16] work: average encoding speed for job is 0.000000 fps
[11:57:16] sync: got 22 frames, 22 expected
[11:57:16] render: lost time: 0 (0 frames)
[11:57:16] render: gained time: 0 (0 frames) (0 not accounted for)
[11:57:16] theora-decoder done: 22 frames, 0 decoder errors, 0 drops
x264 [info]: frame I:1     Avg QP: 0.06  size: 39116  PSNR Mean Y:79.62 U:94.08 V:93.29 Avg:81.30 Global:81.30
x264 [info]: frame P:6     Avg QP: 0.20  size:  2645  PSNR Mean Y:95.00 U:98.09 V:96.92 Avg:95.28 Global:79.48
x264 [info]: frame B:15    Avg QP: 0.29  size:   182  PSNR Mean Y:90.92 U:96.94 V:95.16 Avg:91.48 Global:78.20
x264 [info]: consecutive B-frames:  9.1%  0.0%  0.0% 90.9%
x264 [info]: mb I  I16..4: 92.3%  0.4%  7.4%
x264 [info]: mb P  I16..4:  2.3%  0.0%  0.0%  P16..4:  1.2%  0.0%  0.0%  0.0%  0.0%    skip:96.5%
x264 [info]: mb B  I16..4:  0.0%  0.0%  0.0%  B16..8:  0.9%  0.0%  0.0%  direct: 1.2%  skip:97.9%  L0:28.4% L1:71.6% BI: 0.0%
x264 [info]: 8x8 transform intra:0.3% inter:60.5%
x264 [info]: coded y,uvDC,uvAC intra: 4.6% 4.2% 0.8% inter: 0.3% 1.0% 0.1%
x264 [info]: i16 v,h,dc,p: 93%  5%  2%  0%
x264 [info]: i8 v,h,dc,ddl,ddr,vr,hd,vl,hu: 40% 19% 29%  0%  0%  2%  2%  2%  6%
x264 [info]: i4 v,h,dc,ddl,ddr,vr,hd,vl,hu: 34% 18% 15%  6%  5%  5%  7%  4%  7%
x264 [info]: i8c dc,h,v,p: 93%  4%  3%  0%
x264 [info]: Weighted P-Frames: Y:16.7% UV:0.0%
x264 [info]: ref B L0: 96.9%  3.1%
x264 [info]: ref B L1: 99.3%  0.7%
x264 [info]: SSIM Mean Y:0.9999948 (52.852db)
x264 [info]: PSNR Mean Y:91.666 U:97.157 V:95.586 Avg:92.185 Global:78.602 kb/s:318.55
[11:57:16] vorbis-decoder done: 0 frames, 0 decoder errors, 0 drops
[11:57:16] muxmp4: optimizing file
[11:57:16] mux: track 0, 22 frames, 57666 bytes, 7.70 kbps, fifo 32
[11:57:16] mux: track 1, 1291 frames, 7763 bytes, 1.04 kbps, fifo 2048
[11:57:16] libhb: work result = 0

Encode done!
HandBrake has exited.
[01;32m[*][0m : 
[01;34m[*][0m [cmd] ffmpeg -i /tmp/PRODUCT/session.mp4 -acodec libvorbis -ac 2 -ab 96k -ar 44100 -b:v 345k -s 1024x768 /tmp/PRODUCT/session.webm ffmpeg version 0.8.16-4:0.8.16-0ubuntu0.12.04.1, Copyright (c) 2000-2014 the Libav developers
  built on Sep 16 2014 18:33:49 with gcc 4.6.3
The ffmpeg program is only provided for script compatibility and will be removed
in a future release. It has been deprecated in the Libav project to allow for
incompatible command line syntax improvements in its replacement called avconv
(see Changelog for details). Please use avconv instead.

Seems stream 0 codec frame rate differs from container frame rate: 180000.00 (180000/1) -> 90000.00 (180000/2)
Input #0, mov,mp4,m4a,3gp,3g2,mj2, from '/tmp/PRODUCT/session.mp4':
  Metadata:
    major_brand     : mp42
    minor_version   : 0
    compatible_brands: mp42isomavc1
    creation_time   : 2014-10-09 11:57:15
    encoder         : HandBrake rev0 2013051899
  Duration: 00:00:59.95, start: 0.000000, bitrate: 9 kb/s
    Stream #0.0(und): Video: h264 (High), yuv420p, 1024x768, 318 kb/s, 15.18 fps, 90k tbr, 90k tbn, 180k tbc
    Metadata:
      creation_time   : 2014-10-09 11:57:15
    Stream #0.1(und): Audio: aac, 22050 Hz, mono, s16, 1 kb/s
    Metadata:
      creation_time   : 2014-10-09 11:57:15
[buffer @ 0xba82c0] w:1024 h:768 pixfmt:yuv420p
[libvpx @ 0xba9fe0] v1.0.0
Output #0, webm, to '/tmp/PRODUCT/session.webm':
  Metadata:
    major_brand     : mp42
    minor_version   : 0
    compatible_brands: mp42isomavc1
    creation_time   : 2014-10-09 11:57:15
    encoder         : Lavf53.21.1
    Stream #0.0(und): Video: libvpx, yuv420p, 1024x768, q=-1--1, 200 kb/s, 1k tbn, 90k tbc
    Metadata:
      creation_time   : 2014-10-09 11:57:15
    Stream #0.1(und): Audio: libvorbis, 44100 Hz, 2 channels, s16, 96 kb/s
    Metadata:
      creation_time   : 2014-10-09 11:57:15
Stream mapping:
  Stream #0.0 -> #0.0
  Stream #0.1 -> #0.1
Press ctrl-c to stop encoding
frame=    3 fps=  0 q=0.0 size=       4kB time=0.12 bitrate= 304.0kbits/s    frame=    7 fps=  5 q=0.0 size=       4kB time=0.38 bitrate=  92.1kbits/s    frame=    9 fps=  4 q=0.0 size=       4kB time=0.52 bitrate=  68.3kbits/s    frame=   11 fps=  4 q=0.0 size=       4kB time=0.65 bitrate=  54.3kbits/s    frame=   13 fps=  3 q=0.0 size=       4kB time=0.78 bitrate=  45.3kbits/s    frame=   15 fps=  3 q=0.0 size=       4kB time=0.78 bitrate=  45.3kbits/s    frame=   17 fps=  3 q=0.0 size=       4kB time=1.05 bitrate=  33.6kbits/s    frame=   20 fps=  3 q=0.0 size=       4kB time=1.25 bitrate=  28.2kbits/s    frame=   20 fps=  3 q=0.0 size=       4kB time=1.25 bitrate=  28.2kbits/s    frame=   20 fps=  3 q=0.0 size=       4kB time=1.25 bitrate=  28.2kbits/s    frame=   22 fps=  3 q=0.0 Lsize=      48kB time=1.38 bitrate= 287.2kbits/s    
video:26kB audio:3kB global headers:4kB muxing overhead 49.179638%
[01;32m[*][0m : 
[01;32m[*][0m : 
