[01;34m[*][0m [cmd] ffmpeg -version ffmpeg version 0.8.16-4:0.8.16-0ubuntu0.12.04.1, Copyright (c) 2000-2014 the Libav developers
  built on Sep 16 2014 18:33:49 with gcc 4.6.3
The ffmpeg program is only provided for script compatibility and will be removed
in a future release. It has been deprecated in the Libav project to allow for
incompatible command line syntax improvements in its replacement called avconv
(see Changelog for details). Please use avconv instead.
[01;32m[*][0m : 
[01;34m[*][0m [cmd] record_recordmydesktop [01;34m[*][0m [cmd] recordmydesktop --width 1024 --height 768 \ --full-shots --fps 15 --channels 1 --device pulse --v_quality 63 --s_quality 10 --v_bitrate 2000000 --no-wm-check --no-cursor --output=/tmp/PRODUCT/session.ogv [01;34m[*][0m [cmd] sleep 10 Initial recording window is set to:
X:0   Y:0    Width:1024    Height:768
Adjusted recording window is set to:
X:0   Y:0    Width:1024    Height:768
Initializing...
Buffer size adjusted to 4096 from 4096 frames.
Opened PCM device pulse
Recording on device pulse is set to:
1 channels at 22050Hz
Capturing!
[01;32m[*][0m : 
[01;34m[*][0m [cmd] killall recordmydesktop 
*********************************************

Cached 2 MB, from 228 MB that were received.
Average cache compression ratio: 98.8 %

*********************************************
Saved 152 frames in a total of 151 requests
Shutting down....[01;32m[*][0m : 
.
STATE:ENCODING
Encoding started!
This may take several minutes.
Pressing Ctrl-C will cancel the procedure (resuming will not be possible, but
any portion of the video, which is already encoded won't be deleted).
Please wait...
Output file: /tmp/PRODUCT/session.ogv
Encoding finished!
Wait a moment please...
   
Done.
Written 129890 bytes
(128953 of which were video data and 937 audio data)

Cleanning up cache...
Done!!!
Goodbye!
[01;32m[*][0m : 
[01;32m[*][0m : 
[01;34m[*][0m [cmd] convert_from_ogv [01;34m[*][0m [cmd] HandBrakeCLI -i /tmp/PRODUCT/session.ogv -o /tmp/PRODUCT/session.mp4 --encoder x264 --vb 1800 --ab 128 --maxWidth $WIDTH --maxHeight $HEIGHT --two-pass --optimize [13:46:06] hb_init: starting libhb thread
HandBrake rev0 (2013051899) - Linux x86_64 - http://handbrake.fr
32 CPUs detected
Opening /tmp/PRODUCT/session.ogv...
[13:46:06] hb_scan: path=/tmp/PRODUCT/session.ogv, title_index=1
libbluray/bdnav/index_parse.c:162: indx_parse(): error opening /tmp/PRODUCT/session.ogv/BDMV/index.bdmv
libbluray/bdnav/index_parse.c:162: indx_parse(): error opening /tmp/PRODUCT/session.ogv/BDMV/BACKUP/index.bdmv
libbluray/bluray.c:1725: nav_get_title_list(/tmp/PRODUCT/session.ogv) failed (0x7f920c000900)
[13:46:06] bd: not a bd - trying as a stream/file instead
libdvdnav: Using dvdnav version 4.1.3
libdvdread: Encrypted DVD support unavailable.
libdvdnav:DVDOpenFileUDF:UDFFindFile /VIDEO_TS/VIDEO_TS.IFO failed
libdvdnav:DVDOpenFileUDF:UDFFindFile /VIDEO_TS/VIDEO_TS.BUP failed
libdvdread: Can't open file VIDEO_TS.IFO.
libdvdnav: vm: failed to read VIDEO_TS.IFO
[13:46:06] dvd: not a dvd - trying as a stream/file instead
Input #0, ogg, from '/tmp/PRODUCT/session.ogv':
  Duration: 00:00:10.20, start: 0.000000, bitrate: 107 kb/s
    Stream #0.0: Data: skeleton
    Stream #0.1: Video: theora, yuv420p, 1024x768 [PAR 1:1 DAR 4:3], 13 fps, 15 tbn, 15 tbc
    Stream #0.2: Audio: vorbis, 22050 Hz, mono, fltp, 89 kb/s
[13:46:06] scan: decoding previews for title 1
[13:46:06] scan: audio 0x2: vorbis, rate=22050Hz, bitrate=89991 Unknown (vorbis) (1.0 ch)
[ogg @ 0x7f920c001860] read_timestamp() failed in the middle
[13:46:06] Warning: Could not read data for preview 4, skipped
[13:46:06] Warning: Could not read data for preview 5, skipped
[13:46:06] Warning: Could not read data for preview 6, skipped
[13:46:06] Warning: Could not read data for preview 7, skipped
[13:46:06] Warning: Could not read data for preview 8, skipped
[13:46:06] Warning: Could not read data for preview 9, skipped
[13:46:06] Warning: Could not read data for preview 10, skipped
[13:46:06] scan: 3 previews, 1024x768, 13.000 fps, autocrop = 0/0/0/0, aspect 4:3, PAR 1:1
[13:46:06] libhb: scan thread found 1 valid title(s)
+ title 1:
  + stream: /tmp/PRODUCT/session.ogv
  + duration: 00:00:10
  + size: 1024x768, pixel aspect: 1/1, display aspect: 1.33, 13.000 fps
  + autocrop: 0/0/0/0
  + chapters:
    + 1: cells 0->0, 0 blocks, duration 00:00:10
  + audio tracks:
    + 1, Unknown (vorbis) (1.0 ch) (iso639-2: und)
  + subtitle tracks:
[13:46:06] 2 job(s) to process
[13:46:06] starting job
[13:46:06] work: mixdown not specified, track 1 setting mixdown Mono
[13:46:06] work: sanitizing track 1 bitrate 128 to 96 Kbps
[13:46:06] sync: expecting 132 video frames
[13:46:06] job configuration:
[13:46:06]  * source
[13:46:06]    + /tmp/PRODUCT/session.ogv
[13:46:06]    + title 1, chapter(s) 1 to 1
[13:46:06]    + container: ogg
[13:46:06]    + data rate: 107 kbps
[13:46:06]  * destination
[13:46:06]    + /tmp/PRODUCT/session.mp4
[13:46:06]    + container: MPEG-4 (.mp4 and .m4v)
[13:46:06]      + optimized for progressive web downloads
[13:46:06]  * video track
[13:46:06]    + decoder: theora
[13:46:06]    + frame rate: same as source (around 13.000 fps)
[13:46:06]    + filters
[13:46:06]      + Framerate Shaper (0:27000000:2076923)
[13:46:06]        + frame rate: same as source (around 13.000 fps)
[13:46:06]      + Crop and Scale (1024:768:0:0:0:0)
[13:46:06]        + source: 1024 * 768, crop (0/0/0/0): 1024 * 768, scale: 1024 * 768
[13:46:06]    + dimensions: 1024 * 768, mod 0
[13:46:06]    + encoder: H.264 (x264)
[13:46:06]      + bitrate: 1800 kbps, pass: 1
[13:46:06]  * audio track 1
[13:46:06]    + decoder: Unknown (vorbis) (1.0 ch) (track 1, id 0x2)
[13:46:06]      + bitrate: 89 kbps, samplerate: 22050 Hz
[13:46:06]    + mixdown: Mono
[13:46:06]    + encoder: AAC (faac)
[13:46:06]      + bitrate: 96 kbps, samplerate: 22050 Hz
[13:46:07] reader: first SCR 0 id 0x1 DTS 0
[13:46:07] encx264: min-keyint: 13, keyint: 130
x264 [warning]: --psnr used with psy on: results will be invalid!
x264 [warning]: --tune psnr should be used if attempting to benchmark psnr!
x264 [info]: using cpu capabilities: MMX2 SSE2Fast SSSE3 SSE4.2 AVX XOP FMA4 FMA3 SSEMisalign LZCNT BMI1
x264 [info]: profile High, level 3.1
[13:46:07] reader: done. 1 scr changes
[13:46:07] work: average encoding speed for job is 0.000000 fps
[13:46:07] sync: got 19 frames, 132 expected
[13:46:07] render: lost time: 0 (0 frames)
[13:46:07] render: gained time: 0 (0 frames) (0 not accounted for)
[13:46:07] theora-decoder done: 19 frames, 0 decoder errors, 0 drops
x264 [info]: frame I:1     Avg QP:16.11  size: 17682  PSNR Mean Y:54.23 U:69.19 V:71.13 Avg:55.94 Global:55.94
x264 [info]: frame P:5     Avg QP: 9.15  size:  5385  PSNR Mean Y:58.20 U:68.89 V:65.99 Avg:59.69 Global:59.09
x264 [info]: frame B:13    Avg QP: 7.09  size:   219  PSNR Mean Y:58.19 U:67.02 V:65.91 Avg:59.61 Global:59.43
x264 [info]: consecutive B-frames:  5.3% 10.5%  0.0% 84.2%
x264 [info]: mb I  I16..4: 92.1%  0.6%  7.3%
x264 [info]: mb P  I16..4:  6.7%  0.0%  1.5%  P16..4:  3.3%  0.1%  0.1%  0.0%  0.0%    skip:88.3%
x264 [info]: mb B  I16..4:  0.2%  0.0%  0.0%  B16..8:  3.5%  0.1%  0.0%  direct: 1.3%  skip:94.8%  L0:48.4% L1:51.6% BI: 0.0%
x264 [info]: final ratefactor: -12.54
x264 [info]: 8x8 transform intra:0.5% inter:55.3%
x264 [info]: coded y,uvDC,uvAC intra: 6.7% 5.6% 0.4% inter: 0.4% 1.4% 0.1%
x264 [info]: i16 v,h,dc,p: 91%  7%  3%  0%
x264 [info]: i8 v,h,dc,ddl,ddr,vr,hd,vl,hu: 11% 26% 38%  8%  6%  0%  2%  4%  5%
x264 [info]: i4 v,h,dc,ddl,ddr,vr,hd,vl,hu: 30% 18% 24%  5%  5%  4%  5%  4%  6%
x264 [info]: i8c dc,h,v,p: 87%  7%  5%  0%
x264 [info]: Weighted P-Frames: Y:0.0% UV:0.0%
x264 [info]: ref P L0: 92.1%  0.4%  6.6%  0.8%
x264 [info]: ref B L0: 76.2% 22.3%  1.5%
x264 [info]: ref B L1: 98.5%  1.5%
x264 [info]: SSIM Mean Y:0.9996478 (34.532db)
x264 [info]: PSNR Mean Y:58.178 U:67.683 V:65.959 Avg:59.621 Global:59.284 kb/s:29.70
[13:46:07] vorbis-decoder done: 0 frames, 0 decoder errors, 0 drops
[13:46:07] starting job
[13:46:07] work: mixdown not specified, track 1 setting mixdown Mono
[13:46:07] work: sanitizing track 1 bitrate 128 to 96 Kbps
[13:46:07] sync: expecting 19 video frames
[13:46:07] job configuration:
[13:46:07]  * source
[13:46:07]    + /tmp/PRODUCT/session.ogv
[13:46:07]    + title 1, chapter(s) 1 to 1
[13:46:07]    + container: ogg
[13:46:07]    + data rate: 107 kbps
[13:46:07]  * destination
[13:46:07]    + /tmp/PRODUCT/session.mp4
[13:46:07]    + container: MPEG-4 (.mp4 and .m4v)
[13:46:07]      + optimized for progressive web downloads
[13:46:07]  * video track
[13:46:07]    + decoder: theora
[13:46:07]    + frame rate: same as source (around 13.000 fps)
[13:46:07]    + filters
[13:46:07]      + Framerate Shaper (0:27000000:2076923)
[13:46:07]        + frame rate: same as source (around 13.000 fps)
[13:46:07]      + Crop and Scale (1024:768:0:0:0:0)
[13:46:07]        + source: 1024 * 768, crop (0/0/0/0): 1024 * 768, scale: 1024 * 768
[13:46:07]    + dimensions: 1024 * 768, mod 0
[13:46:07]    + encoder: H.264 (x264)
[13:46:07]      + bitrate: 1800 kbps, pass: 2
[13:46:07]  * audio track 1
[13:46:07]    + decoder: Unknown (vorbis) (1.0 ch) (track 1, id 0x2)
[13:46:07]      + bitrate: 89 kbps, samplerate: 22050 Hz
[13:46:07]    + mixdown: Mono
[13:46:07]    + encoder: AAC (faac)
[13:46:07]      + bitrate: 96 kbps, samplerate: 22050 Hz
[13:46:07] reader: first SCR 0 id 0x1 DTS 0
[13:46:07] encx264: min-keyint: 13, keyint: 130
x264 [warning]: --psnr used with psy on: results will be invalid!
x264 [warning]: --tune psnr should be used if attempting to benchmark psnr!
x264 [info]: using cpu capabilities: MMX2 SSE2Fast SSSE3 SSE4.2 AVX XOP FMA4 FMA3 SSEMisalign LZCNT BMI1
x264 [warning]: Error: 2pass curve failed to converge
x264 [warning]: target: 1800.00 kbit/s, expected: 555.72 kbit/s, avg QP: 0.0241
x264 [warning]: try reducing target bitrate
x264 [info]: profile High, level 3.1
[13:46:08] reader: done. 1 scr changes
[13:46:08] work: average encoding speed for job is 0.000000 fps
[13:46:08] sync: got 19 frames, 19 expected
[13:46:08] render: lost time: 0 (0 frames)
[13:46:08] render: gained time: 0 (0 frames) (0 not accounted for)
[13:46:08] theora-decoder done: 19 frames, 0 decoder errors, 0 drops
x264 [info]: frame I:1     Avg QP: 0.01  size: 37583  PSNR Mean Y:80.30 U:100.00 V:96.30 Avg:82.03 Global:82.03
x264 [info]: frame P:5     Avg QP: 2.25  size: 13592  PSNR Mean Y:73.15 U:80.30 V:72.83 Avg:73.64 Global:73.57
x264 [info]: frame B:13    Avg QP: 2.57  size:   261  PSNR Mean Y:73.27 U:81.85 V:73.38 Avg:73.85 Global:73.75
x264 [info]: consecutive B-frames:  5.3% 10.5%  0.0% 84.2%
x264 [info]: mb I  I16..4: 92.2%  0.7%  7.2%
x264 [info]: mb P  I16..4:  6.6%  0.1%  1.4%  P16..4:  3.4%  0.1%  0.1%  0.0%  0.0%    skip:88.2%
x264 [info]: mb B  I16..4:  0.0%  0.0%  0.0%  B16..8:  1.8%  0.0%  0.0%  direct: 1.4%  skip:96.7%  L0:45.4% L1:54.5% BI: 0.1%
x264 [info]: 8x8 transform intra:0.9% inter:64.9%
x264 [info]: coded y,uvDC,uvAC intra: 6.8% 6.3% 1.9% inter: 0.5% 1.6% 0.4%
x264 [info]: i16 v,h,dc,p: 91%  6%  2%  0%
x264 [info]: i8 v,h,dc,ddl,ddr,vr,hd,vl,hu: 48%  7% 30%  2%  5%  1%  1%  4%  2%
x264 [info]: i4 v,h,dc,ddl,ddr,vr,hd,vl,hu: 26% 17% 24%  5%  5%  5%  6%  4%  7%
x264 [info]: i8c dc,h,v,p: 87%  8%  5%  0%
x264 [info]: Weighted P-Frames: Y:0.0% UV:0.0%
x264 [info]: ref P L0: 97.1%  2.3%  0.2%  0.4%
x264 [info]: ref B L0: 98.8%  1.2%
x264 [info]: SSIM Mean Y:0.9999876 (49.067db)
x264 [info]: PSNR Mean Y:73.255 U:81.379 V:73.276 Avg:73.809 Global:73.701 kb/s:68.18
[13:46:08] vorbis-decoder done: 0 frames, 0 decoder errors, 0 drops
[13:46:08] muxmp4: optimizing file
[13:46:08] mux: track 0, 19 frames, 108898 bytes, 87.79 kbps, fifo 32
[13:46:08] mux: track 1, 214 frames, 1301 bytes, 1.05 kbps, fifo 256
[13:46:08] libhb: work result = 0

Encode done!
HandBrake has exited.
[01;32m[*][0m : 
[01;34m[*][0m [cmd] ffmpeg -i /tmp/PRODUCT/session.mp4 -acodec libvorbis -ac 2 -ab 96k -ar 44100 -b:v 345k -s 1024x768 /tmp/PRODUCT/session.webm ffmpeg version 0.8.16-4:0.8.16-0ubuntu0.12.04.1, Copyright (c) 2000-2014 the Libav developers
  built on Sep 16 2014 18:33:49 with gcc 4.6.3
The ffmpeg program is only provided for script compatibility and will be removed
in a future release. It has been deprecated in the Libav project to allow for
incompatible command line syntax improvements in its replacement called avconv
(see Changelog for details). Please use avconv instead.
[mov,mp4,m4a,3gp,3g2,mj2 @ 0x1db07a0] max_analyze_duration reached

Seems stream 0 codec frame rate differs from container frame rate: 180000.00 (180000/1) -> 90000.00 (180000/2)
Input #0, mov,mp4,m4a,3gp,3g2,mj2, from '/tmp/PRODUCT/session.mp4':
  Metadata:
    major_brand     : mp42
    minor_version   : 0
    compatible_brands: mp42isomavc1
    creation_time   : 2014-10-15 13:46:07
    encoder         : HandBrake rev0 2013051899
  Duration: 00:00:09.93, start: 0.000000, bitrate: 90 kb/s
    Stream #0.0(und): Video: h264 (High), yuv420p, 1024x768, 101 kb/s, 2.21 fps, 90k tbr, 90k tbn, 180k tbc
    Metadata:
      creation_time   : 2014-10-15 13:46:07
    Stream #0.1(und): Audio: aac, 22050 Hz, mono, s16, 1 kb/s
    Metadata:
      creation_time   : 2014-10-15 13:46:07
[buffer @ 0x1db6500] w:1024 h:768 pixfmt:yuv420p
[libvpx @ 0x1db79a0] v1.0.0
Output #0, webm, to '/tmp/PRODUCT/session.webm':
  Metadata:
    major_brand     : mp42
    minor_version   : 0
    compatible_brands: mp42isomavc1
    creation_time   : 2014-10-15 13:46:07
    encoder         : Lavf53.21.1
    Stream #0.0(und): Video: libvpx, yuv420p, 1024x768, q=-1--1, 200 kb/s, 1k tbn, 90k tbc
    Metadata:
      creation_time   : 2014-10-15 13:46:07
    Stream #0.1(und): Audio: libvorbis, 44100 Hz, 2 channels, s16, 96 kb/s
    Metadata:
      creation_time   : 2014-10-15 13:46:07
Stream mapping:
  Stream #0.0 -> #0.0
  Stream #0.1 -> #0.1
Press ctrl-c to stop encoding
frame=    3 fps=  0 q=0.0 size=       4kB time=0.12 bitrate= 304.0kbits/s    frame=    6 fps=  5 q=0.0 size=       4kB time=0.32 bitrate= 111.6kbits/s    frame=   10 fps=  5 q=0.0 size=      36kB time=0.72 bitrate= 415.4kbits/s    frame=   14 fps=  5 q=0.0 size=      36kB time=0.98 bitrate= 302.6kbits/s    frame=   19 fps=  6 q=0.0 Lsize=      54kB time=8.58 bitrate=  51.5kbits/s    
video:47kB audio:0kB global headers:4kB muxing overhead 6.268754%
[01;32m[*][0m : 
[01;32m[*][0m : 
