[01;34m[*][0m [cmd] ffmpeg -version ffmpeg version 0.8.16-4:0.8.16-0ubuntu0.12.04.1, Copyright (c) 2000-2014 the Libav developers
  built on Sep 16 2014 18:33:49 with gcc 4.6.3
The ffmpeg program is only provided for script compatibility and will be removed
in a future release. It has been deprecated in the Libav project to allow for
incompatible command line syntax improvements in its replacement called avconv
(see Changelog for details). Please use avconv instead.
[01;32m[*][0m : 
[01;34m[*][0m [cmd] record_recordmydesktop [01;34m[*][0m [cmd] sleep 10 [01;34m[*][0m [cmd] recordmydesktop --width 1024 --height 768 \ --full-shots --fps 15 --channels 1 --device pulse --v_quality 63 --s_quality 10 --v_bitrate 2000000 --no-wm-check --no-cursor --output=/tmp/PRODUCT/session.ogv Initial recording window is set to:
X:0   Y:0    Width:1024    Height:768
Adjusted recording window is set to:
X:0   Y:0    Width:1024    Height:768
Initializing...
Buffer size adjusted to 4096 from 4096 frames.
Opened PCM device pulse
Recording on device pulse is set to:
1 channels at 22050Hz
Capturing!
[01;32m[*][0m : 
[01;34m[*][0m [cmd] killall recordmydesktop 
*********************************************

Cached 2 MB, from 228 MB that were received.
Average cache compression ratio: 98.9 %

*********************************************
Saved 152 frames in a total of 151 requests
Shutting down....[01;32m[*][0m : 
.
STATE:ENCODING
Encoding started!
This may take several minutes.
Pressing Ctrl-C will cancel the procedure (resuming will not be possible, but
any portion of the video, which is already encoded won't be deleted).
Please wait...
Output file: /tmp/PRODUCT/session.ogv
Encoding finished!
Wait a moment please...
   
Done.
Written 33721 bytes
(32880 of which were video data and 841 audio data)

Cleanning up cache...
Done!!!
Goodbye!
[01;32m[*][0m : 
[01;32m[*][0m : 
[01;34m[*][0m [cmd] convert_from_ogv [01;34m[*][0m [cmd] HandBrakeCLI -i /tmp/PRODUCT/session.ogv -o /tmp/PRODUCT/session.mp4 --encoder x264 --vb 1800 --ab 128 --maxWidth $WIDTH --maxHeight $HEIGHT --two-pass --optimize [13:04:56] hb_init: starting libhb thread
HandBrake rev0 (2013051899) - Linux x86_64 - http://handbrake.fr
32 CPUs detected
Opening /tmp/PRODUCT/session.ogv...
[13:04:56] hb_scan: path=/tmp/PRODUCT/session.ogv, title_index=1
libbluray/bdnav/index_parse.c:162: indx_parse(): error opening /tmp/PRODUCT/session.ogv/BDMV/index.bdmv
libbluray/bdnav/index_parse.c:162: indx_parse(): error opening /tmp/PRODUCT/session.ogv/BDMV/BACKUP/index.bdmv
libbluray/bluray.c:1725: nav_get_title_list(/tmp/PRODUCT/session.ogv) failed (0x7fc478000900)
[13:04:56] bd: not a bd - trying as a stream/file instead
libdvdnav: Using dvdnav version 4.1.3
libdvdread: Encrypted DVD support unavailable.
libdvdnav:DVDOpenFileUDF:UDFFindFile /VIDEO_TS/VIDEO_TS.IFO failed
libdvdnav:DVDOpenFileUDF:UDFFindFile /VIDEO_TS/VIDEO_TS.BUP failed
libdvdread: Can't open file VIDEO_TS.IFO.
libdvdnav: vm: failed to read VIDEO_TS.IFO
[13:04:56] dvd: not a dvd - trying as a stream/file instead
Input #0, ogg, from '/tmp/PRODUCT/session.ogv':
  Duration: 00:00:10.20, start: 0.000000, bitrate: 32 kb/s
    Stream #0.0: Data: skeleton
    Stream #0.1: Video: theora, yuv420p, 1024x768 [PAR 1:1 DAR 4:3], 15 fps, 15 tbn, 15 tbc
    Stream #0.2: Audio: vorbis, 22050 Hz, mono, fltp, 89 kb/s
[13:04:56] scan: decoding previews for title 1
[13:04:56] scan: audio 0x2: vorbis, rate=22050Hz, bitrate=89991 Unknown (vorbis) (1.0 ch)
[13:04:56] Warning: Could not read data for preview 1, skipped
[13:04:56] scan: 9 previews, 1024x768, 15.000 fps, autocrop = 0/0/0/0, aspect 4:3, PAR 1:1
Scanning title 1 of 1, preview 10, 100.00 %[13:04:56] libhb: scan thread found 1 valid title(s)
+ title 1:
  + stream: /tmp/PRODUCT/session.ogv
  + duration: 00:00:10
  + size: 1024x768, pixel aspect: 1/1, display aspect: 1.33, 15.000 fps
  + autocrop: 0/0/0/0
  + chapters:
    + 1: cells 0->0, 0 blocks, duration 00:00:10
  + audio tracks:
    + 1, Unknown (vorbis) (1.0 ch) (iso639-2: und)
  + subtitle tracks:
[13:04:56] 2 job(s) to process
[13:04:56] starting job
[13:04:56] work: mixdown not specified, track 1 setting mixdown Mono
[13:04:56] work: sanitizing track 1 bitrate 128 to 96 Kbps
[13:04:56] sync: expecting 153 video frames
[13:04:56] job configuration:
[13:04:56]  * source
[13:04:56]    + /tmp/PRODUCT/session.ogv
[13:04:56]    + title 1, chapter(s) 1 to 1
[13:04:56]    + container: ogg
[13:04:56]    + data rate: 32 kbps
[13:04:56]  * destination
[13:04:56]    + /tmp/PRODUCT/session.mp4
[13:04:56]    + container: MPEG-4 (.mp4 and .m4v)
[13:04:56]      + optimized for progressive web downloads
[13:04:56]  * video track
[13:04:56]    + decoder: theora
[13:04:56]    + frame rate: same as source (around 15.000 fps)
[13:04:56]    + filters
[13:04:56]      + Framerate Shaper (0:27000000:1800000)
[13:04:56]        + frame rate: same as source (around 15.000 fps)
[13:04:56]      + Crop and Scale (1024:768:0:0:0:0)
[13:04:56]        + source: 1024 * 768, crop (0/0/0/0): 1024 * 768, scale: 1024 * 768
[13:04:56]    + dimensions: 1024 * 768, mod 0
[13:04:56]    + encoder: H.264 (x264)
[13:04:56]      + bitrate: 1800 kbps, pass: 1
[13:04:56]  * audio track 1
[13:04:56]    + decoder: Unknown (vorbis) (1.0 ch) (track 1, id 0x2)
[13:04:56]      + bitrate: 89 kbps, samplerate: 22050 Hz
[13:04:56]    + mixdown: Mono
[13:04:56]    + encoder: AAC (faac)
[13:04:56]      + bitrate: 96 kbps, samplerate: 22050 Hz
[13:04:57] reader: first SCR 0 id 0x1 DTS 0
[13:04:57] encx264: min-keyint: 15, keyint: 150
x264 [warning]: --psnr used with psy on: results will be invalid!
x264 [warning]: --tune psnr should be used if attempting to benchmark psnr!
x264 [info]: using cpu capabilities: MMX2 SSE2Fast SSSE3 SSE4.2 AVX XOP FMA4 SSEMisalign LZCNT
x264 [info]: profile High, level 3.1
[13:04:57] reader: done. 1 scr changes
[13:04:57] work: average encoding speed for job is 0.000000 fps
[13:04:57] sync: got 12 frames, 153 expected
[13:04:57] render: lost time: 0 (0 frames)
[13:04:57] render: gained time: 0 (0 frames) (0 not accounted for)
[13:04:57] theora-decoder done: 12 frames, 0 decoder errors, 0 drops
x264 [info]: frame I:1     Avg QP:19.25  size: 14890  PSNR Mean Y:52.30 U:69.54 V:71.22 Avg:54.03 Global:54.03
x264 [info]: frame P:3     Avg QP:10.11  size:   723  PSNR Mean Y:70.32 U:82.36 V:88.66 Avg:71.47 Global:56.91
x264 [info]: frame B:8     Avg QP: 7.49  size:   183  PSNR Mean Y:63.60 U:74.44 V:75.32 Avg:64.87 Global:54.37
x264 [info]: consecutive B-frames:  8.3%  0.0% 25.0% 66.7%
x264 [info]: mb I  I16..4: 92.4%  0.7%  6.9%
x264 [info]: mb P  I16..4:  7.4%  0.0%  0.0%  P16..4:  1.6%  0.1%  0.0%  0.0%  0.0%    skip:90.9%
x264 [info]: mb B  I16..4:  0.3%  0.0%  0.0%  B16..8:  2.3%  0.1%  0.0%  direct: 1.6%  skip:95.7%  L0:44.4% L1:55.6% BI: 0.0%
x264 [info]: final ratefactor: 3.68
x264 [info]: 8x8 transform intra:0.6% inter:23.8%
x264 [info]: coded y,uvDC,uvAC intra: 4.1% 4.6% 0.2% inter: 0.2% 1.2% 0.0%
x264 [info]: i16 v,h,dc,p: 93%  5%  2%  0%
x264 [info]: i8 v,h,dc,ddl,ddr,vr,hd,vl,hu: 12% 15% 36%  8%  6%  2%  5%  7%  9%
x264 [info]: i4 v,h,dc,ddl,ddr,vr,hd,vl,hu: 29% 15% 27%  5%  4%  4%  5%  4%  6%
x264 [info]: i8c dc,h,v,p: 91%  5%  4%  0%
x264 [info]: Weighted P-Frames: Y:33.3% UV:0.0%
x264 [info]: ref P L0: 95.9%  0.0%  3.5%  0.6%
x264 [info]: ref B L0: 79.4% 19.8%  0.8%
x264 [info]: ref B L1: 94.4%  5.6%
x264 [info]: SSIM Mean Y:0.9991868 (30.898db)
x264 [info]: PSNR Mean Y:64.609 U:76.160 V:78.472 Avg:65.876 Global:54.864 kb/s:189.33
[13:04:58] vorbis-decoder done: 0 frames, 0 decoder errors, 0 drops
[13:04:58] starting job
[13:04:58] work: mixdown not specified, track 1 setting mixdown Mono
[13:04:58] work: sanitizing track 1 bitrate 128 to 96 Kbps
[13:04:58] sync: expecting 12 video frames
[13:04:58] job configuration:
[13:04:58]  * source
[13:04:58]    + /tmp/PRODUCT/session.ogv
[13:04:58]    + title 1, chapter(s) 1 to 1
[13:04:58]    + container: ogg
[13:04:58]    + data rate: 32 kbps
[13:04:58]  * destination
[13:04:58]    + /tmp/PRODUCT/session.mp4
[13:04:58]    + container: MPEG-4 (.mp4 and .m4v)
[13:04:58]      + optimized for progressive web downloads
[13:04:58]  * video track
[13:04:58]    + decoder: theora
[13:04:58]    + frame rate: same as source (around 15.000 fps)
[13:04:58]    + filters
[13:04:58]      + Framerate Shaper (0:27000000:1800000)
[13:04:58]        + frame rate: same as source (around 15.000 fps)
[13:04:58]      + Crop and Scale (1024:768:0:0:0:0)
[13:04:58]        + source: 1024 * 768, crop (0/0/0/0): 1024 * 768, scale: 1024 * 768
[13:04:58]    + dimensions: 1024 * 768, mod 0
[13:04:58]    + encoder: H.264 (x264)
[13:04:58]      + bitrate: 1800 kbps, pass: 2
[13:04:58]  * audio track 1
[13:04:58]    + decoder: Unknown (vorbis) (1.0 ch) (track 1, id 0x2)
[13:04:58]      + bitrate: 89 kbps, samplerate: 22050 Hz
[13:04:58]    + mixdown: Mono
[13:04:58]    + encoder: AAC (faac)
[13:04:58]      + bitrate: 96 kbps, samplerate: 22050 Hz
[13:04:58] reader: first SCR 0 id 0x1 DTS 0
[13:04:58] encx264: min-keyint: 15, keyint: 150
x264 [warning]: --psnr used with psy on: results will be invalid!
x264 [warning]: --tune psnr should be used if attempting to benchmark psnr!
x264 [info]: using cpu capabilities: MMX2 SSE2Fast SSSE3 SSE4.2 AVX XOP FMA4 SSEMisalign LZCNT
x264 [info]: profile High, level 3.1
[13:04:58] reader: done. 1 scr changes
[13:04:58] work: average encoding speed for job is 0.000000 fps
[13:04:58] sync: got 12 frames, 12 expected
[13:04:58] render: lost time: 0 (0 frames)
[13:04:58] render: gained time: 0 (0 frames) (0 not accounted for)
[13:04:58] theora-decoder done: 12 frames, 0 decoder errors, 0 drops
x264 [info]: frame I:1     Avg QP: 0.79  size: 35191  PSNR Mean Y:72.55 U:90.28 V:90.28 Avg:74.28 Global:74.28
x264 [info]: frame P:3     Avg QP: 1.59  size:  5814  PSNR Mean Y:83.93 U:97.17 V:94.25 Avg:85.08 Global:77.29
x264 [info]: frame B:8     Avg QP: 0.94  size:   242  PSNR Mean Y:79.12 U:93.64 V:87.16 Avg:80.36 Global:75.01
x264 [info]: consecutive B-frames:  8.3%  0.0% 25.0% 66.7%
x264 [info]: mb I  I16..4: 92.4%  0.2%  7.5%
x264 [info]: mb P  I16..4:  7.2%  0.0%  0.0%  P16..4:  2.6%  0.1%  0.0%  0.0%  0.0%    skip:90.1%
x264 [info]: mb B  I16..4:  0.0%  0.0%  0.0%  B16..8:  1.6%  0.0%  0.0%  direct: 1.6%  skip:96.8%  L0:39.2% L1:60.8% BI: 0.0%
x264 [info]: 8x8 transform intra:0.2% inter:55.1%
x264 [info]: coded y,uvDC,uvAC intra: 4.2% 5.1% 0.7% inter: 0.5% 1.3% 0.1%
x264 [info]: i16 v,h,dc,p: 93%  5%  2%  0%
x264 [info]: i8 v,h,dc,ddl,ddr,vr,hd,vl,hu:  4%  4% 62%  0%  4% 17%  0%  0%  8%
x264 [info]: i4 v,h,dc,ddl,ddr,vr,hd,vl,hu: 30% 17% 21%  5%  5%  5%  7%  5%  7%
x264 [info]: i8c dc,h,v,p: 91%  5%  4%  0%
x264 [info]: Weighted P-Frames: Y:33.3% UV:0.0%
x264 [info]: ref P L0: 98.2%  0.8%  1.0%
x264 [info]: ref B L0: 91.9%  8.1%
x264 [info]: ref B L1: 99.8%  0.2%
x264 [info]: SSIM Mean Y:0.9999895 (49.792db)
x264 [info]: PSNR Mean Y:79.936 U:94.334 V:89.169 Avg:81.184 Global:75.431 kb/s:557.84
[13:04:59] vorbis-decoder done: 0 frames, 0 decoder errors, 0 drops
[13:04:59] muxmp4: optimizing file
[13:04:59] mux: track 0, 12 frames, 54529 bytes, 49.57 kbps, fifo 16
[13:04:59] mux: track 1, 190 frames, 1157 bytes, 1.05 kbps, fifo 256
[13:04:59] libhb: work result = 0

Encode done!
HandBrake has exited.
[01;32m[*][0m : 
[01;34m[*][0m [cmd] ffmpeg -i /tmp/PRODUCT/session.mp4 -acodec libvorbis -ac 2 -ab 96k -ar 44100 -b:v 345k -s 1024x768 /tmp/PRODUCT/session.webm ffmpeg version 0.8.16-4:0.8.16-0ubuntu0.12.04.1, Copyright (c) 2000-2014 the Libav developers
  built on Sep 16 2014 18:33:49 with gcc 4.6.3
The ffmpeg program is only provided for script compatibility and will be removed
in a future release. It has been deprecated in the Libav project to allow for
incompatible command line syntax improvements in its replacement called avconv
(see Changelog for details). Please use avconv instead.
[mov,mp4,m4a,3gp,3g2,mj2 @ 0x7007a0] max_analyze_duration reached

Seems stream 0 codec frame rate differs from container frame rate: 180000.00 (180000/1) -> 90000.00 (180000/2)
Input #0, mov,mp4,m4a,3gp,3g2,mj2, from '/tmp/PRODUCT/session.mp4':
  Metadata:
    major_brand     : mp42
    minor_version   : 0
    compatible_brands: mp42isomavc1
    creation_time   : 2014-10-09 13:04:58
    encoder         : HandBrake rev0 2013051899
  Duration: 00:00:08.82, start: 0.000000, bitrate: 52 kb/s
    Stream #0.0(und): Video: h264 (High), yuv420p, 1024x768, 570 kb/s, 15.68 fps, 90k tbr, 90k tbn, 180k tbc
    Metadata:
      creation_time   : 2014-10-09 13:04:58
    Stream #0.1(und): Audio: aac, 22050 Hz, mono, s16, 1 kb/s
    Metadata:
      creation_time   : 2014-10-09 13:04:58
[buffer @ 0x7039c0] w:1024 h:768 pixfmt:yuv420p
[libvpx @ 0x7b4960] v1.0.0
Output #0, webm, to '/tmp/PRODUCT/session.webm':
  Metadata:
    major_brand     : mp42
    minor_version   : 0
    compatible_brands: mp42isomavc1
    creation_time   : 2014-10-09 13:04:58
    encoder         : Lavf53.21.1
    Stream #0.0(und): Video: libvpx, yuv420p, 1024x768, q=-1--1, 200 kb/s, 1k tbn, 90k tbc
    Metadata:
      creation_time   : 2014-10-09 13:04:58
    Stream #0.1(und): Audio: libvorbis, 44100 Hz, 2 channels, s16, 96 kb/s
    Metadata:
      creation_time   : 2014-10-09 13:04:58
Stream mapping:
  Stream #0.0 -> #0.0
  Stream #0.1 -> #0.1
Press ctrl-c to stop encoding
frame=    3 fps=  0 q=0.0 size=       4kB time=0.12 bitrate= 304.0kbits/s    frame=    6 fps=  4 q=0.0 size=       4kB time=0.32 bitrate= 111.6kbits/s    frame=   10 fps=  5 q=0.0 size=       4kB time=0.58 bitrate=  60.5kbits/s    frame=   12 fps=  4 q=0.0 Lsize=      32kB time=0.72 bitrate= 364.0kbits/s    
video:25kB audio:0kB global headers:4kB muxing overhead 9.845241%
[01;32m[*][0m : 
[01;32m[*][0m : 
