
Starting to update gh-pages

rm '363/README.md'
rm '363/files/session.ogv'
rm '363/files/session.png'
rm '363/log/debug_screen.err'
rm '363/log/debug_screen.out'
rm '363/log/install_deps.err'
rm '363/log/install_deps.out'
rm '363/log/library.err'
rm '363/log/library.out'
rm '363/log/push_to_github.err'
rm '363/log/push_to_github.out'
rm '363/log/record_start.err'
rm '363/log/record_start.out'
rm '363/log/tests.err'
rm '363/log/tests.out'
rm '364/README.md'
rm '364/files/session.ogv'
rm '364/files/session.png'
rm '364/log/debug_screen.err'
rm '364/log/debug_screen.out'
rm '364/log/install_deps.err'
rm '364/log/install_deps.out'
rm '364/log/library.err'
rm '364/log/library.out'
rm '364/log/push_to_github.err'
rm '364/log/push_to_github.out'
rm '364/log/record_start.err'
rm '364/log/record_start.out'
rm '364/log/tests.err'
rm '364/log/tests.out'
rm '365/files/session.ogv'
rm '365/files/session.png'
rm '365/log.txt'
rm '365/log/debug_screen.err'
rm '365/log/debug_screen.out'
rm '365/log/install_deps.err'
rm '365/log/install_deps.out'
rm '365/log/library.err'
rm '365/log/library.out'
rm '365/log/push_to_github.err'
rm '365/log/push_to_github.out'
rm '365/log/record_start.err'
rm '365/log/record_start.out'
rm '365/log/tests.err'
rm '365/log/tests.out'
