Starting to update gh-pages


rm 'build/865/log.txt'
rm 'build/865/log/capture.err'
rm 'build/865/log/capture.out'
rm 'build/865/log/debug_screen.err'
rm 'build/865/log/debug_screen.out'
rm 'build/865/log/push_to_github.err'
rm 'build/865/log/push_to_github.out'
rm 'build/865/log/record.err'
rm 'build/865/log/record.out'
rm 'build/865/log/task.err'
rm 'build/865/log/task.out'
rm 'build/865/log/x11.err'
rm 'build/865/log/x11.out'
rm 'build/865/media/00.png'
rm 'build/865/media/03.png'
rm 'build/865/media/07.png'
rm 'build/865/media/10.png'
rm 'build/865/media/14.png'
rm 'build/865/media/17.png'
rm 'build/865/media/21.png'
rm 'build/865/media/24.png'
rm 'build/865/media/28.png'
rm 'build/865/media/31.png'
rm 'build/865/media/34.png'
rm 'build/865/media/38.png'
rm 'build/865/media/41.png'
rm 'build/865/media/43.png'
rm 'build/865/media/46.png'
rm 'build/865/media/49.png'
rm 'build/865/media/53.png'
rm 'build/865/media/56.png'
rm 'build/865/media/session.mp4'
rm 'build/865/media/session.ogv'
rm 'build/865/media/session.png'
rm 'build/865/media/session.webm'

