[01;34m[*][0m [cmd] ffmpeg -version ffmpeg version 0.8.16-4:0.8.16-0ubuntu0.12.04.1, Copyright (c) 2000-2014 the Libav developers
  built on Sep 16 2014 18:33:49 with gcc 4.6.3
The ffmpeg program is only provided for script compatibility and will be removed
in a future release. It has been deprecated in the Libav project to allow for
incompatible command line syntax improvements in its replacement called avconv
(see Changelog for details). Please use avconv instead.
[01;32m[*][0m : 
[01;34m[*][0m [cmd] record_recordmydesktop [01;34m[*][0m [cmd] sleep 60 [01;34m[*][0m [cmd] recordmydesktop --width 1024 --height 768 \ --full-shots --fps 15 --channels 1 --device pulse --v_quality 63 --s_quality 10 --v_bitrate 2000000 --no-wm-check --no-cursor --output=/tmp/PRODUCT/session.ogv Initial recording window is set to:
X:0   Y:0    Width:1024    Height:768
Adjusted recording window is set to:
X:0   Y:0    Width:1024    Height:768
Initializing...
Buffer size adjusted to 4096 from 4096 frames.
Opened PCM device pulse
Recording on device pulse is set to:
1 channels at 22050Hz
Capturing!
[01;32m[*][0m : 
[01;34m[*][0m [cmd] killall recordmydesktop [01;32m[*][0m : 

*********************************************

Cached 2 MB, from 1350 MB that were received.
Average cache compression ratio: 99.8 %

*********************************************
Shutting down.Saved 900 frames in a total of 901 requests
....
STATE:ENCODING
Encoding started!
This may take several minutes.
Pressing Ctrl-C will cancel the procedure (resuming will not be possible, but
any portion of the video, which is already encoded won't be deleted).
Please wait...
Output file: /tmp/PRODUCT/session.ogv
Encoding finished!
Wait a moment please...
   
Done.
Written 39608 bytes
(34327 of which were video data and 5281 audio data)

Cleanning up cache...
Done!!!
Goodbye!
[01;32m[*][0m : 
[01;32m[*][0m : 
[01;34m[*][0m [cmd] convert_from_ogv [01;34m[*][0m [cmd] HandBrakeCLI -i /tmp/PRODUCT/session.ogv -o /tmp/PRODUCT/session.mp4 --encoder x264 --vb 1800 --ab 128 --maxWidth $WIDTH --maxHeight $HEIGHT --two-pass --optimize [11:56:41] hb_init: starting libhb thread
HandBrake rev0 (2013051899) - Linux x86_64 - http://handbrake.fr
32 CPUs detected
Opening /tmp/PRODUCT/session.ogv...
[11:56:41] hb_scan: path=/tmp/PRODUCT/session.ogv, title_index=1
libbluray/bdnav/index_parse.c:162: indx_parse(): error opening /tmp/PRODUCT/session.ogv/BDMV/index.bdmv
libbluray/bdnav/index_parse.c:162: indx_parse(): error opening /tmp/PRODUCT/session.ogv/BDMV/BACKUP/index.bdmv
libbluray/bluray.c:1725: nav_get_title_list(/tmp/PRODUCT/session.ogv) failed (0x7f54a4000900)
[11:56:41] bd: not a bd - trying as a stream/file instead
libdvdnav: Using dvdnav version 4.1.3
libdvdread: Encrypted DVD support unavailable.
libdvdnav:DVDOpenFileUDF:UDFFindFile /VIDEO_TS/VIDEO_TS.IFO failed
libdvdnav:DVDOpenFileUDF:UDFFindFile /VIDEO_TS/VIDEO_TS.BUP failed
libdvdread: Can't open file VIDEO_TS.IFO.
libdvdnav: vm: failed to read VIDEO_TS.IFO
[11:56:41] dvd: not a dvd - trying as a stream/file instead
Input #0, ogg, from '/tmp/PRODUCT/session.ogv':
  Duration: 00:01:00.13, start: 0.000000, bitrate: 6 kb/s
    Stream #0.0: Data: skeleton
    Stream #0.1: Video: theora, yuv420p, 1024x768 [PAR 1:1 DAR 4:3], 15 fps, 15 tbn, 15 tbc
    Stream #0.2: Audio: vorbis, 22050 Hz, mono, fltp, 89 kb/s
[11:56:41] scan: decoding previews for title 1
[11:56:41] scan: audio 0x2: vorbis, rate=22050Hz, bitrate=89991 Unknown (vorbis) (1.0 ch)
[11:56:41] scan: 10 previews, 1024x768, 15.000 fps, autocrop = 0/0/0/0, aspect 4:3, PAR 1:1
[11:56:41] libhb: scan thread found 1 valid title(s)
+ title 1:
  + stream: /tmp/PRODUCT/session.ogv
  + duration: 00:01:00
  + size: 1024x768, pixel aspect: 1/1, display aspect: 1.33, 15.000 fps
  + autocrop: 0/0/0/0
  + chapters:
    + 1: cells 0->0, 0 blocks, duration 00:01:00
  + audio tracks:
    + 1, Unknown (vorbis) (1.0 ch) (iso639-2: und)
  + subtitle tracks:
[11:56:41] 2 job(s) to process
[11:56:41] starting job
[11:56:41] work: mixdown not specified, track 1 setting mixdown Mono
[11:56:41] work: sanitizing track 1 bitrate 128 to 96 Kbps
[11:56:41] sync: expecting 901 video frames
[11:56:41] job configuration:
[11:56:41]  * source
[11:56:41]    + /tmp/PRODUCT/session.ogv
[11:56:41]    + title 1, chapter(s) 1 to 1
[11:56:41]    + container: ogg
[11:56:41]    + data rate: 6 kbps
[11:56:41]  * destination
[11:56:41]    + /tmp/PRODUCT/session.mp4
[11:56:41]    + container: MPEG-4 (.mp4 and .m4v)
[11:56:41]      + optimized for progressive web downloads
[11:56:41]  * video track
[11:56:41]    + decoder: theora
[11:56:41]    + frame rate: same as source (around 15.000 fps)
[11:56:41]    + filters
[11:56:41]      + Framerate Shaper (0:27000000:1800000)
[11:56:41]        + frame rate: same as source (around 15.000 fps)
[11:56:41]      + Crop and Scale (1024:768:0:0:0:0)
[11:56:41]        + source: 1024 * 768, crop (0/0/0/0): 1024 * 768, scale: 1024 * 768
[11:56:41]    + dimensions: 1024 * 768, mod 0
[11:56:41]    + encoder: H.264 (x264)
[11:56:41]      + bitrate: 1800 kbps, pass: 1
[11:56:41]  * audio track 1
[11:56:41]    + decoder: Unknown (vorbis) (1.0 ch) (track 1, id 0x2)
[11:56:41]      + bitrate: 89 kbps, samplerate: 22050 Hz
[11:56:41]    + mixdown: Mono
[11:56:41]    + encoder: AAC (faac)
[11:56:41]      + bitrate: 96 kbps, samplerate: 22050 Hz
[11:56:41] reader: first SCR 0 id 0x1 DTS 0
[11:56:41] encx264: min-keyint: 15, keyint: 150
x264 [warning]: --psnr used with psy on: results will be invalid!
x264 [warning]: --tune psnr should be used if attempting to benchmark psnr!
x264 [info]: using cpu capabilities: MMX2 SSE2Fast SSSE3 SSE4.2 AVX XOP FMA4 SSEMisalign LZCNT
x264 [info]: profile High, level 3.1
[11:56:42] reader: done. 1 scr changes
[11:56:43] work: average encoding speed for job is 0.000000 fps
[11:56:43] sync: got 21 frames, 901 expected
[11:56:43] render: lost time: 0 (0 frames)
[11:56:43] render: gained time: 0 (0 frames) (0 not accounted for)
[11:56:43] theora-decoder done: 21 frames, 0 decoder errors, 0 drops
x264 [info]: frame I:1     Avg QP:11.29  size: 13900  PSNR Mean Y:49.58 U:66.56 V:68.67 Avg:51.31 Global:51.31
x264 [info]: frame P:5     Avg QP: 8.18  size:   137  PSNR Mean Y:89.83 U:92.66 V:93.42 Avg:90.17 Global:57.82
x264 [info]: frame B:15    Avg QP: 9.55  size:   144  PSNR Mean Y:87.09 U:91.77 V:93.29 Avg:87.55 Global:58.03
x264 [info]: consecutive B-frames:  4.8%  0.0%  0.0% 95.2%
x264 [info]: mb I  I16..4: 90.8%  0.9%  8.3%
x264 [info]: mb P  I16..4:  3.5%  0.0%  0.0%  P16..4:  0.4%  0.0%  0.0%  0.0%  0.0%    skip:96.1%
x264 [info]: mb B  I16..4:  0.1%  0.0%  0.0%  B16..8:  1.0%  0.0%  0.0%  direct: 0.8%  skip:98.0%  L0:40.2% L1:59.8% BI: 0.0%
x264 [info]: final ratefactor: -1.60
x264 [info]: 8x8 transform intra:0.7% inter:3.0%
x264 [info]: coded y,uvDC,uvAC intra: 4.3% 3.3% 0.2% inter: 0.1% 0.7% 0.0%
x264 [info]: i16 v,h,dc,p: 94%  4%  2%  0%
x264 [info]: i8 v,h,dc,ddl,ddr,vr,hd,vl,hu: 27% 24% 31%  4%  2%  3%  2%  1%  6%
x264 [info]: i4 v,h,dc,ddl,ddr,vr,hd,vl,hu: 32% 23% 22%  4%  4%  3%  4%  3%  5%
x264 [info]: i8c dc,h,v,p: 92%  5%  3%  0%
x264 [info]: Weighted P-Frames: Y:20.0% UV:0.0%
x264 [info]: ref B L0: 99.4%  0.6%
x264 [info]: ref B L1: 95.2%  4.8%
x264 [info]: SSIM Mean Y:0.9996485 (34.540db)
x264 [info]: PSNR Mean Y:86.412 U:91.089 V:92.443 Avg:86.887 Global:57.447 kb/s:96.86
[11:56:43] vorbis-decoder done: 0 frames, 0 decoder errors, 0 drops
[11:56:43] starting job
[11:56:43] work: mixdown not specified, track 1 setting mixdown Mono
[11:56:43] work: sanitizing track 1 bitrate 128 to 96 Kbps
[11:56:43] sync: expecting 21 video frames
[11:56:43] job configuration:
[11:56:43]  * source
[11:56:43]    + /tmp/PRODUCT/session.ogv
[11:56:43]    + title 1, chapter(s) 1 to 1
[11:56:43]    + container: ogg
[11:56:43]    + data rate: 6 kbps
[11:56:43]  * destination
[11:56:43]    + /tmp/PRODUCT/session.mp4
[11:56:43]    + container: MPEG-4 (.mp4 and .m4v)
[11:56:43]      + optimized for progressive web downloads
[11:56:43]  * video track
[11:56:43]    + decoder: theora
[11:56:43]    + frame rate: same as source (around 15.000 fps)
[11:56:43]    + filters
[11:56:43]      + Framerate Shaper (0:27000000:1800000)
[11:56:43]        + frame rate: same as source (around 15.000 fps)
[11:56:43]      + Crop and Scale (1024:768:0:0:0:0)
[11:56:43]        + source: 1024 * 768, crop (0/0/0/0): 1024 * 768, scale: 1024 * 768
[11:56:43]    + dimensions: 1024 * 768, mod 0
[11:56:43]    + encoder: H.264 (x264)
[11:56:43]      + bitrate: 1800 kbps, pass: 2
[11:56:43]  * audio track 1
[11:56:43]    + decoder: Unknown (vorbis) (1.0 ch) (track 1, id 0x2)
[11:56:43]      + bitrate: 89 kbps, samplerate: 22050 Hz
[11:56:43]    + mixdown: Mono
[11:56:43]    + encoder: AAC (faac)
[11:56:43]      + bitrate: 96 kbps, samplerate: 22050 Hz
[11:56:43] reader: first SCR 0 id 0x1 DTS 0
[11:56:43] encx264: min-keyint: 15, keyint: 150
x264 [warning]: --psnr used with psy on: results will be invalid!
x264 [warning]: --tune psnr should be used if attempting to benchmark psnr!
x264 [info]: using cpu capabilities: MMX2 SSE2Fast SSSE3 SSE4.2 AVX XOP FMA4 SSEMisalign LZCNT
x264 [warning]: Error: 2pass curve failed to converge
x264 [warning]: target: 1800.00 kbit/s, expected: 1393.99 kbit/s, avg QP: 0.0518
x264 [warning]: try reducing target bitrate
x264 [info]: profile High, level 3.1
[11:56:44] reader: done. 1 scr changes
[11:56:44] work: average encoding speed for job is 0.000000 fps
[11:56:44] sync: got 21 frames, 21 expected
[11:56:44] render: lost time: 0 (0 frames)
[11:56:44] render: gained time: 0 (0 frames) (0 not accounted for)
[11:56:44] theora-decoder done: 21 frames, 0 decoder errors, 0 drops
x264 [info]: frame I:1     Avg QP: 0.17  size: 37035  PSNR Mean Y:77.90 U:90.28 V:95.05 Avg:79.57 Global:79.57
x264 [info]: frame P:5     Avg QP: 0.56  size:  2376  PSNR Mean Y:93.96 U:96.66 V:96.35 Avg:94.29 Global:78.43
x264 [info]: frame B:15    Avg QP: 0.82  size:   338  PSNR Mean Y:92.62 U:96.83 V:96.62 Avg:93.07 Global:78.68
x264 [info]: consecutive B-frames:  4.8%  0.0%  0.0% 95.2%
x264 [info]: mb I  I16..4: 91.9%  0.6%  7.6%
x264 [info]: mb P  I16..4:  3.3%  0.0%  0.0%  P16..4:  1.2%  0.1%  0.0%  0.0%  0.0%    skip:95.3%
x264 [info]: mb B  I16..4:  0.0%  0.0%  0.0%  B16..8:  0.9%  0.0%  0.0%  direct: 0.8%  skip:98.3%  L0:37.0% L1:62.9% BI: 0.1%
x264 [info]: 8x8 transform intra:0.5% inter:70.4%
x264 [info]: coded y,uvDC,uvAC intra: 4.3% 4.0% 0.6% inter: 0.3% 0.7% 0.1%
x264 [info]: i16 v,h,dc,p: 94%  4%  2%  0%
x264 [info]: i8 v,h,dc,ddl,ddr,vr,hd,vl,hu: 41% 10% 32%  3%  0%  7%  0%  1%  4%
x264 [info]: i4 v,h,dc,ddl,ddr,vr,hd,vl,hu: 35% 19% 17%  5%  5%  4%  6%  4%  6%
x264 [info]: i8c dc,h,v,p: 93%  4%  3%  0%
x264 [info]: Weighted P-Frames: Y:20.0% UV:0.0%
x264 [info]: SSIM Mean Y:0.9999954 (53.326db)
x264 [info]: PSNR Mean Y:92.422 U:96.557 V:96.499 Avg:92.886 Global:78.646 kb/s:312.39
[11:56:44] vorbis-decoder done: 0 frames, 0 decoder errors, 0 drops
[11:56:44] muxmp4: optimizing file
[11:56:44] mux: track 0, 21 frames, 53948 bytes, 7.46 kbps, fifo 32
[11:56:44] mux: track 1, 1246 frames, 7493 bytes, 1.04 kbps, fifo 2048
[11:56:44] libhb: work result = 0

Encode done!
HandBrake has exited.
[01;32m[*][0m : 
[01;34m[*][0m [cmd] ffmpeg -i /tmp/PRODUCT/session.mp4 -acodec libvorbis -ac 2 -ab 96k -ar 44100 -b:v 345k -s 1024x768 /tmp/PRODUCT/session.webm ffmpeg version 0.8.16-4:0.8.16-0ubuntu0.12.04.1, Copyright (c) 2000-2014 the Libav developers
  built on Sep 16 2014 18:33:49 with gcc 4.6.3
The ffmpeg program is only provided for script compatibility and will be removed
in a future release. It has been deprecated in the Libav project to allow for
incompatible command line syntax improvements in its replacement called avconv
(see Changelog for details). Please use avconv instead.

Seems stream 0 codec frame rate differs from container frame rate: 180000.00 (180000/1) -> 90000.00 (180000/2)
Input #0, mov,mp4,m4a,3gp,3g2,mj2, from '/tmp/PRODUCT/session.mp4':
  Metadata:
    major_brand     : mp42
    minor_version   : 0
    compatible_brands: mp42isomavc1
    creation_time   : 2014-10-09 11:56:43
    encoder         : HandBrake rev0 2013051899
  Duration: 00:00:57.86, start: 0.000000, bitrate: 9 kb/s
    Stream #0.0(und): Video: h264 (High), yuv420p, 1024x768, 327 kb/s, 15.96 fps, 90k tbr, 90k tbn, 180k tbc
    Metadata:
      creation_time   : 2014-10-09 11:56:43
    Stream #0.1(und): Audio: aac, 22050 Hz, mono, s16, 1 kb/s
    Metadata:
      creation_time   : 2014-10-09 11:56:43
[buffer @ 0x1761d20] w:1024 h:768 pixfmt:yuv420p
[libvpx @ 0x1760fe0] v1.0.0
Output #0, webm, to '/tmp/PRODUCT/session.webm':
  Metadata:
    major_brand     : mp42
    minor_version   : 0
    compatible_brands: mp42isomavc1
    creation_time   : 2014-10-09 11:56:43
    encoder         : Lavf53.21.1
    Stream #0.0(und): Video: libvpx, yuv420p, 1024x768, q=-1--1, 200 kb/s, 1k tbn, 90k tbc
    Metadata:
      creation_time   : 2014-10-09 11:56:43
    Stream #0.1(und): Audio: libvorbis, 44100 Hz, 2 channels, s16, 96 kb/s
    Metadata:
      creation_time   : 2014-10-09 11:56:43
Stream mapping:
  Stream #0.0 -> #0.0
  Stream #0.1 -> #0.1
Press ctrl-c to stop encoding
frame=    3 fps=  0 q=0.0 size=       4kB time=0.12 bitrate= 304.0kbits/s    frame=    6 fps=  5 q=0.0 size=       4kB time=0.32 bitrate= 111.6kbits/s    frame=    8 fps=  4 q=0.0 size=       4kB time=0.45 bitrate=  78.5kbits/s    frame=   10 fps=  4 q=0.0 size=       4kB time=0.58 bitrate=  60.5kbits/s    frame=   12 fps=  4 q=0.0 size=       4kB time=0.72 bitrate=  49.3kbits/s    frame=   14 fps=  4 q=0.0 size=       4kB time=0.78 bitrate=  45.3kbits/s    frame=   16 fps=  3 q=0.0 size=       4kB time=0.98 bitrate=  35.9kbits/s    frame=   18 fps=  3 q=0.0 size=       4kB time=1.06 bitrate=  33.3kbits/s    frame=   19 fps=  3 q=0.0 size=       4kB time=1.18 bitrate=  29.8kbits/s    frame=   19 fps=  3 q=0.0 size=       4kB time=1.18 bitrate=  29.8kbits/s    frame=   21 fps=  3 q=0.0 Lsize=      47kB time=1.32 bitrate= 292.6kbits/s    
video:25kB audio:2kB global headers:4kB muxing overhead 48.877343%
[01;32m[*][0m : 
[01;32m[*][0m : 
