
validate_env
-----------
WIDTH: 1024
HEIGHT: 768
ffmpeg-0.6/
ffmpeg-0.6/COPYING.LGPLv3
ffmpeg-0.6/MAINTAINERS
ffmpeg-0.6/ffserver.h
ffmpeg-0.6/libavformat/
ffmpeg-0.6/libavformat/wav.c
ffmpeg-0.6/libavformat/voc.h
ffmpeg-0.6/libavformat/seek.h
ffmpeg-0.6/libavformat/aviobuf.c
ffmpeg-0.6/libavformat/rtpenc_amr.c
ffmpeg-0.6/libavformat/voc.c
ffmpeg-0.6/libavformat/seek.c
ffmpeg-0.6/libavformat/idcin.c
ffmpeg-0.6/libavformat/swfenc.c
ffmpeg-0.6/libavformat/nutdec.c
ffmpeg-0.6/libavformat/eacdata.c
ffmpeg-0.6/libavformat/file.c
ffmpeg-0.6/libavformat/framecrcenc.c
ffmpeg-0.6/libavformat/apetag.h
ffmpeg-0.6/libavformat/httpauth.h
ffmpeg-0.6/libavformat/gif.c
ffmpeg-0.6/libavformat/allformats.c
ffmpeg-0.6/libavformat/apetag.c
ffmpeg-0.6/libavformat/httpauth.c
ffmpeg-0.6/libavformat/adts.h
ffmpeg-0.6/libavformat/caf.h
ffmpeg-0.6/libavformat/tiertexseq.c
ffmpeg-0.6/libavformat/vorbiscomment.h
ffmpeg-0.6/libavformat/nutenc.c
ffmpeg-0.6/libavformat/caf.c
ffmpeg-0.6/libavformat/vorbiscomment.c
ffmpeg-0.6/libavformat/segafilm.c
ffmpeg-0.6/libavformat/filmstripdec.c
ffmpeg-0.6/libavformat/mpegtsenc.c
ffmpeg-0.6/libavformat/aiffdec.c
ffmpeg-0.6/libavformat/flacdec.c
ffmpeg-0.6/libavformat/avlanguage.h
ffmpeg-0.6/libavformat/mpc.c
ffmpeg-0.6/libavformat/sox.h
ffmpeg-0.6/libavformat/mpegenc.c
ffmpeg-0.6/libavformat/daud.c
ffmpeg-0.6/libavformat/flic.c
ffmpeg-0.6/libavformat/dxa.c
ffmpeg-0.6/libavformat/westwood.c
ffmpeg-0.6/libavformat/avlanguage.c
ffmpeg-0.6/libavformat/aiff.h
ffmpeg-0.6/libavformat/timefilter.h
ffmpeg-0.6/libavformat/librtmp.c
ffmpeg-0.6/libavformat/yop.c
ffmpeg-0.6/libavformat/rtmppkt.h
ffmpeg-0.6/libavformat/au.c
ffmpeg-0.6/libavformat/timefilter.c
ffmpeg-0.6/libavformat/iff.c
ffmpeg-0.6/libavformat/vocdec.c
ffmpeg-0.6/libavformat/psxstr.c
ffmpeg-0.6/libavformat/avio.h
ffmpeg-0.6/libavformat/apc.c
ffmpeg-0.6/libavformat/flacenc_header.c
ffmpeg-0.6/libavformat/rtmppkt.c
ffmpeg-0.6/libavformat/flacenc.h
ffmpeg-0.6/libavformat/filmstripenc.c
ffmpeg-0.6/libavformat/raw.h
ffmpeg-0.6/libavformat/c93.c
ffmpeg-0.6/libavformat/avio.c
ffmpeg-0.6/libavformat/sol.c
ffmpeg-0.6/libavformat/mpeg.h
ffmpeg-0.6/libavformat/wc3movie.c
ffmpeg-0.6/libavformat/sierravmd.c
ffmpeg-0.6/libavformat/movenc.h
ffmpeg-0.6/libavformat/aiffenc.c
ffmpeg-0.6/libavformat/flacenc.c
ffmpeg-0.6/libavformat/raw.c
ffmpeg-0.6/libavformat/mpeg.c
ffmpeg-0.6/libavformat/movenc.c
ffmpeg-0.6/libavformat/tcp.c
ffmpeg-0.6/libavformat/bink.c
ffmpeg-0.6/libavformat/nsvdec.c
ffmpeg-0.6/libavformat/internal.h
ffmpeg-0.6/libavformat/yuv4mpeg.c
ffmpeg-0.6/libavformat/asf.h
ffmpeg-0.6/libavformat/vocenc.c
ffmpeg-0.6/libavformat/asf.c
ffmpeg-0.6/libavformat/qtpalette.h
ffmpeg-0.6/libavformat/4xm.c
ffmpeg-0.6/libavformat/txd.c
ffmpeg-0.6/libavformat/rtpenc_aac.c
ffmpeg-0.6/libavformat/dvenc.c
ffmpeg-0.6/libavformat/mp3.c
ffmpeg-0.6/libavformat/mxf.h
ffmpeg-0.6/libavformat/rpl.c
ffmpeg-0.6/libavformat/msnwc_tcp.c
ffmpeg-0.6/libavformat/Makefile
ffmpeg-0.6/libavformat/flv.h
ffmpeg-0.6/libavformat/thp.c
ffmpeg-0.6/libavformat/mvi.c
ffmpeg-0.6/libavformat/rmdec.c
ffmpeg-0.6/libavformat/mxf.c
ffmpeg-0.6/libavformat/vc1test.c
ffmpeg-0.6/libavformat/output-example.c
ffmpeg-0.6/libavformat/gxf.h
ffmpeg-0.6/libavformat/libavformat.v
ffmpeg-0.6/libavformat/udp.c
ffmpeg-0.6/libavformat/sdp.c
ffmpeg-0.6/libavformat/matroska.h
ffmpeg-0.6/libavformat/avi.h
ffmpeg-0.6/libavformat/gopher.c
ffmpeg-0.6/libavformat/gxf.c
ffmpeg-0.6/libavformat/os_support.h
ffmpeg-0.6/libavformat/matroska.c
ffmpeg-0.6/libavformat/avi.c
ffmpeg-0.6/libavformat/http.c
ffmpeg-0.6/libavformat/rtspenc.c
ffmpeg-0.6/libavformat/idroq.c
ffmpeg-0.6/libavformat/os_support.c
ffmpeg-0.6/libavformat/nut.h
ffmpeg-0.6/libavformat/anm.c
ffmpeg-0.6/libavformat/dsicin.c
ffmpeg-0.6/libavformat/nut.c
ffmpeg-0.6/libavformat/mxfdec.c
ffmpeg-0.6/libavformat/spdif.c
ffmpeg-0.6/libavformat/rmenc.c
ffmpeg-0.6/libavformat/cutils.c
ffmpeg-0.6/libavformat/utils.c
ffmpeg-0.6/libavformat/rtpenc_h264.c
ffmpeg-0.6/libavformat/rtsp.h
ffmpeg-0.6/libavformat/id3v2.h
ffmpeg-0.6/libavformat/vqf.c
ffmpeg-0.6/libavformat/options.c
ffmpeg-0.6/libavformat/riff.h
ffmpeg-0.6/libavformat/r3d.c
ffmpeg-0.6/libavformat/rtsp.c
ffmpeg-0.6/libavformat/id3v2.c
ffmpeg-0.6/libavformat/riff.c
ffmpeg-0.6/libavformat/avformat.h
ffmpeg-0.6/libavformat/mxfenc.c
ffmpeg-0.6/libavformat/mmf.c
ffmpeg-0.6/libavformat/amr.c
ffmpeg-0.6/libavformat/oggparsespeex.c
ffmpeg-0.6/libavformat/rtspcodes.h
ffmpeg-0.6/libavformat/oggparsedirac.c
ffmpeg-0.6/libavformat/xa.c
ffmpeg-0.6/libavformat/cafdec.c
ffmpeg-0.6/libavformat/flvdec.c
ffmpeg-0.6/libavformat/assdec.c
ffmpeg-0.6/libavformat/rl2.c
ffmpeg-0.6/libavformat/wv.c
ffmpeg-0.6/libavformat/avidec.c
ffmpeg-0.6/libavformat/rtpdec_h264.h
ffmpeg-0.6/libavformat/tta.c
ffmpeg-0.6/libavformat/audiointerleave.h
ffmpeg-0.6/libavformat/soxdec.c
ffmpeg-0.6/libavformat/rtpdec_h264.c
ffmpeg-0.6/libavformat/metadata_compat.c
ffmpeg-0.6/libavformat/bethsoftvid.c
ffmpeg-0.6/libavformat/audiointerleave.c
ffmpeg-0.6/libavformat/rtpdec_asf.h
ffmpeg-0.6/libavformat/rtpdec_xiph.h
ffmpeg-0.6/libavformat/flvenc.c
ffmpeg-0.6/libavformat/assenc.c
ffmpeg-0.6/libavformat/ncdec.c
ffmpeg-0.6/libavformat/oggparseogm.c
ffmpeg-0.6/libavformat/oggparsetheora.c
ffmpeg-0.6/libavformat/rtpdec_asf.c
ffmpeg-0.6/libavformat/mm.c
ffmpeg-0.6/libavformat/rtpdec_xiph.c
ffmpeg-0.6/libavformat/concat.c
ffmpeg-0.6/libavformat/rtmpproto.c
ffmpeg-0.6/libavformat/ape.c
ffmpeg-0.6/libavformat/avienc.c
ffmpeg-0.6/libavformat/swf.h
ffmpeg-0.6/libavformat/mov.c
ffmpeg-0.6/libavformat/soxenc.c
ffmpeg-0.6/libavformat/libnut.c
ffmpeg-0.6/libavformat/cdg.c
ffmpeg-0.6/libavformat/crcenc.c
ffmpeg-0.6/libavformat/rtpenc_h263.c
ffmpeg-0.6/libavformat/id3v1.h
ffmpeg-0.6/libavformat/rtmp.h
ffmpeg-0.6/libavformat/id3v1.c
ffmpeg-0.6/libavformat/rtpdec.h
ffmpeg-0.6/libavformat/metadata.h
ffmpeg-0.6/libavformat/lmlm4.c
ffmpeg-0.6/libavformat/asfdec.c
ffmpeg-0.6/libavformat/ffmdec.c
ffmpeg-0.6/libavformat/rm.h
ffmpeg-0.6/libavformat/qcp.c
ffmpeg-0.6/libavformat/rtpdec.c
ffmpeg-0.6/libavformat/metadata.c
ffmpeg-0.6/libavformat/rm.c
ffmpeg-0.6/libavformat/dv.h
ffmpeg-0.6/libavformat/rtpenc_mpv.c
ffmpeg-0.6/libavformat/oma.c
ffmpeg-0.6/libavformat/rtp.h
ffmpeg-0.6/libavformat/gxfenc.c
ffmpeg-0.6/libavformat/movenchint.c
ffmpeg-0.6/libavformat/dv.c
ffmpeg-0.6/libavformat/iv8.c
ffmpeg-0.6/libavformat/mtv.c
ffmpeg-0.6/libavformat/rtp.c
ffmpeg-0.6/libavformat/avisynth.c
ffmpeg-0.6/libavformat/mpegts.h
ffmpeg-0.6/libavformat/rtpenc.h
ffmpeg-0.6/libavformat/asfcrypt.h
ffmpeg-0.6/libavformat/asfenc.c
ffmpeg-0.6/libavformat/mpegts.c
ffmpeg-0.6/libavformat/rdt.h
ffmpeg-0.6/libavformat/network.h
ffmpeg-0.6/libavformat/ffmenc.c
ffmpeg-0.6/libavformat/oggparseflac.c
ffmpeg-0.6/libavformat/oggdec.h
ffmpeg-0.6/libavformat/matroskadec.c
ffmpeg-0.6/libavformat/oggparsevorbis.c
ffmpeg-0.6/libavformat/rtpenc.c
ffmpeg-0.6/libavformat/asfcrypt.c
ffmpeg-0.6/libavformat/avs.c
ffmpeg-0.6/libavformat/rdt.c
ffmpeg-0.6/libavformat/rtpproto.c
ffmpeg-0.6/libavformat/oggdec.c
ffmpeg-0.6/libavformat/rtpdec_h263.h
ffmpeg-0.6/libavformat/siff.c
ffmpeg-0.6/libavformat/aea.c
ffmpeg-0.6/libavformat/pva.c
ffmpeg-0.6/libavformat/rtpdec_amr.h
ffmpeg-0.6/libavformat/smacker.c
ffmpeg-0.6/libavformat/rtpdec_h263.c
ffmpeg-0.6/libavformat/mpjpeg.c
ffmpeg-0.6/libavformat/adtsenc.c
ffmpeg-0.6/libavformat/electronicarts.c
ffmpeg-0.6/libavformat/rtpdec_amr.c
ffmpeg-0.6/libavformat/vc1testenc.c
ffmpeg-0.6/libavformat/avc.h
ffmpeg-0.6/libavformat/ffm.h
ffmpeg-0.6/libavformat/oggparseskeleton.c
ffmpeg-0.6/libavformat/isom.h
ffmpeg-0.6/libavformat/swfdec.c
ffmpeg-0.6/libavformat/avc.c
ffmpeg-0.6/libavformat/nuv.c
ffmpeg-0.6/libavformat/ipmovie.c
ffmpeg-0.6/libavformat/isom.c
ffmpeg-0.6/libavformat/matroskaenc.c
ffmpeg-0.6/libavformat/mpc8.c
ffmpeg-0.6/libavformat/tmv.c
ffmpeg-0.6/libavformat/oggenc.c
ffmpeg-0.6/libavformat/bfi.c
ffmpeg-0.6/libavformat/img2.c
ffmpeg-0.6/libavformat/iss.c
ffmpeg-0.6/ffprobe.c
ffmpeg-0.6/libavfilter/
ffmpeg-0.6/libavfilter/vf_slicify.c
ffmpeg-0.6/libavfilter/Makefile
ffmpeg-0.6/libavfilter/parseutils.c
ffmpeg-0.6/libavfilter/libavfilter.v
ffmpeg-0.6/libavfilter/graphparser.h
ffmpeg-0.6/libavfilter/vf_format.c
ffmpeg-0.6/libavfilter/vf_scale.c
ffmpeg-0.6/libavfilter/avfilter.h
ffmpeg-0.6/libavfilter/vsrc_nullsrc.c
ffmpeg-0.6/libavfilter/graphparser.c
ffmpeg-0.6/libavfilter/avfilter.c
ffmpeg-0.6/libavfilter/formats.c
ffmpeg-0.6/libavfilter/vf_unsharp.c
ffmpeg-0.6/libavfilter/vf_vflip.c
ffmpeg-0.6/libavfilter/vf_aspect.c
ffmpeg-0.6/libavfilter/vsink_nullsink.c
ffmpeg-0.6/libavfilter/defaults.c
ffmpeg-0.6/libavfilter/vf_null.c
ffmpeg-0.6/libavfilter/avfiltergraph.h
ffmpeg-0.6/libavfilter/allfilters.c
ffmpeg-0.6/libavfilter/parseutils.h
ffmpeg-0.6/libavfilter/vf_crop.c
ffmpeg-0.6/libavfilter/avfiltergraph.c
ffmpeg-0.6/ffserver.c
ffmpeg-0.6/ffplay.c
ffmpeg-0.6/ffpresets/
ffmpeg-0.6/ffpresets/libx264-slower_firstpass.ffpreset
ffmpeg-0.6/ffpresets/libx264-hq.ffpreset
ffmpeg-0.6/ffpresets/libx264-placebo.ffpreset
ffmpeg-0.6/ffpresets/libx264-ultrafast.ffpreset
ffmpeg-0.6/ffpresets/libx264-ultrafast_firstpass.ffpreset
ffmpeg-0.6/ffpresets/libx264-placebo_firstpass.ffpreset
ffmpeg-0.6/ffpresets/libx264-lossless_slower.ffpreset
ffmpeg-0.6/ffpresets/libx264-fastfirstpass.ffpreset
ffmpeg-0.6/ffpresets/libx264-veryslow.ffpreset
ffmpeg-0.6/ffpresets/libx264-veryslow_firstpass.ffpreset
ffmpeg-0.6/ffpresets/libx264-max.ffpreset
ffmpeg-0.6/ffpresets/libx264-slow.ffpreset
ffmpeg-0.6/ffpresets/libx264-faster.ffpreset
ffmpeg-0.6/ffpresets/libx264-slowfirstpass.ffpreset
ffmpeg-0.6/ffpresets/libx264-slow_firstpass.ffpreset
ffmpeg-0.6/ffpresets/libx264-faster_firstpass.ffpreset
ffmpeg-0.6/ffpresets/libx264-medium.ffpreset
ffmpeg-0.6/ffpresets/libx264-ipod320.ffpreset
ffmpeg-0.6/ffpresets/libx264-medium_firstpass.ffpreset
ffmpeg-0.6/ffpresets/libx264-superfast.ffpreset
ffmpeg-0.6/ffpresets/libx264-lossless_slow.ffpreset
ffmpeg-0.6/ffpresets/libx264-superfast_firstpass.ffpreset
ffmpeg-0.6/ffpresets/libx264-lossless_medium.ffpreset
ffmpeg-0.6/ffpresets/libx264-veryfast.ffpreset
ffmpeg-0.6/ffpresets/libx264-veryfast_firstpass.ffpreset
ffmpeg-0.6/ffpresets/libx264-fast.ffpreset
ffmpeg-0.6/ffpresets/libx264-lossless_ultrafast.ffpreset
ffmpeg-0.6/ffpresets/libx264-fast_firstpass.ffpreset
ffmpeg-0.6/ffpresets/libx264-normal.ffpreset
ffmpeg-0.6/ffpresets/libx264-ipod640.ffpreset
ffmpeg-0.6/ffpresets/libx264-lossless_fast.ffpreset
ffmpeg-0.6/ffpresets/libx264-default.ffpreset
ffmpeg-0.6/ffpresets/libx264-main.ffpreset
ffmpeg-0.6/ffpresets/libx264-baseline.ffpreset
ffmpeg-0.6/ffpresets/libx264-lossless_max.ffpreset
ffmpeg-0.6/ffpresets/libx264-slower.ffpreset
ffmpeg-0.6/common.mak
ffmpeg-0.6/README
ffmpeg-0.6/libswscale/
ffmpeg-0.6/libswscale/bfin/
ffmpeg-0.6/libswscale/bfin/internal_bfin.S
ffmpeg-0.6/libswscale/bfin/swscale_bfin.c
ffmpeg-0.6/libswscale/bfin/yuv2rgb_bfin.c
ffmpeg-0.6/libswscale/Makefile
ffmpeg-0.6/libswscale/rgb2rgb.h
ffmpeg-0.6/libswscale/swscale_template.c
ffmpeg-0.6/libswscale/options.c
ffmpeg-0.6/libswscale/sparc/
ffmpeg-0.6/libswscale/sparc/yuv2rgb_vis.c
ffmpeg-0.6/libswscale/rgb2rgb.c
ffmpeg-0.6/libswscale/rgb2rgb_template.c
ffmpeg-0.6/libswscale/swscale-test.c
ffmpeg-0.6/libswscale/libswscale.v
ffmpeg-0.6/libswscale/colorspace-test.c
ffmpeg-0.6/libswscale/swscale.h
ffmpeg-0.6/libswscale/x86/
ffmpeg-0.6/libswscale/x86/yuv2rgb_template2.c
ffmpeg-0.6/libswscale/x86/yuv2rgb_template.c
ffmpeg-0.6/libswscale/x86/yuv2rgb_mmx.c
ffmpeg-0.6/libswscale/swscale_internal.h
ffmpeg-0.6/libswscale/mlib/
ffmpeg-0.6/libswscale/mlib/yuv2rgb_mlib.c
ffmpeg-0.6/libswscale/swscale.c
ffmpeg-0.6/libswscale/ppc/
ffmpeg-0.6/libswscale/ppc/yuv2rgb_altivec.c
ffmpeg-0.6/libswscale/ppc/swscale_altivec_template.c
ffmpeg-0.6/libswscale/utils.c
ffmpeg-0.6/libswscale/yuv2rgb.c
ffmpeg-0.6/cmdutils_common_opts.h
ffmpeg-0.6/LICENSE
ffmpeg-0.6/RELEASE
ffmpeg-0.6/libavdevice/
ffmpeg-0.6/libavdevice/Makefile
ffmpeg-0.6/libavdevice/avdevice.h
ffmpeg-0.6/libavdevice/dv1394.c
ffmpeg-0.6/libavdevice/jack_audio.c
ffmpeg-0.6/libavdevice/v4l2.c
ffmpeg-0.6/libavdevice/avdevice.c
ffmpeg-0.6/libavdevice/vfwcap.c
ffmpeg-0.6/libavdevice/oss_audio.c
ffmpeg-0.6/libavdevice/alsa-audio.h
ffmpeg-0.6/libavdevice/alsa-audio-enc.c
ffmpeg-0.6/libavdevice/alldevices.c
ffmpeg-0.6/libavdevice/beosaudio.cpp
ffmpeg-0.6/libavdevice/alsa-audio-dec.c
ffmpeg-0.6/libavdevice/alsa-audio-common.c
ffmpeg-0.6/libavdevice/v4l.c
ffmpeg-0.6/libavdevice/x11grab.c
ffmpeg-0.6/libavdevice/bktr.c
ffmpeg-0.6/libavdevice/libavdevice.v
ffmpeg-0.6/libavdevice/dv1394.h
ffmpeg-0.6/libavdevice/libdc1394.c
ffmpeg-0.6/Makefile
ffmpeg-0.6/COPYING.LGPLv2.1
ffmpeg-0.6/cmdutils.h
ffmpeg-0.6/INSTALL
ffmpeg-0.6/doc/
ffmpeg-0.6/doc/libavfilter.texi
ffmpeg-0.6/doc/ffmpeg_powerpc_performance_evaluation_howto.txt
ffmpeg-0.6/doc/texi2pod.pl
ffmpeg-0.6/doc/ffserver.conf
ffmpeg-0.6/doc/TODO
ffmpeg-0.6/doc/snow.txt
ffmpeg-0.6/doc/optimization.txt
ffmpeg-0.6/doc/APIchanges
ffmpeg-0.6/doc/soc.txt
ffmpeg-0.6/doc/tablegen.txt
ffmpeg-0.6/doc/ffprobe-doc.texi
ffmpeg-0.6/doc/fftools-common-opts.texi
ffmpeg-0.6/doc/ffserver-doc.texi
ffmpeg-0.6/doc/developer.texi
ffmpeg-0.6/doc/ffplay-doc.texi
ffmpeg-0.6/doc/rate_distortion.txt
ffmpeg-0.6/doc/general.texi
ffmpeg-0.6/doc/avutil.txt
ffmpeg-0.6/doc/viterbi.txt
ffmpeg-0.6/doc/issue_tracker.txt
ffmpeg-0.6/doc/ffmpeg-doc.texi
ffmpeg-0.6/doc/faq.texi
ffmpeg-0.6/doc/swscale.txt
ffmpeg-0.6/cmdutils.c
ffmpeg-0.6/tests/
ffmpeg-0.6/tests/seek-regression.sh
ffmpeg-0.6/tests/audiogen.c
ffmpeg-0.6/tests/ffserver.regression.ref
ffmpeg-0.6/tests/ref/
ffmpeg-0.6/tests/ref/acodec/
ffmpeg-0.6/tests/ref/acodec/mp2
ffmpeg-0.6/tests/ref/acodec/adpcm_ima_qt
ffmpeg-0.6/tests/ref/acodec/wmav2
ffmpeg-0.6/tests/ref/acodec/wmav1
ffmpeg-0.6/tests/ref/acodec/adpcm_yam
ffmpeg-0.6/tests/ref/acodec/adpcm_ima_wav
ffmpeg-0.6/tests/ref/acodec/ac3
ffmpeg-0.6/tests/ref/acodec/g726
ffmpeg-0.6/tests/ref/acodec/flac
ffmpeg-0.6/tests/ref/acodec/adpcm_swf
ffmpeg-0.6/tests/ref/acodec/adpcm_ms
ffmpeg-0.6/tests/ref/acodec/alac
ffmpeg-0.6/tests/ref/acodec/pcm
ffmpeg-0.6/tests/ref/vsynth2/
ffmpeg-0.6/tests/ref/vsynth2/mpeg4
ffmpeg-0.6/tests/ref/vsynth2/msmpeg4
ffmpeg-0.6/tests/ref/vsynth2/mpeg2
ffmpeg-0.6/tests/ref/vsynth2/flashsv
ffmpeg-0.6/tests/ref/vsynth2/ffv1
ffmpeg-0.6/tests/ref/vsynth2/mjpeg
ffmpeg-0.6/tests/ref/vsynth2/roq
ffmpeg-0.6/tests/ref/vsynth2/ljpeg
ffmpeg-0.6/tests/ref/vsynth2/wmv2
ffmpeg-0.6/tests/ref/vsynth2/wmv1
ffmpeg-0.6/tests/ref/vsynth2/rv10
ffmpeg-0.6/tests/ref/vsynth2/mpeg
ffmpeg-0.6/tests/ref/vsynth2/msmpeg4v2
ffmpeg-0.6/tests/ref/vsynth2/jpegls
ffmpeg-0.6/tests/ref/vsynth2/dv50
ffmpeg-0.6/tests/ref/vsynth2/snowll
ffmpeg-0.6/tests/ref/vsynth2/dnxhd_720p
ffmpeg-0.6/tests/ref/vsynth2/mpeg4nr
ffmpeg-0.6/tests/ref/vsynth2/mpeg1b
ffmpeg-0.6/tests/ref/vsynth2/asv2
ffmpeg-0.6/tests/ref/vsynth2/asv1
ffmpeg-0.6/tests/ref/vsynth2/dv
ffmpeg-0.6/tests/ref/vsynth2/mpeg4adv
ffmpeg-0.6/tests/ref/vsynth2/mpeg4thread
ffmpeg-0.6/tests/ref/vsynth2/rc
ffmpeg-0.6/tests/ref/vsynth2/h263p
ffmpeg-0.6/tests/ref/vsynth2/dnxhd_720p_rd
ffmpeg-0.6/tests/ref/vsynth2/mpeg2thread
ffmpeg-0.6/tests/ref/vsynth2/huffyuv
ffmpeg-0.6/tests/ref/vsynth2/svq1
ffmpeg-0.6/tests/ref/vsynth2/error
ffmpeg-0.6/tests/ref/vsynth2/rv20
ffmpeg-0.6/tests/ref/vsynth2/flv
ffmpeg-0.6/tests/ref/vsynth2/snow
ffmpeg-0.6/tests/ref/vsynth2/dnxhd_1080i
ffmpeg-0.6/tests/ref/vsynth2/h263
ffmpeg-0.6/tests/ref/vsynth2/h261
ffmpeg-0.6/tests/ref/vsynth1/
ffmpeg-0.6/tests/ref/vsynth1/mpeg4
ffmpeg-0.6/tests/ref/vsynth1/msmpeg4
ffmpeg-0.6/tests/ref/vsynth1/mpeg2
ffmpeg-0.6/tests/ref/vsynth1/flashsv
ffmpeg-0.6/tests/ref/vsynth1/ffv1
ffmpeg-0.6/tests/ref/vsynth1/mjpeg
ffmpeg-0.6/tests/ref/vsynth1/roq
ffmpeg-0.6/tests/ref/vsynth1/ljpeg
ffmpeg-0.6/tests/ref/vsynth1/wmv2
ffmpeg-0.6/tests/ref/vsynth1/wmv1
ffmpeg-0.6/tests/ref/vsynth1/rv10
ffmpeg-0.6/tests/ref/vsynth1/mpeg
ffmpeg-0.6/tests/ref/vsynth1/msmpeg4v2
ffmpeg-0.6/tests/ref/vsynth1/jpegls
ffmpeg-0.6/tests/ref/vsynth1/dv50
ffmpeg-0.6/tests/ref/vsynth1/snowll
ffmpeg-0.6/tests/ref/vsynth1/dnxhd_720p
ffmpeg-0.6/tests/ref/vsynth1/mpeg4nr
ffmpeg-0.6/tests/ref/vsynth1/mpeg1b
ffmpeg-0.6/tests/ref/vsynth1/asv2
ffmpeg-0.6/tests/ref/vsynth1/asv1
ffmpeg-0.6/tests/ref/vsynth1/dv
ffmpeg-0.6/tests/ref/vsynth1/mpeg4adv
ffmpeg-0.6/tests/ref/vsynth1/mpeg4thread
ffmpeg-0.6/tests/ref/vsynth1/rc
ffmpeg-0.6/tests/ref/vsynth1/h263p
ffmpeg-0.6/tests/ref/vsynth1/dnxhd_720p_rd
ffmpeg-0.6/tests/ref/vsynth1/mpeg2thread
ffmpeg-0.6/tests/ref/vsynth1/huffyuv
ffmpeg-0.6/tests/ref/vsynth1/svq1
ffmpeg-0.6/tests/ref/vsynth1/error
ffmpeg-0.6/tests/ref/vsynth1/rv20
ffmpeg-0.6/tests/ref/vsynth1/flv
ffmpeg-0.6/tests/ref/vsynth1/snow
ffmpeg-0.6/tests/ref/vsynth1/dnxhd_1080i
ffmpeg-0.6/tests/ref/vsynth1/h263
ffmpeg-0.6/tests/ref/vsynth1/h261
ffmpeg-0.6/tests/ref/lavf/
ffmpeg-0.6/tests/ref/lavf/ppmpipe
ffmpeg-0.6/tests/ref/lavf/ffm
ffmpeg-0.6/tests/ref/lavf/pixfmt
ffmpeg-0.6/tests/ref/lavf/nut
ffmpeg-0.6/tests/ref/lavf/aiff
ffmpeg-0.6/tests/ref/lavf/au
ffmpeg-0.6/tests/ref/lavf/mov
ffmpeg-0.6/tests/ref/lavf/swf
ffmpeg-0.6/tests/ref/lavf/flv_fmt
ffmpeg-0.6/tests/ref/lavf/mkv
ffmpeg-0.6/tests/ref/lavf/wav
ffmpeg-0.6/tests/ref/lavf/pbmpipe
ffmpeg-0.6/tests/ref/lavf/pcx
ffmpeg-0.6/tests/ref/lavf/tiff
ffmpeg-0.6/tests/ref/lavf/voc
ffmpeg-0.6/tests/ref/lavf/ts
ffmpeg-0.6/tests/ref/lavf/mulaw
ffmpeg-0.6/tests/ref/lavf/alaw
ffmpeg-0.6/tests/ref/lavf/pgm
ffmpeg-0.6/tests/ref/lavf/sgi
ffmpeg-0.6/tests/ref/lavf/yuv4mpeg
ffmpeg-0.6/tests/ref/lavf/mmf
ffmpeg-0.6/tests/ref/lavf/bmp
ffmpeg-0.6/tests/ref/lavf/rm
ffmpeg-0.6/tests/ref/lavf/ogg
ffmpeg-0.6/tests/ref/lavf/tga
ffmpeg-0.6/tests/ref/lavf/asf
ffmpeg-0.6/tests/ref/lavf/gif
ffmpeg-0.6/tests/ref/lavf/pgmpipe
ffmpeg-0.6/tests/ref/lavf/ppm
ffmpeg-0.6/tests/ref/lavf/mxf
ffmpeg-0.6/tests/ref/lavf/gxf
ffmpeg-0.6/tests/ref/lavf/mpg
ffmpeg-0.6/tests/ref/lavf/jpg
ffmpeg-0.6/tests/ref/lavf/dv_fmt
ffmpeg-0.6/tests/ref/lavf/avi
ffmpeg-0.6/tests/ref/seek/
ffmpeg-0.6/tests/ref/seek/mpeg4-adv.avi.ref
ffmpeg-0.6/tests/ref/seek/dnxhd-720p.dnxhd.ref
ffmpeg-0.6/tests/ref/seek/flashsv.flv.ref
ffmpeg-0.6/tests/ref/seek/adpcm_qt.aiff.ref
ffmpeg-0.6/tests/ref/seek/lavf.au.ref
ffmpeg-0.6/tests/ref/seek/lavf.gif.ref
ffmpeg-0.6/tests/ref/seek/svq1.mov.ref
ffmpeg-0.6/tests/ref/seek/msmpeg4.avi.ref
ffmpeg-0.6/tests/ref/seek/pcm_s8.mov.ref
ffmpeg-0.6/tests/ref/seek/pcm_u8.wav.ref
ffmpeg-0.6/tests/ref/seek/adpcm_yam.wav.ref
ffmpeg-0.6/tests/ref/seek/lavf.aif.ref
ffmpeg-0.6/tests/ref/seek/pgmpipe.pgm.ref
ffmpeg-0.6/tests/ref/seek/%02d.pcx.ref
ffmpeg-0.6/tests/ref/seek/lavf.al.ref
ffmpeg-0.6/tests/ref/seek/dv.dv.ref
ffmpeg-0.6/tests/ref/seek/lavf.mxf.ref
ffmpeg-0.6/tests/ref/seek/pcm_zork.wav.ref
ffmpeg-0.6/tests/ref/seek/pcm_mulaw.wav.ref
ffmpeg-0.6/tests/ref/seek/ffv1.avi.ref
ffmpeg-0.6/tests/ref/seek/mjpeg.avi.ref
ffmpeg-0.6/tests/ref/seek/ljpeg.avi.ref
ffmpeg-0.6/tests/ref/seek/mpeg2ivlc-qprd.mpg.ref
ffmpeg-0.6/tests/ref/seek/lavf.ts.ref
ffmpeg-0.6/tests/ref/seek/%02d.pgm.ref
ffmpeg-0.6/tests/ref/seek/lavf.gxf.ref
ffmpeg-0.6/tests/ref/seek/lavf.mpg.ref
ffmpeg-0.6/tests/ref/seek/mpeg4-nr.avi.ref
ffmpeg-0.6/tests/ref/seek/adpcm_ima.wav.ref
ffmpeg-0.6/tests/ref/seek/wmav2.asf.ref
ffmpeg-0.6/tests/ref/seek/%02d.tga.ref
ffmpeg-0.6/tests/ref/seek/wmav1.asf.ref
ffmpeg-0.6/tests/ref/seek/jpegls.avi.ref
ffmpeg-0.6/tests/ref/seek/lavf.dv.ref
ffmpeg-0.6/tests/ref/seek/mpeg4-thread.avi.ref
ffmpeg-0.6/tests/ref/seek/lavf.ffm.ref
ffmpeg-0.6/tests/ref/seek/mpeg4-adap.avi.ref
ffmpeg-0.6/tests/ref/seek/lavf.nut.ref
ffmpeg-0.6/tests/ref/seek/mpeg1b.mpg.ref
ffmpeg-0.6/tests/ref/seek/mpeg4-rc.avi.ref
ffmpeg-0.6/tests/ref/seek/mp2.mp2.ref
ffmpeg-0.6/tests/ref/seek/asv2.avi.ref
ffmpeg-0.6/tests/ref/seek/adpcm_swf.flv.ref
ffmpeg-0.6/tests/ref/seek/mpeg4-Q.avi.ref
ffmpeg-0.6/tests/ref/seek/asv1.avi.ref
ffmpeg-0.6/tests/ref/seek/lavf.mov.ref
ffmpeg-0.6/tests/ref/seek/dv50.dv.ref
ffmpeg-0.6/tests/ref/seek/lavf.swf.ref
ffmpeg-0.6/tests/ref/seek/lavf.mxf_d10.ref
ffmpeg-0.6/tests/ref/seek/pcm_s16le.wav.ref
ffmpeg-0.6/tests/ref/seek/lavf.mkv.ref
ffmpeg-0.6/tests/ref/seek/ac3.rm.ref
ffmpeg-0.6/tests/ref/seek/adpcm_ms.wav.ref
ffmpeg-0.6/tests/ref/seek/pcm_s16be.mov.ref
ffmpeg-0.6/tests/ref/seek/flv.flv.ref
ffmpeg-0.6/tests/ref/seek/pcm_s16be.mkv.ref
ffmpeg-0.6/tests/ref/seek/huffyuv.avi.ref
ffmpeg-0.6/tests/ref/seek/ppmpipe.ppm.ref
ffmpeg-0.6/tests/ref/seek/snow.avi.ref
ffmpeg-0.6/tests/ref/seek/lavf.ogg.ref
ffmpeg-0.6/tests/ref/seek/dnxhd-720p-rd.dnxhd.ref
ffmpeg-0.6/tests/ref/seek/lavf.y4m.ref
ffmpeg-0.6/tests/ref/seek/lavf.asf.ref
ffmpeg-0.6/tests/ref/seek/h263.avi.ref
ffmpeg-0.6/tests/ref/seek/mpeg2reuse.mpg.ref
ffmpeg-0.6/tests/ref/seek/h261.avi.ref
ffmpeg-0.6/tests/ref/seek/mpeg2.mpg.ref
ffmpeg-0.6/tests/ref/seek/mpeg1.mpg.ref
ffmpeg-0.6/tests/ref/seek/odivx.mp4.ref
ffmpeg-0.6/tests/ref/seek/pcm_s24le.wav.ref
ffmpeg-0.6/tests/ref/seek/lavf.flv.ref
ffmpeg-0.6/tests/ref/seek/pcm_s24be.mov.ref
ffmpeg-0.6/tests/ref/seek/%02d.sgi.ref
ffmpeg-0.6/tests/ref/seek/pcm_f64le.wav.ref
ffmpeg-0.6/tests/ref/seek/flac.flac.ref
ffmpeg-0.6/tests/ref/seek/pbmpipe.pbm.ref
ffmpeg-0.6/tests/ref/seek/pcm_f64be.au.ref
ffmpeg-0.6/tests/ref/seek/wmv2.avi.ref
ffmpeg-0.6/tests/ref/seek/wmv1.avi.ref
ffmpeg-0.6/tests/ref/seek/%02d.bmp.ref
ffmpeg-0.6/tests/ref/seek/dv411.dv.ref
ffmpeg-0.6/tests/ref/seek/rv20.rm.ref
ffmpeg-0.6/tests/ref/seek/lavf.avi.ref
ffmpeg-0.6/tests/ref/seek/rv10.rm.ref
ffmpeg-0.6/tests/ref/seek/lavf.rm.ref
ffmpeg-0.6/tests/ref/seek/pcm_f32be.au.ref
ffmpeg-0.6/tests/ref/seek/msmpeg4v2.avi.ref
ffmpeg-0.6/tests/ref/seek/mpeg2threadivlc.mpg.ref
ffmpeg-0.6/tests/ref/seek/mpeg4-qprd.avi.ref
ffmpeg-0.6/tests/ref/seek/error-mpeg4-adv.avi.ref
ffmpeg-0.6/tests/ref/seek/roqav.roq.ref
ffmpeg-0.6/tests/ref/seek/pcm_s16le.mkv.ref
ffmpeg-0.6/tests/ref/seek/%02d.ppm.ref
ffmpeg-0.6/tests/ref/seek/mpeg2thread.mpg.ref
ffmpeg-0.6/tests/ref/seek/lavf.wav.ref
ffmpeg-0.6/tests/ref/seek/pcm_s32le.wav.ref
ffmpeg-0.6/tests/ref/seek/mpeg2_422.mpg.ref
ffmpeg-0.6/tests/ref/seek/%02d.tiff.ref
ffmpeg-0.6/tests/ref/seek/g726.wav.ref
ffmpeg-0.6/tests/ref/seek/alac.m4a.ref
ffmpeg-0.6/tests/ref/seek/h263p.avi.ref
ffmpeg-0.6/tests/ref/seek/pcm_alaw.wav.ref
ffmpeg-0.6/tests/ref/seek/lavf.voc.ref
ffmpeg-0.6/tests/ref/seek/pcm_s32be.mov.ref
ffmpeg-0.6/tests/ref/seek/snow53.avi.ref
ffmpeg-0.6/tests/ref/seek/%02d.jpg.ref
ffmpeg-0.6/tests/ref/seek/pcm_s24daud.302.ref
ffmpeg-0.6/tests/ref/seek/lavf.ul.ref
ffmpeg-0.6/tests/ref/seek/lavf.mmf.ref
ffmpeg-0.6/tests/ref/seek/pcm_f32le.wav.ref
ffmpeg-0.6/tests/ref/seek/mpeg2i.mpg.ref
ffmpeg-0.6/tests/ref/seek/dnxhd-1080i.mov.ref
ffmpeg-0.6/tests/ref/lavfi/
ffmpeg-0.6/tests/ref/lavfi/scale500
ffmpeg-0.6/tests/ref/lavfi/null
ffmpeg-0.6/tests/ref/lavfi/crop_scale_vflip
ffmpeg-0.6/tests/ref/lavfi/crop_scale
ffmpeg-0.6/tests/ref/lavfi/scale200
ffmpeg-0.6/tests/ref/lavfi/vflip_crop
ffmpeg-0.6/tests/ref/lavfi/crop_vflip
ffmpeg-0.6/tests/ref/lavfi/crop
ffmpeg-0.6/tests/ref/lavfi/vflip_vflip
ffmpeg-0.6/tests/ref/lavfi/vflip
ffmpeg-0.6/tests/ref/fate/
ffmpeg-0.6/tests/ref/fate/tscc-15bit
ffmpeg-0.6/tests/ref/fate/h264-conformance-frext-hpcalq_brcm_b
ffmpeg-0.6/tests/ref/fate/mxf-demux
ffmpeg-0.6/tests/ref/fate/msvideo1-16bit
ffmpeg-0.6/tests/ref/fate/sierra-vmd
ffmpeg-0.6/tests/ref/fate/h264-conformance-cama2_vtc_b
ffmpeg-0.6/tests/ref/fate/ea-mad-adpcm-ea-r1
ffmpeg-0.6/tests/ref/fate/lossless-shortenaudio
ffmpeg-0.6/tests/ref/fate/qtrle-32bit
ffmpeg-0.6/tests/ref/fate/xan-dpcm
ffmpeg-0.6/tests/ref/fate/h264-conformance-cafi1_sva_c
ffmpeg-0.6/tests/ref/fate/id-cin-video
ffmpeg-0.6/tests/ref/fate/tmv
ffmpeg-0.6/tests/ref/fate/qt-msadpcm-stereo
ffmpeg-0.6/tests/ref/fate/h264-conformance-frext-freh1_b
ffmpeg-0.6/tests/ref/fate/h264-conformance-frext-hpcadq_brcm_b
ffmpeg-0.6/tests/ref/fate/h264-conformance-frext-hpcv_brcm_a
ffmpeg-0.6/tests/ref/fate/h264-conformance-canlma2_sony_c
ffmpeg-0.6/tests/ref/fate/h264-conformance-cvmaqp2_sony_g
ffmpeg-0.6/tests/ref/fate/ea-cdata
ffmpeg-0.6/tests/ref/fate/h264-conformance-frext-frext02_jvc_c
ffmpeg-0.6/tests/ref/fate/h264-conformance-banm_mw_d
ffmpeg-0.6/tests/ref/fate/qtrle-8bit
ffmpeg-0.6/tests/ref/fate/h264-conformance-cvwp5_toshiba_e
ffmpeg-0.6/tests/ref/fate/v210
ffmpeg-0.6/tests/ref/fate/h264-conformance-capm3_sony_d
ffmpeg-0.6/tests/ref/fate/h264-conformance-cabac_mot_frm0_full
ffmpeg-0.6/tests/ref/fate/h264-conformance-ba1_sony_d
ffmpeg-0.6/tests/ref/fate/qt-ima4-mono
ffmpeg-0.6/tests/ref/fate/sunraster-8bit-raw
ffmpeg-0.6/tests/ref/fate/cvid-palette
ffmpeg-0.6/tests/ref/fate/tscc-32bit
ffmpeg-0.6/tests/ref/fate/cscd
ffmpeg-0.6/tests/ref/fate/ptx
ffmpeg-0.6/tests/ref/fate/h264-conformance-cabac_mot_fld0_full
ffmpeg-0.6/tests/ref/fate/h264-conformance-sharp_mp_field_1_b
ffmpeg-0.6/tests/ref/fate/qt-rawpcm-16bit-stereo-signed-le
ffmpeg-0.6/tests/ref/fate/h264-conformance-sharp_mp_paff_1r2
ffmpeg-0.6/tests/ref/fate/kmvc
ffmpeg-0.6/tests/ref/fate/h264-conformance-cacqp3_sony_d
ffmpeg-0.6/tests/ref/fate/flic-magiccarpet
ffmpeg-0.6/tests/ref/fate/siff
ffmpeg-0.6/tests/ref/fate/cyuv
ffmpeg-0.6/tests/ref/fate/vmnc-32bit
ffmpeg-0.6/tests/ref/fate/h264-conformance-canl2_sony_e
ffmpeg-0.6/tests/ref/fate/h264-conformance-sl1_sva_b
ffmpeg-0.6/tests/ref/fate/h264-conformance-mr3_tandberg_b
ffmpeg-0.6/tests/ref/fate/interplay-mve-16bit
ffmpeg-0.6/tests/ref/fate/rpza
ffmpeg-0.6/tests/ref/fate/qt-ima4-stereo
ffmpeg-0.6/tests/ref/fate/sunraster-1bit-raw
ffmpeg-0.6/tests/ref/fate/h264-conformance-frext-frext4_panasonic_a
ffmpeg-0.6/tests/ref/fate/h264-conformance-cawp5_toshiba_e
ffmpeg-0.6/tests/ref/fate/h264-conformance-mr8_bt_b
ffmpeg-0.6/tests/ref/fate/h264-conformance-frext-hpcafl_bcrm_c
ffmpeg-0.6/tests/ref/fate/delphine-cin
ffmpeg-0.6/tests/ref/fate/h264-conformance-cvpa1_toshiba_b
ffmpeg-0.6/tests/ref/fate/h264-conformance-cvfi1_sva_c
ffmpeg-0.6/tests/ref/fate/h264-conformance-frext-hpcvmolq_brcm_b
ffmpeg-0.6/tests/ref/fate/h264-conformance-caba2_sva_b
ffmpeg-0.6/tests/ref/fate/h264-conformance-cvnlfi2_sony_h
ffmpeg-0.6/tests/ref/fate/qt-rawpcm-8bit-stereo-unsigned
ffmpeg-0.6/tests/ref/fate/h264-conformance-canl1_toshiba_g
ffmpeg-0.6/tests/ref/fate/qtrle-2bit
ffmpeg-0.6/tests/ref/fate/funcom-iss
ffmpeg-0.6/tests/ref/fate/smc
ffmpeg-0.6/tests/ref/fate/h264-conformance-sharp_mp_paff_2r
ffmpeg-0.6/tests/ref/fate/h264-conformance-midr_mw_d
ffmpeg-0.6/tests/ref/fate/h264-conformance-frext-hpcanl_brcm_c
ffmpeg-0.6/tests/ref/fate/auravision-v2
ffmpeg-0.6/tests/ref/fate/bink-demux
ffmpeg-0.6/tests/ref/fate/zlib
ffmpeg-0.6/tests/ref/fate/h264-conformance-frext-hcafr2_hhi_a
ffmpeg-0.6/tests/ref/fate/iv8-demux
ffmpeg-0.6/tests/ref/fate/redcode-demux
ffmpeg-0.6/tests/ref/fate/h264-conformance-cvmanl1_toshiba_b
ffmpeg-0.6/tests/ref/fate/indeo5
ffmpeg-0.6/tests/ref/fate/indeo3
ffmpeg-0.6/tests/ref/fate/nc-demux
ffmpeg-0.6/tests/ref/fate/indeo2
ffmpeg-0.6/tests/ref/fate/h264-conformance-bamq2_jvc_c
ffmpeg-0.6/tests/ref/fate/h264-conformance-frext-brcm_freh9
ffmpeg-0.6/tests/ref/fate/h264-conformance-frext-hpca_brcm_c
ffmpeg-0.6/tests/ref/fate/h264-conformance-frext-brcm_freh8
ffmpeg-0.6/tests/ref/fate/cryo-apc
ffmpeg-0.6/tests/ref/fate/h264-conformance-frext-brcm_freh5
ffmpeg-0.6/tests/ref/fate/h264-conformance-frext-freh7_b
ffmpeg-0.6/tests/ref/fate/iff-byterun1
ffmpeg-0.6/tests/ref/fate/h264-conformance-frext-brcm_freh4
ffmpeg-0.6/tests/ref/fate/h264-conformance-frext-brcm_freh3
ffmpeg-0.6/tests/ref/fate/nuv
ffmpeg-0.6/tests/ref/fate/h264-conformance-cvpcmnl2_sva_c
ffmpeg-0.6/tests/ref/fate/h264-conformance-capa1_toshiba_b
ffmpeg-0.6/tests/ref/fate/aea-demux
ffmpeg-0.6/tests/ref/fate/pva-demux
ffmpeg-0.6/tests/ref/fate/h264-conformance-camasl3_sony_b
ffmpeg-0.6/tests/ref/fate/qt-alaw-stereo
ffmpeg-0.6/tests/ref/fate/aac-demux
ffmpeg-0.6/tests/ref/fate/fraps-v5
ffmpeg-0.6/tests/ref/fate/fraps-v4
ffmpeg-0.6/tests/ref/fate/fraps-v3
ffmpeg-0.6/tests/ref/fate/h264-conformance-ba_mw_d
ffmpeg-0.6/tests/ref/fate/fraps-v2
ffmpeg-0.6/tests/ref/fate/h264-conformance-camanl3_sand_e
ffmpeg-0.6/tests/ref/fate/fraps-v1
ffmpeg-0.6/tests/ref/fate/fraps-v0
ffmpeg-0.6/tests/ref/fate/bethsoft-vid
ffmpeg-0.6/tests/ref/fate/h264-conformance-sva_base_b
ffmpeg-0.6/tests/ref/fate/d-cinema-demux
ffmpeg-0.6/tests/ref/fate/msvideo1-8bit
ffmpeg-0.6/tests/ref/fate/quickdraw
ffmpeg-0.6/tests/ref/fate/h264-conformance-cvwp3_toshiba_e
ffmpeg-0.6/tests/ref/fate/h264-conformance-capama3_sand_f
ffmpeg-0.6/tests/ref/fate/h264-conformance-cabref3_sand_d
ffmpeg-0.6/tests/ref/fate/cvid
ffmpeg-0.6/tests/ref/fate/h264-conformance-frext-hpcvfl_bcrm_a
ffmpeg-0.6/tests/ref/fate/h264-conformance-nl2_sony_h
ffmpeg-0.6/tests/ref/fate/frwu
ffmpeg-0.6/tests/ref/fate/h264-conformance-canl2_sva_b
ffmpeg-0.6/tests/ref/fate/iff-pcm
ffmpeg-0.6/tests/ref/fate/w64
ffmpeg-0.6/tests/ref/fate/lossless-monkeysaudio
ffmpeg-0.6/tests/ref/fate/ea-mad-pcm-planar
ffmpeg-0.6/tests/ref/fate/cdgraphics
ffmpeg-0.6/tests/ref/fate/ea-tqi-adpcm
ffmpeg-0.6/tests/ref/fate/h264-conformance-camanl2_toshiba_b
ffmpeg-0.6/tests/ref/fate/sp5x
ffmpeg-0.6/tests/ref/fate/h264-conformance-mr1_bt_a
ffmpeg-0.6/tests/ref/fate/h264-conformance-frext-hpcvnl_brcm_a
ffmpeg-0.6/tests/ref/fate/h264-conformance-cabac_mot_picaff0_full
ffmpeg-0.6/tests/ref/fate/creative-adpcm-8-4bit
ffmpeg-0.6/tests/ref/fate/h264-conformance-frext-freh12_b
ffmpeg-0.6/tests/ref/fate/qtrle-1bit
ffmpeg-0.6/tests/ref/fate/h264-conformance-ci1_ft_b
ffmpeg-0.6/tests/ref/fate/h264-conformance-frext-hpcvflnl_bcrm_a
ffmpeg-0.6/tests/ref/fate/h264-conformance-cavlc_mot_mbaff0_full_b
ffmpeg-0.6/tests/ref/fate/thp-mjpeg-adpcm
ffmpeg-0.6/tests/ref/fate/h264-conformance-frext-hpcamapalq_bcrm_b
ffmpeg-0.6/tests/ref/fate/h264-conformance-ci_mw_d
ffmpeg-0.6/tests/ref/fate/sunraster-8bit-rle
ffmpeg-0.6/tests/ref/fate/h264-conformance-cama1_vtc_c
ffmpeg-0.6/tests/ref/fate/h264-conformance-cavlc_mot_fld0_full_b
ffmpeg-0.6/tests/ref/fate/h264-conformance-cabaci3_sony_b
ffmpeg-0.6/tests/ref/fate/h264-conformance-frext-alphaconformanceg
ffmpeg-0.6/tests/ref/fate/h264-conformance-frext-frext1_panasonic_c
ffmpeg-0.6/tests/ref/fate/qt-ulaw-mono
ffmpeg-0.6/tests/ref/fate/h264-conformance-frext-frext01_jvc_d
ffmpeg-0.6/tests/ref/fate/corepng
ffmpeg-0.6/tests/ref/fate/h264-conformance-caba2_sony_e
ffmpeg-0.6/tests/ref/fate/h264-conformance-cvfi1_sony_d
ffmpeg-0.6/tests/ref/fate/motionpixels
ffmpeg-0.6/tests/ref/fate/h264-conformance-cvma1_toshiba_b
ffmpeg-0.6/tests/ref/fate/h264-conformance-cvcanlma2_sony_c
ffmpeg-0.6/tests/ref/fate/real-14_4
ffmpeg-0.6/tests/ref/fate/h264-conformance-cabastbr3_sony_b
ffmpeg-0.6/tests/ref/fate/h264-conformance-capcm1_sand_e
ffmpeg-0.6/tests/ref/fate/h264-conformance-mr4_tandberg_c
ffmpeg-0.6/tests/ref/fate/amv
ffmpeg-0.6/tests/ref/fate/zmbv-8bit
ffmpeg-0.6/tests/ref/fate/h264-conformance-cvmp_mot_frm_l31_b
ffmpeg-0.6/tests/ref/fate/wc3movie-xan
ffmpeg-0.6/tests/ref/fate/ulti
ffmpeg-0.6/tests/ref/fate/qt-alaw-mono
ffmpeg-0.6/tests/ref/fate/ea-cmv
ffmpeg-0.6/tests/ref/fate/4xm
ffmpeg-0.6/tests/ref/fate/mtv
ffmpeg-0.6/tests/ref/fate/h264-conformance-mr7_bt_b
ffmpeg-0.6/tests/ref/fate/qcp-demux
ffmpeg-0.6/tests/ref/fate/sunraster-1bit-rle
ffmpeg-0.6/tests/ref/fate/h264-conformance-frext-frext_mmco4_sony_b
ffmpeg-0.6/tests/ref/fate/rl2
ffmpeg-0.6/tests/ref/fate/sunraster-24bit-raw
ffmpeg-0.6/tests/ref/fate/h264-conformance-frext-hcafr4_hhi_a
ffmpeg-0.6/tests/ref/fate/h264-conformance-cvma1_sony_d
ffmpeg-0.6/tests/ref/fate/h264-conformance-cavlc_mot_picaff0_full_b
ffmpeg-0.6/tests/ref/fate/cljr
ffmpeg-0.6/tests/ref/fate/h264-conformance-cavlc_mot_frm0_full_b
ffmpeg-0.6/tests/ref/fate/duck-tm2
ffmpeg-0.6/tests/ref/fate/h264-conformance-mv1_brcm_d
ffmpeg-0.6/tests/ref/fate/h264-conformance-capcmnl1_sand_e
ffmpeg-0.6/tests/ref/fate/8bps
ffmpeg-0.6/tests/ref/fate/real-rv40
ffmpeg-0.6/tests/ref/fate/bink-demux-video
ffmpeg-0.6/tests/ref/fate/qt-mac6-stereo
ffmpeg-0.6/tests/ref/fate/h264-conformance-nlmq2_jvc_c
ffmpeg-0.6/tests/ref/fate/h264-conformance-cama1_toshiba_b
ffmpeg-0.6/tests/ref/fate/h264-conformance-ls_sva_d
ffmpeg-0.6/tests/ref/fate/h264-conformance-caba3_toshiba_e
ffmpeg-0.6/tests/ref/fate/qt-rawpcm-8bit-mono-unsigned
ffmpeg-0.6/tests/ref/fate/deluxepaint-anm
ffmpeg-0.6/tests/ref/fate/h264-conformance-caba1_sva_b
ffmpeg-0.6/tests/ref/fate/vc1
ffmpeg-0.6/tests/ref/fate/mpc8-demux
ffmpeg-0.6/tests/ref/fate/h264-conformance-cvwp1_toshiba_e
ffmpeg-0.6/tests/ref/fate/h264-conformance-canl4_sva_b
ffmpeg-0.6/tests/ref/fate/sierra-audio
ffmpeg-0.6/tests/ref/fate/h264-conformance-canl1_sony_e
ffmpeg-0.6/tests/ref/fate/h264-conformance-cvmapaqp3_sony_e
ffmpeg-0.6/tests/ref/fate/psx-str
ffmpeg-0.6/tests/ref/fate/h264-conformance-frext-hpcaq2lq_brcm_b
ffmpeg-0.6/tests/ref/fate/h264-conformance-mr2_mw_a
ffmpeg-0.6/tests/ref/fate/vqf-demux
ffmpeg-0.6/tests/ref/fate/h264-conformance-hcmp1_hhi_a
ffmpeg-0.6/tests/ref/fate/h264-conformance-cvmp_mot_fld_l30_b
ffmpeg-0.6/tests/ref/fate/h264-conformance-canlma3_sony_c
ffmpeg-0.6/tests/ref/fate/h264-conformance-cvmaqp3_sony_d
ffmpeg-0.6/tests/ref/fate/h264-conformance-frext-hcafr1_hhi_c
ffmpeg-0.6/tests/ref/fate/h264-conformance-ba2_sony_f
ffmpeg-0.6/tests/ref/fate/h264-conformance-frext-bcrm_freh10
ffmpeg-0.6/tests/ref/fate/h264-conformance-cvnlfi1_sony_c
ffmpeg-0.6/tests/ref/fate/h264-conformance-cvmanl2_toshiba_b
ffmpeg-0.6/tests/ref/fate/h264-conformance-bamq1_jvc_c
ffmpeg-0.6/tests/ref/fate/vcr1
ffmpeg-0.6/tests/ref/fate/h264-conformance-cama3_vtc_b
ffmpeg-0.6/tests/ref/fate/tiertex-seq
ffmpeg-0.6/tests/ref/fate/h264-conformance-frext-hpcamolq_brcm_b
ffmpeg-0.6/tests/ref/fate/h264-conformance-cvpcmnl1_sva_c
ffmpeg-0.6/tests/ref/fate/duck-dk4
ffmpeg-0.6/tests/ref/fate/duck-dk3
ffmpeg-0.6/tests/ref/fate/h264-conformance-frext-frext2_panasonic_b
ffmpeg-0.6/tests/ref/fate/h264-conformance-sva_cl1_e
ffmpeg-0.6/tests/ref/fate/h264-conformance-cama1_sony_c
ffmpeg-0.6/tests/ref/fate/h264-conformance-cawp1_toshiba_e
ffmpeg-0.6/tests/ref/fate/h264-conformance-frext-hcamff1_hhi_b
ffmpeg-0.6/tests/ref/fate/qpeg
ffmpeg-0.6/tests/ref/fate/h264-conformance-frext-brcm_freh11
ffmpeg-0.6/tests/ref/fate/nsv-demux
ffmpeg-0.6/tests/ref/fate/h264-conformance-canl3_sony_c
ffmpeg-0.6/tests/ref/fate/westwood-aud
ffmpeg-0.6/tests/ref/fate/mszh
ffmpeg-0.6/tests/ref/fate/h264-conformance-canl1_sva_b
ffmpeg-0.6/tests/ref/fate/h264-conformance-cabac_mot_mbaff0_full
ffmpeg-0.6/tests/ref/fate/ea-tgq
ffmpeg-0.6/tests/ref/fate/idroq-video-encode
ffmpeg-0.6/tests/ref/fate/pcm_dvd
ffmpeg-0.6/tests/ref/fate/vp5
ffmpeg-0.6/tests/ref/fate/h264-conformance-basqp1_sony_c
ffmpeg-0.6/tests/ref/fate/h264-conformance-sva_fm1_e
ffmpeg-0.6/tests/ref/fate/aasc
ffmpeg-0.6/tests/ref/fate/flic-af12
ffmpeg-0.6/tests/ref/fate/zmbv-16bit
ffmpeg-0.6/tests/ref/fate/interplay-mve-8bit
ffmpeg-0.6/tests/ref/fate/h264-conformance-hcbp2_hhi_a
ffmpeg-0.6/tests/ref/fate/lossless-tta
ffmpeg-0.6/tests/ref/fate/oma-demux
ffmpeg-0.6/tests/ref/fate/qt-ulaw-stereo
ffmpeg-0.6/tests/ref/fate/h264-conformance-ba3_sva_c
ffmpeg-0.6/tests/ref/fate/creatureshock-avs
ffmpeg-0.6/tests/ref/fate/qt-rawpcm-16bit-stereo-signed-be
ffmpeg-0.6/tests/ref/fate/creative-adpcm-8-2bit
ffmpeg-0.6/tests/ref/fate/creative-adpcm
ffmpeg-0.6/tests/ref/fate/h264-conformance-mr5_tandberg_c
ffmpeg-0.6/tests/ref/fate/lossless-wavpackaudio
ffmpeg-0.6/tests/ref/fate/vp6f
ffmpeg-0.6/tests/ref/fate/h264-conformance-sva_nl2_e
ffmpeg-0.6/tests/ref/fate/h264-conformance-nl1_sony_d
ffmpeg-0.6/tests/ref/fate/vp6a
ffmpeg-0.6/tests/ref/fate/vqa-cc
ffmpeg-0.6/tests/ref/fate/qtrle-16bit
ffmpeg-0.6/tests/ref/fate/cyberia-c93
ffmpeg-0.6/tests/ref/fate/h264-conformance-nrf_mw_e
ffmpeg-0.6/tests/ref/fate/h264-conformance-fi1_sony_e
ffmpeg-0.6/tests/ref/fate/loco-rgb
ffmpeg-0.6/tests/ref/fate/h264-conformance-cvbs3_sony_c
ffmpeg-0.6/tests/ref/fate/h264-conformance-mr6_bt_b
ffmpeg-0.6/tests/ref/fate/loco-yuy2
ffmpeg-0.6/tests/ref/fate/bfi
ffmpeg-0.6/tests/ref/fate/h264-conformance-cvfi2_sva_c
ffmpeg-0.6/tests/ref/fate/h264-conformance-caba3_sva_b
ffmpeg-0.6/tests/ref/fate/wnv1
ffmpeg-0.6/tests/ref/fate/creative-adpcm-8-2.6bit
ffmpeg-0.6/tests/ref/fate/film-cvid-pcm-stereo-8bit
ffmpeg-0.6/tests/ref/fate/adpcm-ea-r3
ffmpeg-0.6/tests/ref/fate/sunraster-24bit-rle
ffmpeg-0.6/tests/ref/fate/adpcm-ea-r2
ffmpeg-0.6/tests/ref/fate/qtrle-4bit
ffmpeg-0.6/tests/ref/fate/msrle-8bit
ffmpeg-0.6/tests/ref/fate/h264-conformance-camaci3_sony_c
ffmpeg-0.6/tests/ref/fate/h264-conformance-mr2_tandberg_e
ffmpeg-0.6/tests/ref/fate/auravision
ffmpeg-0.6/tests/ref/fate/alg-mm
ffmpeg-0.6/tests/ref/fate/h264-conformance-sharp_mp_field_3_b
ffmpeg-0.6/tests/ref/fate/h264-conformance-ba1_ft_c
ffmpeg-0.6/tests/ref/fate/h264-conformance-mr9_bt_b
ffmpeg-0.6/tests/ref/fate/h264-conformance-cabast3_sony_e
ffmpeg-0.6/tests/ref/fate/qt-mac3-stereo
ffmpeg-0.6/tests/ref/fate/mpeg4-als-conformance-05
ffmpeg-0.6/tests/ref/fate/mpeg4-als-conformance-04
ffmpeg-0.6/tests/ref/fate/mpeg4-als-conformance-03
ffmpeg-0.6/tests/ref/fate/mpeg4-als-conformance-02
ffmpeg-0.6/tests/ref/fate/mpeg4-als-conformance-01
ffmpeg-0.6/tests/ref/fate/mpeg4-als-conformance-00
ffmpeg-0.6/tests/ref/fate/mimic
ffmpeg-0.6/tests/ref/fate/h264-conformance-frext-hcafr3_hhi_a
ffmpeg-0.6/tests/ref/fate/feeble-dxa
ffmpeg-0.6/tests/ref/fate/qt-msimaadpcm-stereo
ffmpeg-0.6/tests/ref/fate/svq3
ffmpeg-0.6/tests/ref/fate/h264-conformance-frext-hpcaflnl_bcrm_c
ffmpeg-0.6/tests/ref/fate/dpx
ffmpeg-0.6/tests/ref/fate/h264-conformance-caba1_sony_d
ffmpeg-0.6/tests/ref/fate/svq1
ffmpeg-0.6/tests/ref/fate/h264-conformance-sva_ba2_d
ffmpeg-0.6/tests/ref/fate/h264-conformance-caqp1_sony_b
ffmpeg-0.6/tests/ref/fate/vmnc-16bit
ffmpeg-0.6/tests/ref/fate/iff-ilbm
ffmpeg-0.6/tests/ref/fate/smacker
ffmpeg-0.6/tests/ref/fate/ea-tgv-ima-ea-sead
ffmpeg-0.6/tests/ref/fate/ea-tgv-ima-ea-eacs
ffmpeg-0.6/tests/ref/fate/h264-conformance-nl3_sva_e
ffmpeg-0.6/tests/ref/fate/h264-conformance-frext-hcaff1_hhi_b
ffmpeg-0.6/tests/ref/fate/lossless-meridianaudio
ffmpeg-0.6/tests/ref/fate/h264-conformance-sva_nl1_b
ffmpeg-0.6/tests/ref/fate/h264-conformance-mr1_mw_a
ffmpeg-0.6/tests/ref/fate/h264-conformance-mps_mw_a
ffmpeg-0.6/tests/ref/fate/qt-mac3-mono
ffmpeg-0.6/tests/ref/fate/qtrle-24bit
ffmpeg-0.6/tests/ref/fate/h264-conformance-frext-frext3_panasonic_d
ffmpeg-0.6/tests/ref/fate/h264-conformance-frext-freh2_b
ffmpeg-0.6/tests/ref/fate/h264-conformance-nlmq1_jvc_c
ffmpeg-0.6/tests/ref/fate/idroq-video-dpcm
ffmpeg-0.6/tests/ref/fate/zmbv-15bit
ffmpeg-0.6/tests/ref/fate/armovie-escape124
ffmpeg-0.6/tests/ref/fate/h264-conformance-cvwp2_toshiba_e
ffmpeg-0.6/tests/ref/fate/maxis-xa
ffmpeg-0.6/tests/ref/fate/mpc7-demux
ffmpeg-0.6/tests/ref/fate/h264-conformance-canl3_sva_b
ffmpeg-0.6/tests/ref/fate/h264-conformance-camp_mot_mbaff_l31
ffmpeg-0.6/tests/ref/fate/h264-conformance-camp_mot_mbaff_l30
ffmpeg-0.6/tests/ref/fate/ea-vp61
ffmpeg-0.6/tests/ref/fate/iff-fibonacci
ffmpeg-0.6/tests/ref/fate/qt-mac6-mono
ffmpeg-0.6/tests/ref/fate/ea-vp60
ffmpeg-0.6/tests/ref/fate/h264-conformance-frext-freh6
ffmpeg-0.6/tests/ref/fate/h264-conformance-sharp_mp_field_2_b
ffmpeg-0.6/tests/ref/fate/h264-conformance-cama3_sand_e
ffmpeg-0.6/tests/ref/fate/lmlm4-demux
ffmpeg-0.6/tests/ref/fate/h264-conformance-cvfi2_sony_h
ffmpeg-0.6/tests/ref/fate/h264-conformance-camanl1_toshiba_b
ffmpeg-0.6/tests/ref/fate/zmbv-32bit
ffmpeg-0.6/tests/ref/fate/ea-dct
ffmpeg-0.6/tests/ref/fate/h264-conformance-caba3_sony_c
ffmpeg-0.6/tests/ref/fate/h264-conformance-aud_mw_e
ffmpeg-0.6/tests/ref/fate/caf
ffmpeg-0.6/tests/ref/fate/lossless-appleaudio
ffmpeg-0.6/tests/ref/fate/video-xl
ffmpeg-0.6/tests/ref/fate/h264-conformance-sva_ba1_b
ffmpeg-0.6/tests/ref/fate/flic-af11-palette-change
ffmpeg-0.6/tests/rotozoom.c
ffmpeg-0.6/tests/ffserver-regression.sh
ffmpeg-0.6/tests/lena.pnm
ffmpeg-0.6/tests/fate-update.sh
ffmpeg-0.6/tests/seek_test.c
ffmpeg-0.6/tests/ffserver.conf
ffmpeg-0.6/tests/tiny_psnr.c
ffmpeg-0.6/tests/regression-funcs.sh
ffmpeg-0.6/tests/copy.regression.ref
ffmpeg-0.6/tests/codec-regression.sh
ffmpeg-0.6/tests/md5.sh
ffmpeg-0.6/tests/fate-run.sh
ffmpeg-0.6/tests/lavfi-regression.sh
ffmpeg-0.6/tests/fate.mak
ffmpeg-0.6/tests/copycooker.sh
ffmpeg-0.6/tests/videogen.c
ffmpeg-0.6/tests/lavf-regression.sh
ffmpeg-0.6/COPYING.GPLv3
ffmpeg-0.6/COPYING.GPLv2
ffmpeg-0.6/tools/
ffmpeg-0.6/tools/qt-faststart.c
ffmpeg-0.6/tools/pktdumper.c
ffmpeg-0.6/tools/graph2dot.c
ffmpeg-0.6/tools/trasher.c
ffmpeg-0.6/tools/probetest.c
ffmpeg-0.6/tools/clean-diff
ffmpeg-0.6/tools/build_avopt
ffmpeg-0.6/tools/unwrap-diff
ffmpeg-0.6/tools/patcheck
ffmpeg-0.6/tools/cws2fws.c
ffmpeg-0.6/libpostproc/
ffmpeg-0.6/libpostproc/Makefile
ffmpeg-0.6/libpostproc/postprocess.h
ffmpeg-0.6/libpostproc/postprocess_altivec_template.c
ffmpeg-0.6/libpostproc/postprocess_internal.h
ffmpeg-0.6/libpostproc/postprocess.c
ffmpeg-0.6/libpostproc/libpostproc.v
ffmpeg-0.6/libpostproc/postprocess_template.c
ffmpeg-0.6/subdir.mak
ffmpeg-0.6/version.sh
ffmpeg-0.6/CREDITS
ffmpeg-0.6/libavcodec/
ffmpeg-0.6/libavcodec/wavpack.c
ffmpeg-0.6/libavcodec/h264_mp4toannexb_bsf.c
ffmpeg-0.6/libavcodec/h264_cabac.c
ffmpeg-0.6/libavcodec/h261dec.c
ffmpeg-0.6/libavcodec/ac3enc.c
ffmpeg-0.6/libavcodec/libvpxenc.c
ffmpeg-0.6/libavcodec/h264idct.c
ffmpeg-0.6/libavcodec/msvideo1.c
ffmpeg-0.6/libavcodec/dvbsub.c
ffmpeg-0.6/libavcodec/libxvid_rc.c
ffmpeg-0.6/libavcodec/mp3_header_decompress_bsf.c
ffmpeg-0.6/libavcodec/mpc8huff.h
ffmpeg-0.6/libavcodec/adpcm.c
ffmpeg-0.6/libavcodec/wmaprodec.c
ffmpeg-0.6/libavcodec/synth_filter.h
ffmpeg-0.6/libavcodec/nellymoserenc.c
ffmpeg-0.6/libavcodec/pcm.c
ffmpeg-0.6/libavcodec/synth_filter.c
ffmpeg-0.6/libavcodec/atrac1data.h
ffmpeg-0.6/libavcodec/vaapi_vc1.c
ffmpeg-0.6/libavcodec/tableprint.h
ffmpeg-0.6/libavcodec/vb.c
ffmpeg-0.6/libavcodec/h261enc.c
ffmpeg-0.6/libavcodec/mpeg12decdata.h
ffmpeg-0.6/libavcodec/gif.c
ffmpeg-0.6/libavcodec/jfdctint.c
ffmpeg-0.6/libavcodec/tableprint.c
ffmpeg-0.6/libavcodec/wmadec.c
ffmpeg-0.6/libavcodec/targa.c
ffmpeg-0.6/libavcodec/tscc.c
ffmpeg-0.6/libavcodec/loco.c
ffmpeg-0.6/libavcodec/pthread.c
ffmpeg-0.6/libavcodec/cyuv.c
ffmpeg-0.6/libavcodec/libfaac.c
ffmpeg-0.6/libavcodec/vorbis_dec.c
ffmpeg-0.6/libavcodec/amrnbdec.c
ffmpeg-0.6/libavcodec/wmaenc.c
ffmpeg-0.6/libavcodec/vorbis.h
ffmpeg-0.6/libavcodec/iff.h
ffmpeg-0.6/libavcodec/wmv2dec.c
ffmpeg-0.6/libavcodec/dcahuff.h
ffmpeg-0.6/libavcodec/movsub_bsf.c
ffmpeg-0.6/libavcodec/vorbis.c
ffmpeg-0.6/libavcodec/iff.c
ffmpeg-0.6/libavcodec/intrax8dsp.c
ffmpeg-0.6/libavcodec/mlpdec.c
ffmpeg-0.6/libavcodec/svq1_cb.h
ffmpeg-0.6/libavcodec/msrledec.h
ffmpeg-0.6/libavcodec/atrac.h
ffmpeg-0.6/libavcodec/vc1.h
ffmpeg-0.6/libavcodec/arm/
ffmpeg-0.6/libavcodec/arm/dcadsp_neon.S
ffmpeg-0.6/libavcodec/arm/h264dsp_neon.S
ffmpeg-0.6/libavcodec/arm/dsputil_arm.h
ffmpeg-0.6/libavcodec/arm/simple_idct_armv6.S
ffmpeg-0.6/libavcodec/arm/mpegvideo_iwmmxt.c
ffmpeg-0.6/libavcodec/arm/dsputil_neon.S
ffmpeg-0.6/libavcodec/arm/mpegvideo_arm.h
ffmpeg-0.6/libavcodec/arm/dsputil_init_vfp.c
ffmpeg-0.6/libavcodec/arm/mpegvideo_armv5te.c
ffmpeg-0.6/libavcodec/arm/dcadsp_init_arm.c
ffmpeg-0.6/libavcodec/arm/mathops.h
ffmpeg-0.6/libavcodec/arm/dsputil_vfp.S
ffmpeg-0.6/libavcodec/arm/mpegvideo_arm.c
ffmpeg-0.6/libavcodec/arm/fft_neon.S
ffmpeg-0.6/libavcodec/arm/h264dsp_init_arm.c
ffmpeg-0.6/libavcodec/arm/dsputil_init_armv5te.c
ffmpeg-0.6/libavcodec/arm/synth_filter_neon.S
ffmpeg-0.6/libavcodec/arm/dsputil_init_arm.c
ffmpeg-0.6/libavcodec/arm/vp56dsp_neon.S
ffmpeg-0.6/libavcodec/arm/dsputil_arm.S
ffmpeg-0.6/libavcodec/arm/fft_init_arm.c
ffmpeg-0.6/libavcodec/arm/asm.S
ffmpeg-0.6/libavcodec/arm/rdft_neon.S
ffmpeg-0.6/libavcodec/arm/h264pred_neon.S
ffmpeg-0.6/libavcodec/arm/Makefile
ffmpeg-0.6/libavcodec/arm/simple_idct_neon.S
ffmpeg-0.6/libavcodec/arm/vp56dsp_init_arm.c
ffmpeg-0.6/libavcodec/arm/dsputil_iwmmxt.c
ffmpeg-0.6/libavcodec/arm/aac.h
ffmpeg-0.6/libavcodec/arm/int_neon.S
ffmpeg-0.6/libavcodec/arm/dsputil_iwmmxt_rnd_template.c
ffmpeg-0.6/libavcodec/arm/dsputil_init_neon.c
ffmpeg-0.6/libavcodec/arm/h264idct_neon.S
ffmpeg-0.6/libavcodec/arm/mdct_neon.S
ffmpeg-0.6/libavcodec/arm/mpegvideo_armv5te_s.S
ffmpeg-0.6/libavcodec/arm/dsputil_init_armv6.c
ffmpeg-0.6/libavcodec/arm/h264pred_init_arm.c
ffmpeg-0.6/libavcodec/arm/jrevdct_arm.S
ffmpeg-0.6/libavcodec/arm/simple_idct_armv5te.S
ffmpeg-0.6/libavcodec/arm/dsputil_armv6.S
ffmpeg-0.6/libavcodec/arm/vp3dsp_neon.S
ffmpeg-0.6/libavcodec/arm/simple_idct_arm.S
ffmpeg-0.6/libavcodec/msrledec.c
ffmpeg-0.6/libavcodec/atrac.c
ffmpeg-0.6/libavcodec/bitstream.c
ffmpeg-0.6/libavcodec/rv40data.h
ffmpeg-0.6/libavcodec/vorbis_enc.c
ffmpeg-0.6/libavcodec/vc1.c
ffmpeg-0.6/libavcodec/ljpegenc.c
ffmpeg-0.6/libavcodec/alacenc.c
ffmpeg-0.6/libavcodec/xvmc.h
ffmpeg-0.6/libavcodec/wmv2enc.c
ffmpeg-0.6/libavcodec/indeo3data.h
ffmpeg-0.6/libavcodec/qcelpdec.c
ffmpeg-0.6/libavcodec/dct.c
ffmpeg-0.6/libavcodec/alac.c
ffmpeg-0.6/libavcodec/cbrt_tablegen.h
ffmpeg-0.6/libavcodec/vp56data.h
ffmpeg-0.6/libavcodec/txd.c
ffmpeg-0.6/libavcodec/cbrt_tablegen.c
ffmpeg-0.6/libavcodec/vp56data.c
ffmpeg-0.6/libavcodec/mpeg12data.h
ffmpeg-0.6/libavcodec/eaidct.c
ffmpeg-0.6/libavcodec/h264_ps.c
ffmpeg-0.6/libavcodec/libmp3lame.c
ffmpeg-0.6/libavcodec/mpeg12data.c
ffmpeg-0.6/libavcodec/adx.h
ffmpeg-0.6/libavcodec/ituh263dec.c
ffmpeg-0.6/libavcodec/elbg.h
ffmpeg-0.6/libavcodec/rangecoder.h
ffmpeg-0.6/libavcodec/xiph.h
ffmpeg-0.6/libavcodec/vp56dsp.h
ffmpeg-0.6/libavcodec/motion_est_template.c
ffmpeg-0.6/libavcodec/vp5data.h
ffmpeg-0.6/libavcodec/elbg.c
ffmpeg-0.6/libavcodec/rangecoder.c
ffmpeg-0.6/libavcodec/xiph.c
ffmpeg-0.6/libavcodec/dvdata.h
ffmpeg-0.6/libavcodec/vp56dsp.c
ffmpeg-0.6/libavcodec/dnxhddata.h
ffmpeg-0.6/libavcodec/dvdata.c
ffmpeg-0.6/libavcodec/rv30dsp.c
ffmpeg-0.6/libavcodec/dnxhddata.c
ffmpeg-0.6/libavcodec/put_bits.h
ffmpeg-0.6/libavcodec/xsubdec.c
ffmpeg-0.6/libavcodec/vc1acdata.h
ffmpeg-0.6/libavcodec/ituh263enc.c
ffmpeg-0.6/libavcodec/dsputil.h
ffmpeg-0.6/libavcodec/xan.c
ffmpeg-0.6/libavcodec/aandcttab.h
ffmpeg-0.6/libavcodec/g726.c
ffmpeg-0.6/libavcodec/dsputil.c
ffmpeg-0.6/libavcodec/ps2/
ffmpeg-0.6/libavcodec/ps2/mmi.h
ffmpeg-0.6/libavcodec/ps2/dsputil_mmi.c
ffmpeg-0.6/libavcodec/ps2/idct_mmi.c
ffmpeg-0.6/libavcodec/ps2/mpegvideo_mmi.c
ffmpeg-0.6/libavcodec/aandcttab.c
ffmpeg-0.6/libavcodec/mpeg12enc.c
ffmpeg-0.6/libavcodec/dctref.h
ffmpeg-0.6/libavcodec/fraps.c
ffmpeg-0.6/libavcodec/msmpeg4data.h
ffmpeg-0.6/libavcodec/xsubenc.c
ffmpeg-0.6/libavcodec/dctref.c
ffmpeg-0.6/libavcodec/mpc8data.h
ffmpeg-0.6/libavcodec/msmpeg4data.c
ffmpeg-0.6/libavcodec/eatqi.c
ffmpeg-0.6/libavcodec/cavs.h
ffmpeg-0.6/libavcodec/simple_idct.h
ffmpeg-0.6/libavcodec/mmvideo.c
ffmpeg-0.6/libavcodec/acelp_pitch_delay.h
ffmpeg-0.6/libavcodec/cavs.c
ffmpeg-0.6/libavcodec/simple_idct.c
ffmpeg-0.6/libavcodec/acelp_pitch_delay.c
ffmpeg-0.6/libavcodec/dct-test.c
ffmpeg-0.6/libavcodec/svq1dec.c
ffmpeg-0.6/libavcodec/pcm-mpeg.c
ffmpeg-0.6/libavcodec/dwt.h
ffmpeg-0.6/libavcodec/ppc/
ffmpeg-0.6/libavcodec/ppc/Makefile
ffmpeg-0.6/libavcodec/ppc/dsputil_altivec.c
ffmpeg-0.6/libavcodec/ppc/dsputil_ppc.h
ffmpeg-0.6/libavcodec/ppc/h264_altivec.c
ffmpeg-0.6/libavcodec/ppc/idct_altivec.c
ffmpeg-0.6/libavcodec/ppc/util_altivec.h
ffmpeg-0.6/libavcodec/ppc/fdct_altivec.c
ffmpeg-0.6/libavcodec/ppc/mpegvideo_altivec.c
ffmpeg-0.6/libavcodec/ppc/fft_altivec.c
ffmpeg-0.6/libavcodec/ppc/dsputil_ppc.c
ffmpeg-0.6/libavcodec/ppc/vp3dsp_altivec.c
ffmpeg-0.6/libavcodec/ppc/h264_template_altivec.c
ffmpeg-0.6/libavcodec/ppc/check_altivec.c
ffmpeg-0.6/libavcodec/ppc/mathops.h
ffmpeg-0.6/libavcodec/ppc/types_altivec.h
ffmpeg-0.6/libavcodec/ppc/gmc_altivec.c
ffmpeg-0.6/libavcodec/ppc/float_altivec.c
ffmpeg-0.6/libavcodec/ppc/vc1dsp_altivec.c
ffmpeg-0.6/libavcodec/ppc/int_altivec.c
ffmpeg-0.6/libavcodec/ppc/dsputil_altivec.h
ffmpeg-0.6/libavcodec/dwt.c
ffmpeg-0.6/libavcodec/aacdectab.h
ffmpeg-0.6/libavcodec/mjpega_dump_header_bsf.c
ffmpeg-0.6/libavcodec/libx264.c
ffmpeg-0.6/libavcodec/dcadata.h
ffmpeg-0.6/libavcodec/imx_dump_header_bsf.c
ffmpeg-0.6/libavcodec/targaenc.c
ffmpeg-0.6/libavcodec/h264_sei.c
ffmpeg-0.6/libavcodec/xl.c
ffmpeg-0.6/libavcodec/h264_loopfilter.c
ffmpeg-0.6/libavcodec/dnxhd_parser.c
ffmpeg-0.6/libavcodec/svq1enc.c
ffmpeg-0.6/libavcodec/pgssubdec.c
ffmpeg-0.6/libavcodec/dv_vlc_data.h
ffmpeg-0.6/libavcodec/sonic.c
ffmpeg-0.6/libavcodec/libdirac_libschro.h
ffmpeg-0.6/libavcodec/h264_refs.c
ffmpeg-0.6/libavcodec/bitstream_filter.c
ffmpeg-0.6/libavcodec/libdirac_libschro.c
ffmpeg-0.6/libavcodec/alsdec.c
ffmpeg-0.6/libavcodec/binkidct.c
ffmpeg-0.6/libavcodec/dirac.h
ffmpeg-0.6/libavcodec/faxcompr.h
ffmpeg-0.6/libavcodec/wmadata.h
ffmpeg-0.6/libavcodec/dirac.c
ffmpeg-0.6/libavcodec/aactab.h
ffmpeg-0.6/libavcodec/faxcompr.c
ffmpeg-0.6/libavcodec/aactab.c
ffmpeg-0.6/libavcodec/wmavoice_data.h
ffmpeg-0.6/libavcodec/mpc8.c
ffmpeg-0.6/libavcodec/flashsv.c
ffmpeg-0.6/libavcodec/ffv1.c
ffmpeg-0.6/libavcodec/aacsbr.h
ffmpeg-0.6/libavcodec/aacsbr.c
ffmpeg-0.6/libavcodec/sipr.h
ffmpeg-0.6/libavcodec/indeo2data.h
ffmpeg-0.6/libavcodec/xvmc_internal.h
ffmpeg-0.6/libavcodec/sipr.c
ffmpeg-0.6/libavcodec/eatgv.c
ffmpeg-0.6/libavcodec/mace.c
ffmpeg-0.6/libavcodec/vaapi_internal.h
ffmpeg-0.6/libavcodec/ra144.h
ffmpeg-0.6/libavcodec/sipr16kdata.h
ffmpeg-0.6/libavcodec/dca.h
ffmpeg-0.6/libavcodec/ws-snd1.c
ffmpeg-0.6/libavcodec/ra144.c
ffmpeg-0.6/libavcodec/rv30data.h
ffmpeg-0.6/libavcodec/mips/
ffmpeg-0.6/libavcodec/mips/Makefile
ffmpeg-0.6/libavcodec/mips/mathops.h
ffmpeg-0.6/libavcodec/dca.c
ffmpeg-0.6/libavcodec/vp3_parser.c
ffmpeg-0.6/libavcodec/indeo5.c
ffmpeg-0.6/libavcodec/dpcm.c
ffmpeg-0.6/libavcodec/vp6dsp.c
ffmpeg-0.6/libavcodec/sh4/
ffmpeg-0.6/libavcodec/sh4/Makefile
ffmpeg-0.6/libavcodec/sh4/dsputil_sh4.h
ffmpeg-0.6/libavcodec/sh4/sh4.h
ffmpeg-0.6/libavcodec/sh4/dsputil_sh4.c
ffmpeg-0.6/libavcodec/sh4/qpel.c
ffmpeg-0.6/libavcodec/sh4/idct_sh4.c
ffmpeg-0.6/libavcodec/sh4/dsputil_align.c
ffmpeg-0.6/libavcodec/dxa.c
ffmpeg-0.6/libavcodec/flac.h
ffmpeg-0.6/libavcodec/noise_bsf.c
ffmpeg-0.6/libavcodec/mpc7.c
ffmpeg-0.6/libavcodec/flac.c
ffmpeg-0.6/libavcodec/vp56.h
ffmpeg-0.6/libavcodec/roqvideodec.c
ffmpeg-0.6/libavcodec/bmpenc.c
ffmpeg-0.6/libavcodec/mpegaudio3.h
ffmpeg-0.6/libavcodec/libxvid_internal.h
ffmpeg-0.6/libavcodec/ratecontrol.h
ffmpeg-0.6/libavcodec/parser.h
ffmpeg-0.6/libavcodec/celp_math.h
ffmpeg-0.6/libavcodec/vp56.c
ffmpeg-0.6/libavcodec/raw.h
ffmpeg-0.6/libavcodec/c93.c
ffmpeg-0.6/libavcodec/ratecontrol.c
ffmpeg-0.6/libavcodec/parser.c
ffmpeg-0.6/libavcodec/celp_math.c
ffmpeg-0.6/libavcodec/pcx.c
ffmpeg-0.6/libavcodec/raw.c
ffmpeg-0.6/libavcodec/cga_data.h
ffmpeg-0.6/libavcodec/cga_data.c
ffmpeg-0.6/libavcodec/frwu.c
ffmpeg-0.6/libavcodec/smc.c
ffmpeg-0.6/libavcodec/h261data.h
ffmpeg-0.6/libavcodec/roqvideoenc.c
ffmpeg-0.6/libavcodec/8svx.c
ffmpeg-0.6/libavcodec/mpc7data.h
ffmpeg-0.6/libavcodec/mpegvideo_enc.c
ffmpeg-0.6/libavcodec/cavsdsp.c
ffmpeg-0.6/libavcodec/mlib/
ffmpeg-0.6/libavcodec/mlib/dsputil_mlib.c
ffmpeg-0.6/libavcodec/psymodel.h
ffmpeg-0.6/libavcodec/mlp.h
ffmpeg-0.6/libavcodec/psymodel.c
ffmpeg-0.6/libavcodec/Makefile
ffmpeg-0.6/libavcodec/os2thread.c
ffmpeg-0.6/libavcodec/png.h
ffmpeg-0.6/libavcodec/mlp.c
ffmpeg-0.6/libavcodec/h264.h
ffmpeg-0.6/libavcodec/png.c
ffmpeg-0.6/libavcodec/golomb.h
ffmpeg-0.6/libavcodec/h264.c
ffmpeg-0.6/libavcodec/acelp_filters.h
ffmpeg-0.6/libavcodec/vdpau_internal.h
ffmpeg-0.6/libavcodec/golomb.c
ffmpeg-0.6/libavcodec/8bps.c
ffmpeg-0.6/libavcodec/acelp_filters.c
ffmpeg-0.6/libavcodec/cavs_parser.c
ffmpeg-0.6/libavcodec/imcdata.h
ffmpeg-0.6/libavcodec/truespeech.c
ffmpeg-0.6/libavcodec/unary.h
ffmpeg-0.6/libavcodec/utils.c
ffmpeg-0.6/libavcodec/sipr16k.c
ffmpeg-0.6/libavcodec/h264dsp.h
ffmpeg-0.6/libavcodec/nellymoser.h
ffmpeg-0.6/libavcodec/h261_parser.c
ffmpeg-0.6/libavcodec/error_resilience.c
ffmpeg-0.6/libavcodec/h264dsp.c
ffmpeg-0.6/libavcodec/nellymoser.c
ffmpeg-0.6/libavcodec/twinvq_data.h
ffmpeg-0.6/libavcodec/ulti_cb.h
ffmpeg-0.6/libavcodec/eac3dec_data.h
ffmpeg-0.6/libavcodec/eac3dec_data.c
ffmpeg-0.6/libavcodec/mpegaudio.h
ffmpeg-0.6/libavcodec/faanidct.h
ffmpeg-0.6/libavcodec/mpegaudio.c
ffmpeg-0.6/libavcodec/asv1.c
ffmpeg-0.6/libavcodec/faanidct.c
ffmpeg-0.6/libavcodec/zmbvenc.c
ffmpeg-0.6/libavcodec/ac3tab.h
ffmpeg-0.6/libavcodec/kmvc.c
ffmpeg-0.6/libavcodec/mimic.c
ffmpeg-0.6/libavcodec/ac3tab.c
ffmpeg-0.6/libavcodec/sbr.h
ffmpeg-0.6/libavcodec/snow.h
ffmpeg-0.6/libavcodec/rle.h
ffmpeg-0.6/libavcodec/h263.h
ffmpeg-0.6/libavcodec/mpegaudiodec.c
ffmpeg-0.6/libavcodec/snow.c
ffmpeg-0.6/libavcodec/remove_extradata_bsf.c
ffmpeg-0.6/libavcodec/rle.c
ffmpeg-0.6/libavcodec/h263.c
ffmpeg-0.6/libavcodec/indeo3.c
ffmpeg-0.6/libavcodec/bgmc.h
ffmpeg-0.6/libavcodec/siprdata.h
ffmpeg-0.6/libavcodec/bethsoftvideo.h
ffmpeg-0.6/libavcodec/mlp_parser.h
ffmpeg-0.6/libavcodec/bgmc.c
ffmpeg-0.6/libavcodec/bethsoftvideo.c
ffmpeg-0.6/libavcodec/vaapi.h
ffmpeg-0.6/libavcodec/mlp_parser.c
ffmpeg-0.6/libavcodec/vmnc.c
ffmpeg-0.6/libavcodec/aaccoder.c
ffmpeg-0.6/libavcodec/pngdec.c
ffmpeg-0.6/libavcodec/mpegaudioenc.c
ffmpeg-0.6/libavcodec/vaapi.c
ffmpeg-0.6/libavcodec/qpeg.c
ffmpeg-0.6/libavcodec/vaapi_mpeg4.c
ffmpeg-0.6/libavcodec/cavsdata.h
ffmpeg-0.6/libavcodec/h264_cavlc.c
ffmpeg-0.6/libavcodec/intelh263dec.c
ffmpeg-0.6/libavcodec/huffman.h
ffmpeg-0.6/libavcodec/rv40vlc2.h
ffmpeg-0.6/libavcodec/huffman.c
ffmpeg-0.6/libavcodec/motion-test.c
ffmpeg-0.6/libavcodec/dnxhddec.c
ffmpeg-0.6/libavcodec/idcinvideo.c
ffmpeg-0.6/libavcodec/mpegvideo_xvmc.c
ffmpeg-0.6/libavcodec/pngenc.c
ffmpeg-0.6/libavcodec/wmavoice.c
ffmpeg-0.6/libavcodec/dv.c
ffmpeg-0.6/libavcodec/resample.c
ffmpeg-0.6/libavcodec/opt.h
ffmpeg-0.6/libavcodec/flacdata.h
ffmpeg-0.6/libavcodec/opt.c
ffmpeg-0.6/libavcodec/dnxhdenc.h
ffmpeg-0.6/libavcodec/flacdata.c
ffmpeg-0.6/libavcodec/aac_ac3_parser.h
ffmpeg-0.6/libavcodec/dnxhdenc.c
ffmpeg-0.6/libavcodec/dxva2.h
ffmpeg-0.6/libavcodec/aura.c
ffmpeg-0.6/libavcodec/aac_ac3_parser.c
ffmpeg-0.6/libavcodec/smacker.c
ffmpeg-0.6/libavcodec/dxva2.c
ffmpeg-0.6/libavcodec/indeo2.c
ffmpeg-0.6/libavcodec/rv20enc.c
ffmpeg-0.6/libavcodec/vqavideo.c
ffmpeg-0.6/libavcodec/libxvidff.c
ffmpeg-0.6/libavcodec/atrac3.c
ffmpeg-0.6/libavcodec/h264_direct.c
ffmpeg-0.6/libavcodec/vcr1.c
ffmpeg-0.6/libavcodec/roqaudioenc.c
ffmpeg-0.6/libavcodec/cavsdec.c
ffmpeg-0.6/libavcodec/vp3data.h
ffmpeg-0.6/libavcodec/pnmdec.c
ffmpeg-0.6/libavcodec/rv34.h
ffmpeg-0.6/libavcodec/dvdsubdec.c
ffmpeg-0.6/libavcodec/rv34.c
ffmpeg-0.6/libavcodec/resample2.c
ffmpeg-0.6/libavcodec/sgi.h
ffmpeg-0.6/libavcodec/vorbis_enc_data.h
ffmpeg-0.6/libavcodec/costablegen.c
ffmpeg-0.6/libavcodec/gifdec.c
ffmpeg-0.6/libavcodec/pnmenc.c
ffmpeg-0.6/libavcodec/beosthread.c
ffmpeg-0.6/libavcodec/ac3dec_data.h
ffmpeg-0.6/libavcodec/dvdsubenc.c
ffmpeg-0.6/libavcodec/ac3dec_data.c
ffmpeg-0.6/libavcodec/vp6.c
ffmpeg-0.6/libavcodec/ra288.h
ffmpeg-0.6/libavcodec/ra288.c
ffmpeg-0.6/libavcodec/h264_parser.h
ffmpeg-0.6/libavcodec/x86/
ffmpeg-0.6/libavcodec/x86/dsputilenc_mmx.c
ffmpeg-0.6/libavcodec/x86/fft_sse.c
ffmpeg-0.6/libavcodec/x86/rv40dsp_mmx.c
ffmpeg-0.6/libavcodec/x86/idct_xvid.h
ffmpeg-0.6/libavcodec/x86/x86util.asm
ffmpeg-0.6/libavcodec/x86/dsputil_mmx_qns_template.c
ffmpeg-0.6/libavcodec/x86/mathops.h
ffmpeg-0.6/libavcodec/x86/x86inc.asm
ffmpeg-0.6/libavcodec/x86/dsputil_yasm.asm
ffmpeg-0.6/libavcodec/x86/h264dsp_mmx.c
ffmpeg-0.6/libavcodec/x86/dsputil_mmx.h
ffmpeg-0.6/libavcodec/x86/vp3dsp_mmx.h
ffmpeg-0.6/libavcodec/x86/dsputil_mmx.c
ffmpeg-0.6/libavcodec/x86/idct_mmx.c
ffmpeg-0.6/libavcodec/x86/dsputil_mmx_rnd_template.c
ffmpeg-0.6/libavcodec/x86/h264_i386.h
ffmpeg-0.6/libavcodec/x86/vp3dsp_mmx.c
ffmpeg-0.6/libavcodec/x86/h264_deblock_sse2.asm
ffmpeg-0.6/libavcodec/x86/mpegvideo_mmx.c
ffmpeg-0.6/libavcodec/x86/mlpdsp.c
ffmpeg-0.6/libavcodec/x86/dsputil_mmx_avg_template.c
ffmpeg-0.6/libavcodec/x86/Makefile
ffmpeg-0.6/libavcodec/x86/mpegvideo_mmx_template.c
ffmpeg-0.6/libavcodec/x86/dnxhd_mmx.c
ffmpeg-0.6/libavcodec/x86/cavsdsp_mmx.c
ffmpeg-0.6/libavcodec/x86/fft.h
ffmpeg-0.6/libavcodec/x86/fft_3dn.c
ffmpeg-0.6/libavcodec/x86/vp6dsp_sse2.h
ffmpeg-0.6/libavcodec/x86/vc1dsp_mmx.c
ffmpeg-0.6/libavcodec/x86/h264_idct_sse2.asm
ffmpeg-0.6/libavcodec/x86/vp3dsp_sse2.h
ffmpeg-0.6/libavcodec/x86/fft.c
ffmpeg-0.6/libavcodec/x86/snowdsp_mmx.c
ffmpeg-0.6/libavcodec/x86/vp6dsp_sse2.c
ffmpeg-0.6/libavcodec/x86/simple_idct_mmx.c
ffmpeg-0.6/libavcodec/x86/vp3dsp_sse2.c
ffmpeg-0.6/libavcodec/x86/idct_sse2_xvid.c
ffmpeg-0.6/libavcodec/x86/vp6dsp_mmx.h
ffmpeg-0.6/libavcodec/x86/mmx.h
ffmpeg-0.6/libavcodec/x86/fft_3dn2.c
ffmpeg-0.6/libavcodec/x86/cpuid.c
ffmpeg-0.6/libavcodec/x86/vp6dsp_mmx.c
ffmpeg-0.6/libavcodec/x86/dsputil_h264_template_mmx.c
ffmpeg-0.6/libavcodec/x86/dsputil_h264_template_ssse3.c
ffmpeg-0.6/libavcodec/x86/motion_est_mmx.c
ffmpeg-0.6/libavcodec/x86/fdct_mmx.c
ffmpeg-0.6/libavcodec/x86/lpc_mmx.c
ffmpeg-0.6/libavcodec/x86/fft_mmx.asm
ffmpeg-0.6/libavcodec/x86/idct_mmx_xvid.c
ffmpeg-0.6/libavcodec/vc1dsp.c
ffmpeg-0.6/libavcodec/h264_parser.c
ffmpeg-0.6/libavcodec/rv34data.h
ffmpeg-0.6/libavcodec/mdct_tablegen.h
ffmpeg-0.6/libavcodec/huffyuv.c
ffmpeg-0.6/libavcodec/svq3.c
ffmpeg-0.6/libavcodec/svq1enc_cb.h
ffmpeg-0.6/libavcodec/mdct_tablegen.c
ffmpeg-0.6/libavcodec/mpegaudio_parser.c
ffmpeg-0.6/libavcodec/h261.h
ffmpeg-0.6/libavcodec/kgv1dec.c
ffmpeg-0.6/libavcodec/fft.h
ffmpeg-0.6/libavcodec/h261.c
ffmpeg-0.6/libavcodec/libschroedingerdec.c
ffmpeg-0.6/libavcodec/fft.c
ffmpeg-0.6/libavcodec/tiffenc.c
ffmpeg-0.6/libavcodec/h264enc.c
ffmpeg-0.6/libavcodec/yop.c
ffmpeg-0.6/libavcodec/h264_mvpred.h
ffmpeg-0.6/libavcodec/mpegaudiodecheader.h
ffmpeg-0.6/libavcodec/qdm2.c
ffmpeg-0.6/libavcodec/lzwenc.c
ffmpeg-0.6/libavcodec/dsicinav.c
ffmpeg-0.6/libavcodec/mpegaudiodecheader.c
ffmpeg-0.6/libavcodec/libtheoraenc.c
ffmpeg-0.6/libavcodec/avpacket.c
ffmpeg-0.6/libavcodec/dxva2_vc1.c
ffmpeg-0.6/libavcodec/cook.c
ffmpeg-0.6/libavcodec/wnv1.c
ffmpeg-0.6/libavcodec/vaapi_mpeg2.c
ffmpeg-0.6/libavcodec/libschroedingerenc.c
ffmpeg-0.6/libavcodec/aacpsy.h
ffmpeg-0.6/libavcodec/bink.c
ffmpeg-0.6/libavcodec/imgconvert.h
ffmpeg-0.6/libavcodec/aacpsy.c
ffmpeg-0.6/libavcodec/lcl.h
ffmpeg-0.6/libavcodec/imgconvert.c
ffmpeg-0.6/libavcodec/ac3.h
ffmpeg-0.6/libavcodec/vp5.c
ffmpeg-0.6/libavcodec/avcodec.h
ffmpeg-0.6/libavcodec/4xm.c
ffmpeg-0.6/libavcodec/imc.c
ffmpeg-0.6/libavcodec/cdgraphics.c
ffmpeg-0.6/libavcodec/ac3.c
ffmpeg-0.6/libavcodec/faandct.h
ffmpeg-0.6/libavcodec/v210dec.c
ffmpeg-0.6/libavcodec/sp5x.h
ffmpeg-0.6/libavcodec/dca_parser.c
ffmpeg-0.6/libavcodec/eatgq.c
ffmpeg-0.6/libavcodec/faandct.c
ffmpeg-0.6/libavcodec/r210dec.c
ffmpeg-0.6/libavcodec/roqvideo.h
ffmpeg-0.6/libavcodec/dpx.c
ffmpeg-0.6/libavcodec/roqvideo.c
ffmpeg-0.6/libavcodec/ac3_parser.h
ffmpeg-0.6/libavcodec/lcldec.c
ffmpeg-0.6/libavcodec/ac3_parser.c
ffmpeg-0.6/libavcodec/v210enc.c
ffmpeg-0.6/libavcodec/atrac1.c
ffmpeg-0.6/libavcodec/pnm_parser.c
ffmpeg-0.6/libavcodec/truespeech_data.h
ffmpeg-0.6/libavcodec/wmv2.h
ffmpeg-0.6/libavcodec/lclenc.c
ffmpeg-0.6/libavcodec/rtjpeg.h
ffmpeg-0.6/libavcodec/dirac_parser.c
ffmpeg-0.6/libavcodec/eval.h
ffmpeg-0.6/libavcodec/wmv2.c
ffmpeg-0.6/libavcodec/rtjpeg.c
ffmpeg-0.6/libavcodec/allcodecs.c
ffmpeg-0.6/libavcodec/jpegls.h
ffmpeg-0.6/libavcodec/truemotion2.c
ffmpeg-0.6/libavcodec/eval.c
ffmpeg-0.6/libavcodec/eac3dec.c
ffmpeg-0.6/libavcodec/jpegls.c
ffmpeg-0.6/libavcodec/bmp.h
ffmpeg-0.6/libavcodec/s3tc.h
ffmpeg-0.6/libavcodec/mathops.h
ffmpeg-0.6/libavcodec/mpegaudio_tablegen.h
ffmpeg-0.6/libavcodec/bmp.c
ffmpeg-0.6/libavcodec/atrac3data.h
ffmpeg-0.6/libavcodec/cscd.c
ffmpeg-0.6/libavcodec/s3tc.c
ffmpeg-0.6/libavcodec/sp5xdec.c
ffmpeg-0.6/libavcodec/mpegaudio_tablegen.c
ffmpeg-0.6/libavcodec/rectangle.h
ffmpeg-0.6/libavcodec/g729dec.c
ffmpeg-0.6/libavcodec/flvdec.c
ffmpeg-0.6/libavcodec/svq1.h
ffmpeg-0.6/libavcodec/rl2.c
ffmpeg-0.6/libavcodec/iirfilter.h
ffmpeg-0.6/libavcodec/acelp_vectors.h
ffmpeg-0.6/libavcodec/libopenjpeg.c
ffmpeg-0.6/libavcodec/flashsvenc.c
ffmpeg-0.6/libavcodec/rv40.c
ffmpeg-0.6/libavcodec/svq1.c
ffmpeg-0.6/libavcodec/aacsbrdata.h
ffmpeg-0.6/libavcodec/iirfilter.c
ffmpeg-0.6/libavcodec/acelp_vectors.c
ffmpeg-0.6/libavcodec/tta.c
ffmpeg-0.6/libavcodec/mpeg4video_parser.h
ffmpeg-0.6/libavcodec/apedec.c
ffmpeg-0.6/libavcodec/mpeg4video_parser.c
ffmpeg-0.6/libavcodec/mpeg4videodec.c
ffmpeg-0.6/libavcodec/libopencore-amr.c
ffmpeg-0.6/libavcodec/rv10enc.c
ffmpeg-0.6/libavcodec/flvenc.c
ffmpeg-0.6/libavcodec/avr32/
ffmpeg-0.6/libavcodec/avr32/mathops.h
ffmpeg-0.6/libavcodec/rpza.c
ffmpeg-0.6/libavcodec/vc1dec.c
ffmpeg-0.6/libavcodec/get_bits.h
ffmpeg-0.6/libavcodec/aac_parser.h
ffmpeg-0.6/libavcodec/binkaudio.c
ffmpeg-0.6/libavcodec/wmaprodata.h
ffmpeg-0.6/libavcodec/mpeg4audio.h
ffmpeg-0.6/libavcodec/aac_parser.c
ffmpeg-0.6/libavcodec/motionpixels_tablegen.h
ffmpeg-0.6/libavcodec/mpeg12.h
ffmpeg-0.6/libavcodec/h263dec.c
ffmpeg-0.6/libavcodec/cabac.h
ffmpeg-0.6/libavcodec/mpeg4audio.c
ffmpeg-0.6/libavcodec/motionpixels_tablegen.c
ffmpeg-0.6/libavcodec/mpeg12.c
ffmpeg-0.6/libavcodec/cabac.c
ffmpeg-0.6/libavcodec/mpeg4videoenc.c
ffmpeg-0.6/libavcodec/truemotion1.c
ffmpeg-0.6/libavcodec/dxva2_internal.h
ffmpeg-0.6/libavcodec/mpegvideo.h
ffmpeg-0.6/libavcodec/indeo5data.h
ffmpeg-0.6/libavcodec/shorten.c
ffmpeg-0.6/libavcodec/lzw.h
ffmpeg-0.6/libavcodec/mpegvideo.c
ffmpeg-0.6/libavcodec/mpcdata.h
ffmpeg-0.6/libavcodec/libgsm.c
ffmpeg-0.6/libavcodec/qdrw.c
ffmpeg-0.6/libavcodec/qtrleenc.c
ffmpeg-0.6/libavcodec/lzw.c
ffmpeg-0.6/libavcodec/mp3_header_compress_bsf.c
ffmpeg-0.6/libavcodec/avfft.h
ffmpeg-0.6/libavcodec/ptx.c
ffmpeg-0.6/libavcodec/vp3.c
ffmpeg-0.6/libavcodec/rv34vlc.h
ffmpeg-0.6/libavcodec/avfft.c
ffmpeg-0.6/libavcodec/jpeglsdec.h
ffmpeg-0.6/libavcodec/ivi_common.h
ffmpeg-0.6/libavcodec/jpeglsdec.c
ffmpeg-0.6/libavcodec/sunrast.c
ffmpeg-0.6/libavcodec/ivi_common.c
ffmpeg-0.6/libavcodec/aac.h
ffmpeg-0.6/libavcodec/avs.c
ffmpeg-0.6/libavcodec/vc1data.h
ffmpeg-0.6/libavcodec/g729data.h
ffmpeg-0.6/libavcodec/dxva2_h264.c
ffmpeg-0.6/libavcodec/truemotion1data.h
ffmpeg-0.6/libavcodec/vdpau.h
ffmpeg-0.6/libavcodec/aac.c
ffmpeg-0.6/libavcodec/bytestream.h
ffmpeg-0.6/libavcodec/vc1data.c
ffmpeg-0.6/libavcodec/mpegaudiodectab.h
ffmpeg-0.6/libavcodec/vdpau.c
ffmpeg-0.6/libavcodec/zmbv.c
ffmpeg-0.6/libavcodec/jpeglsenc.c
ffmpeg-0.6/libavcodec/dvbsub_parser.c
ffmpeg-0.6/libavcodec/bfi.c
ffmpeg-0.6/libavcodec/bfin/
ffmpeg-0.6/libavcodec/bfin/mpegvideo_bfin.c
ffmpeg-0.6/libavcodec/bfin/Makefile
ffmpeg-0.6/libavcodec/bfin/vp3_idct_bfin.S
ffmpeg-0.6/libavcodec/bfin/config_bfin.h
ffmpeg-0.6/libavcodec/bfin/dsputil_bfin.h
ffmpeg-0.6/libavcodec/bfin/vp3_bfin.c
ffmpeg-0.6/libavcodec/bfin/pixels_bfin.S
ffmpeg-0.6/libavcodec/bfin/dsputil_bfin.c
ffmpeg-0.6/libavcodec/bfin/idct_bfin.S
ffmpeg-0.6/libavcodec/bfin/mathops.h
ffmpeg-0.6/libavcodec/bfin/fdct_bfin.S
ffmpeg-0.6/libavcodec/mpegvideo_parser.c
ffmpeg-0.6/libavcodec/rv30.c
ffmpeg-0.6/libavcodec/mjpegdec.h
ffmpeg-0.6/libavcodec/h264data.h
ffmpeg-0.6/libavcodec/rl.h
ffmpeg-0.6/libavcodec/mjpegbdec.c
ffmpeg-0.6/libavcodec/vp3dsp.c
ffmpeg-0.6/libavcodec/mjpegdec.c
ffmpeg-0.6/libavcodec/libavcodec.v
ffmpeg-0.6/libavcodec/ulti.c
ffmpeg-0.6/libavcodec/vmdav.c
ffmpeg-0.6/libavcodec/mpeg4data.h
ffmpeg-0.6/libavcodec/qdm2_tablegen.h
ffmpeg-0.6/libavcodec/aasc.c
ffmpeg-0.6/libavcodec/qdm2_tablegen.c
ffmpeg-0.6/libavcodec/qcelpdata.h
ffmpeg-0.6/libavcodec/sgidec.c
ffmpeg-0.6/libavcodec/mjpegenc.h
ffmpeg-0.6/libavcodec/vorbis_data.c
ffmpeg-0.6/libavcodec/mjpegenc.c
ffmpeg-0.6/libavcodec/twinvq.c
ffmpeg-0.6/libavcodec/libspeexdec.c
ffmpeg-0.6/libavcodec/mpc.h
ffmpeg-0.6/libavcodec/aac_adtstoasc_bsf.c
ffmpeg-0.6/libavcodec/msrle.c
ffmpeg-0.6/libavcodec/flacdec.c
ffmpeg-0.6/libavcodec/mpc.c
ffmpeg-0.6/libavcodec/cinepak.c
ffmpeg-0.6/libavcodec/sgienc.c
ffmpeg-0.6/libavcodec/audioconvert.h
ffmpeg-0.6/libavcodec/lsp.h
ffmpeg-0.6/libavcodec/h263_parser.h
ffmpeg-0.6/libavcodec/vaapi_h264.c
ffmpeg-0.6/libavcodec/ivi_dsp.h
ffmpeg-0.6/libavcodec/audioconvert.c
ffmpeg-0.6/libavcodec/colorspace.h
ffmpeg-0.6/libavcodec/lsp.c
ffmpeg-0.6/libavcodec/h263_parser.c
ffmpeg-0.6/libavcodec/ivi_dsp.c
ffmpeg-0.6/libavcodec/tiff.h
ffmpeg-0.6/libavcodec/mpegvideo_common.h
ffmpeg-0.6/libavcodec/dump_extradata_bsf.c
ffmpeg-0.6/libavcodec/flacenc.c
ffmpeg-0.6/libavcodec/tiff.c
ffmpeg-0.6/libavcodec/internal.h
ffmpeg-0.6/libavcodec/aacenc.h
ffmpeg-0.6/libavcodec/aacenc.c
ffmpeg-0.6/libavcodec/mdec.c
ffmpeg-0.6/libavcodec/mpegaudiotab.h
ffmpeg-0.6/libavcodec/api-example.c
ffmpeg-0.6/libavcodec/jrevdct.c
ffmpeg-0.6/libavcodec/fft-test.c
ffmpeg-0.6/libavcodec/flv.h
ffmpeg-0.6/libavcodec/eacmv.c
ffmpeg-0.6/libavcodec/pcm_tablegen.h
ffmpeg-0.6/libavcodec/tiertexseqv.c
ffmpeg-0.6/libavcodec/msmpeg4.h
ffmpeg-0.6/libavcodec/pcxenc.c
ffmpeg-0.6/libavcodec/pcm_tablegen.c
ffmpeg-0.6/libavcodec/libdirac.h
ffmpeg-0.6/libavcodec/msmpeg4.c
ffmpeg-0.6/libavcodec/anm.c
ffmpeg-0.6/libavcodec/libschroedinger.h
ffmpeg-0.6/libavcodec/eamad.c
ffmpeg-0.6/libavcodec/libschroedinger.c
ffmpeg-0.6/libavcodec/rdft.c
ffmpeg-0.6/libavcodec/interplayvideo.c
ffmpeg-0.6/libavcodec/options.c
ffmpeg-0.6/libavcodec/qtrle.c
ffmpeg-0.6/libavcodec/celp_filters.h
ffmpeg-0.6/libavcodec/mjpeg_parser.c
ffmpeg-0.6/libavcodec/celp_filters.c
ffmpeg-0.6/libavcodec/flicvideo.c
ffmpeg-0.6/libavcodec/w32thread.c
ffmpeg-0.6/libavcodec/mlpdsp.c
ffmpeg-0.6/libavcodec/amrnbdata.h
ffmpeg-0.6/libavcodec/lpc.h
ffmpeg-0.6/libavcodec/h264dspenc.c
ffmpeg-0.6/libavcodec/motion_est.c
ffmpeg-0.6/libavcodec/lpc.c
ffmpeg-0.6/libavcodec/vp6data.h
ffmpeg-0.6/libavcodec/mpegaudiodata.h
ffmpeg-0.6/libavcodec/jfdctfst.c
ffmpeg-0.6/libavcodec/vc1_parser.c
ffmpeg-0.6/libavcodec/rawdec.c
ffmpeg-0.6/libavcodec/mpegaudiodata.c
ffmpeg-0.6/libavcodec/dcadsp.h
ffmpeg-0.6/libavcodec/rv40dsp.c
ffmpeg-0.6/libavcodec/dcadsp.c
ffmpeg-0.6/libavcodec/g729.h
ffmpeg-0.6/libavcodec/motionpixels.c
ffmpeg-0.6/libavcodec/wma.h
ffmpeg-0.6/libavcodec/adxdec.c
ffmpeg-0.6/libavcodec/rv10.c
ffmpeg-0.6/libavcodec/escape124.c
ffmpeg-0.6/libavcodec/mdct.c
ffmpeg-0.6/libavcodec/wma.c
ffmpeg-0.6/libavcodec/h263data.h
ffmpeg-0.6/libavcodec/rawenc.c
ffmpeg-0.6/libavcodec/svq1_vlc.h
ffmpeg-0.6/libavcodec/h264pred.h
ffmpeg-0.6/libavcodec/pamenc.c
ffmpeg-0.6/libavcodec/qdm2data.h
ffmpeg-0.6/libavcodec/intrax8.h
ffmpeg-0.6/libavcodec/adxenc.c
ffmpeg-0.6/libavcodec/pnm.h
ffmpeg-0.6/libavcodec/h264pred.c
ffmpeg-0.6/libavcodec/intrax8.c
ffmpeg-0.6/libavcodec/libvorbis.c
ffmpeg-0.6/libavcodec/pnm.c
ffmpeg-0.6/libavcodec/cookdata.h
ffmpeg-0.6/libavcodec/cljr.c
ffmpeg-0.6/libavcodec/ac3dec.h
ffmpeg-0.6/libavcodec/sparc/
ffmpeg-0.6/libavcodec/sparc/simple_idct_vis.c
ffmpeg-0.6/libavcodec/sparc/Makefile
ffmpeg-0.6/libavcodec/sparc/dsputil_vis.h
ffmpeg-0.6/libavcodec/sparc/vis.h
ffmpeg-0.6/libavcodec/sparc/dsputil_vis.c
ffmpeg-0.6/libavcodec/libdiracdec.c
ffmpeg-0.6/libavcodec/libfaad.c
ffmpeg-0.6/libavcodec/binkdata.h
ffmpeg-0.6/libavcodec/ac3dec.c
ffmpeg-0.6/libavcodec/v210x.c
ffmpeg-0.6/libavcodec/libvpxdec.c
ffmpeg-0.6/libavcodec/dv_tablegen.h
ffmpeg-0.6/libavcodec/dv_tablegen.c
ffmpeg-0.6/libavcodec/mpeg4video.h
ffmpeg-0.6/libavcodec/nuv.c
ffmpeg-0.6/libavcodec/mjpeg.h
ffmpeg-0.6/libavcodec/tmv.c
ffmpeg-0.6/libavcodec/intrax8huf.h
ffmpeg-0.6/libavcodec/nellymoserdec.c
ffmpeg-0.6/libavcodec/alpha/
ffmpeg-0.6/libavcodec/alpha/Makefile
ffmpeg-0.6/libavcodec/alpha/motion_est_mvi_asm.S
ffmpeg-0.6/libavcodec/alpha/dsputil_alpha_asm.S
ffmpeg-0.6/libavcodec/alpha/dsputil_alpha.c
ffmpeg-0.6/libavcodec/alpha/motion_est_alpha.c
ffmpeg-0.6/libavcodec/alpha/asm.h
ffmpeg-0.6/libavcodec/alpha/mpegvideo_alpha.c
ffmpeg-0.6/libavcodec/alpha/simple_idct_alpha.c
ffmpeg-0.6/libavcodec/alpha/regdef.h
ffmpeg-0.6/libavcodec/alpha/dsputil_alpha.h
ffmpeg-0.6/libavcodec/dvdsub_parser.c
ffmpeg-0.6/libavcodec/mpeg4video.c
ffmpeg-0.6/libavcodec/mjpeg.c
ffmpeg-0.6/libavcodec/dvbsubdec.c
ffmpeg-0.6/libavcodec/libdiracenc.c
ffmpeg-0.6/libavutil/
ffmpeg-0.6/libavutil/integer.c
ffmpeg-0.6/libavutil/bfin/
ffmpeg-0.6/libavutil/bfin/timer.h
ffmpeg-0.6/libavutil/bfin/bswap.h
ffmpeg-0.6/libavutil/common.h
ffmpeg-0.6/libavutil/rc4.h
ffmpeg-0.6/libavutil/adler32.c
ffmpeg-0.6/libavutil/base64.h
ffmpeg-0.6/libavutil/libm.h
ffmpeg-0.6/libavutil/rc4.c
ffmpeg-0.6/libavutil/log.h
ffmpeg-0.6/libavutil/timer.h
ffmpeg-0.6/libavutil/base64.c
ffmpeg-0.6/libavutil/log.c
ffmpeg-0.6/libavutil/rational.h
ffmpeg-0.6/libavutil/rational.c
ffmpeg-0.6/libavutil/pca.h
ffmpeg-0.6/libavutil/intreadwrite.h
ffmpeg-0.6/libavutil/x86/
ffmpeg-0.6/libavutil/x86/intmath.h
ffmpeg-0.6/libavutil/x86/intreadwrite.h
ffmpeg-0.6/libavutil/x86/timer.h
ffmpeg-0.6/libavutil/x86/bswap.h
ffmpeg-0.6/libavutil/pca.c
ffmpeg-0.6/libavutil/lls.h
ffmpeg-0.6/libavutil/lls.c
ffmpeg-0.6/libavutil/mips/
ffmpeg-0.6/libavutil/mips/intreadwrite.h
ffmpeg-0.6/libavutil/sha.h
ffmpeg-0.6/libavutil/sh4/
ffmpeg-0.6/libavutil/sh4/bswap.h
ffmpeg-0.6/libavutil/avr32/
ffmpeg-0.6/libavutil/avr32/intreadwrite.h
ffmpeg-0.6/libavutil/avr32/bswap.h
ffmpeg-0.6/libavutil/sha.c
ffmpeg-0.6/libavutil/avutil.h
ffmpeg-0.6/libavutil/mathematics.h
ffmpeg-0.6/libavutil/avstring.h
ffmpeg-0.6/libavutil/ppc/
ffmpeg-0.6/libavutil/ppc/intreadwrite.h
ffmpeg-0.6/libavutil/ppc/timer.h
ffmpeg-0.6/libavutil/sha1.h
ffmpeg-0.6/libavutil/mathematics.c
ffmpeg-0.6/libavutil/arm/
ffmpeg-0.6/libavutil/arm/intmath.h
ffmpeg-0.6/libavutil/arm/intreadwrite.h
ffmpeg-0.6/libavutil/arm/timer.h
ffmpeg-0.6/libavutil/arm/bswap.h
ffmpeg-0.6/libavutil/avstring.c
ffmpeg-0.6/libavutil/fifo.h
ffmpeg-0.6/libavutil/mem.h
ffmpeg-0.6/libavutil/fifo.c
ffmpeg-0.6/libavutil/bswap.h
ffmpeg-0.6/libavutil/internal.h
ffmpeg-0.6/libavutil/des.h
ffmpeg-0.6/libavutil/mem.c
ffmpeg-0.6/libavutil/libavutil.v
ffmpeg-0.6/libavutil/aes.h
ffmpeg-0.6/libavutil/des.c
ffmpeg-0.6/libavutil/intmath.h
ffmpeg-0.6/libavutil/lzo.h
ffmpeg-0.6/libavutil/aes.c
ffmpeg-0.6/libavutil/softfloat.h
ffmpeg-0.6/libavutil/tree.h
ffmpeg-0.6/libavutil/lzo.c
ffmpeg-0.6/libavutil/softfloat.c
ffmpeg-0.6/libavutil/tree.c
ffmpeg-0.6/libavutil/error.h
ffmpeg-0.6/libavutil/Makefile
ffmpeg-0.6/libavutil/intfloat_readwrite.h
ffmpeg-0.6/libavutil/attributes.h
ffmpeg-0.6/libavutil/md5.h
ffmpeg-0.6/libavutil/error.c
ffmpeg-0.6/libavutil/tomi/
ffmpeg-0.6/libavutil/tomi/intreadwrite.h
ffmpeg-0.6/libavutil/intfloat_readwrite.c
ffmpeg-0.6/libavutil/random_seed.h
ffmpeg-0.6/libavutil/md5.c
ffmpeg-0.6/libavutil/random_seed.c
ffmpeg-0.6/libavutil/lfg.h
ffmpeg-0.6/libavutil/pixfmt.h
ffmpeg-0.6/libavutil/crc.h
ffmpeg-0.6/libavutil/lfg.c
ffmpeg-0.6/libavutil/crc.c
ffmpeg-0.6/libavutil/crc_data.h
ffmpeg-0.6/libavutil/pixdesc.h
ffmpeg-0.6/libavutil/integer.h
ffmpeg-0.6/libavutil/adler32.h
ffmpeg-0.6/libavutil/x86_cpu.h
ffmpeg-0.6/libavutil/utils.c
ffmpeg-0.6/libavutil/pixdesc.c
ffmpeg-0.6/Changelog
ffmpeg-0.6/VERSION
ffmpeg-0.6/ffmpeg.c
ffmpeg-0.6/Doxyfile
ffmpeg-0.6/configure
Reading package lists...
Building dependency tree...
Reading state information...
libxfixes-dev is already the newest version.
libxfixes-dev set to manually installed.
The following package was automatically installed and is no longer required:
  libgeos-3.2.2
Use 'apt-get autoremove' to remove them.
0 upgraded, 0 newly installed, 0 to remove and 120 not upgraded.
Reading package lists...
Building dependency tree...
Reading state information...
libxext-dev is already the newest version.
libxext-dev set to manually installed.
The following package was automatically installed and is no longer required:
  libgeos-3.2.2
Use 'apt-get autoremove' to remove them.
0 upgraded, 0 newly installed, 0 to remove and 120 not upgraded.
install prefix            /usr/local
source path               /home/travis/build/brownman/travis_screencast/ffmpeg-0.6
C compiler                gcc
.align is power-of-two    no
ARCH                      x86 (generic)
big-endian                no
runtime cpu detection     no
yasm                      no
MMX enabled               yes
MMX2 enabled              yes
3DNow! enabled            yes
3DNow! extended enabled   yes
SSE enabled               yes
SSSE3 enabled             yes
CMOV enabled              yes
CMOV is fast              yes
EBX available             yes
EBP available             yes
10 operands supported     yes
gprof enabled             no
debug symbols             yes
strip symbols             yes
optimizations             yes
static                    yes
shared                    no
postprocessing support    no
new filter support        no
filters using lavformat   no
network support           yes
threading support         no
SDL support               no
Sun medialib support      no
AVISynth enabled          no
libdc1394 support         no
libdirac enabled          no
libfaac enabled           no
libfaad enabled           no
libfaad dlopened          no
libgsm enabled            no
libmp3lame enabled        no
libnut enabled            no
libopencore-amrnb support no
libopencore-amrwb support no
libopenjpeg enabled       no
librtmp enabled           no
libschroedinger enabled   no
libspeex enabled          no
libtheora enabled         no
libvorbis enabled         no
libvpx enabled            no
libx264 enabled           no
libxvid enabled           no
zlib enabled              yes
bzlib enabled             yes

Enabled decoders:
aac			dxa			nuv
aasc			eac3			pam
ac3			eacmv			pbm
adpcm_4xm		eamad			pcm_alaw
adpcm_adx		eatgq			pcm_bluray
adpcm_ct		eatgv			pcm_dvd
adpcm_ea		eatqi			pcm_f32be
adpcm_ea_maxis_xa	eightbps		pcm_f32le
adpcm_ea_r1		eightsvx_exp		pcm_f64be
adpcm_ea_r2		eightsvx_fib		pcm_f64le
adpcm_ea_r3		escape124		pcm_mulaw
adpcm_ea_xas		ffv1			pcm_s16be
adpcm_g726		ffvhuff			pcm_s16le
adpcm_ima_amv		flac			pcm_s16le_planar
adpcm_ima_dk3		flashsv			pcm_s24be
adpcm_ima_dk4		flic			pcm_s24daud
adpcm_ima_ea_eacs	flv			pcm_s24le
adpcm_ima_ea_sead	fourxm			pcm_s32be
adpcm_ima_iss		fraps			pcm_s32le
adpcm_ima_qt		frwu			pcm_s8
adpcm_ima_smjpeg	gif			pcm_u16be
adpcm_ima_wav		h261			pcm_u16le
adpcm_ima_ws		h263			pcm_u24be
adpcm_ms		h263i			pcm_u24le
adpcm_sbpro_2		h264			pcm_u32be
adpcm_sbpro_3		huffyuv			pcm_u32le
adpcm_sbpro_4		idcin			pcm_u8
adpcm_swf		iff_byterun1		pcm_zork
adpcm_thp		iff_ilbm		pcx
adpcm_xa		imc			pgm
adpcm_yamaha		indeo2			pgmyuv
alac			indeo3			pgssub
als			indeo5			png
amrnb			interplay_dpcm		ppm
amv			interplay_video		ptx
anm			jpegls			qcelp
ape			kgv1			qdm2
asv1			kmvc			qdraw
asv2			loco			qpeg
atrac1			mace3			qtrle
atrac3			mace6			r210
aura			mdec			ra_144
aura2			mimic			ra_288
avs			mjpeg			rawvideo
bethsoftvid		mjpegb			rl2
bfi			mlp			roq
bink			mmvideo			roq_dpcm
binkaudio_dct		motionpixels		rpza
binkaudio_rdft		mp1			rv10
bmp			mp2			rv20
c93			mp3			rv30
cavs			mp3adu			rv40
cdgraphics		mp3on4			sgi
cinepak			mpc7			shorten
cljr			mpc8			sipr
cook			mpeg1video		smackaud
cscd			mpeg2video		smacker
cyuv			mpeg4			smc
dca			mpegvideo		snow
dnxhd			msmpeg4v1		sol_dpcm
dpx			msmpeg4v2		sonic
dsicinaudio		msmpeg4v3		sp5x
dsicinvideo		msrle			sunrast
dvbsub			msvideo1		svq1
dvdsub			mszh			svq3
dvvideo			nellymoser		targa
theora			vb			wmav1
thp			vc1			wmav2
tiertexseqvideo		vcr1			wmavoice
tiff			vmdaudio		wmv1
tmv			vmdvideo		wmv2
truehd			vmnc			wmv3
truemotion1		vorbis			wnv1
truemotion2		vp3			ws_snd1
truespeech		vp5			xan_dpcm
tscc			vp6			xan_wc3
tta			vp6a			xl
twinvq			vp6f			xsub
txd			vqa			yop
ulti			wavpack			zlib
v210			wmapro			zmbv
v210x

Enabled encoders:
aac			mp2			pcm_u32le
ac3			mpeg1video		pcm_u8
adpcm_adx		mpeg2video		pcm_zork
adpcm_g726		mpeg4			pcx
adpcm_ima_qt		msmpeg4v1		pgm
adpcm_ima_wav		msmpeg4v2		pgmyuv
adpcm_ms		msmpeg4v3		png
adpcm_swf		nellymoser		ppm
adpcm_yamaha		pam			qtrle
alac			pbm			rawvideo
asv1			pcm_alaw		roq
asv2			pcm_f32be		roq_dpcm
bmp			pcm_f32le		rv10
dnxhd			pcm_f64be		rv20
dvbsub			pcm_f64le		sgi
dvdsub			pcm_mulaw		snow
dvvideo			pcm_s16be		sonic
ffv1			pcm_s16le		sonic_ls
ffvhuff			pcm_s24be		svq1
flac			pcm_s24daud		targa
flashsv			pcm_s24le		tiff
flv			pcm_s32be		v210
gif			pcm_s32le		wmav1
h261			pcm_s8			wmav2
h263			pcm_u16be		wmv1
h263p			pcm_u16le		wmv2
huffyuv			pcm_u24be		xsub
jpegls			pcm_u24le		zlib
ljpeg			pcm_u32be		zmbv
mjpeg

Enabled hwaccels:

Enabled parsers:
aac			dvdsub			mpeg4video
ac3			h261			mpegaudio
cavsvideo		h263			mpegvideo
dca			h264			pnm
dirac			mjpeg			vc1
dnxhd			mlp			vp3
dvbsub

Enabled demuxers:
aac			image2pipe		pcm_u16le
ac3			ingenient		pcm_u24be
aea			ipmovie			pcm_u24le
aiff			iss			pcm_u32be
amr			iv8			pcm_u32le
anm			lmlm4			pcm_u8
apc			m4v			pva
ape			matroska		qcp
asf			mjpeg			r3d
ass			mlp			rawvideo
au			mm			rl2
avi			mmf			rm
avs			mov			roq
bethsoftvid		mp3			rpl
bfi			mpc			rtsp
bink			mpc8			sdp
c93			mpegps			segafilm
caf			mpegts			shorten
cavsvideo		mpegtsraw		siff
cdg			mpegvideo		smacker
daud			msnwc_tcp		sol
dirac			mtv			sox
dnxhd			mvi			str
dsicin			mxf			swf
dts			nc			thp
dv			nsv			tiertexseq
dxa			nut			tmv
ea			nuv			truehd
ea_cdata		ogg			tta
eac3			oma			txd
ffm			pcm_alaw		vc1
filmstrip		pcm_f32be		vc1t
flac			pcm_f32le		vmd
flic			pcm_f64be		voc
flv			pcm_f64le		vqf
fourxm			pcm_mulaw		w64
gsm			pcm_s16be		wav
gxf			pcm_s16le		wc3
h261			pcm_s24be		wsaud
h263			pcm_s24le		wsvqa
h264			pcm_s32be		wv
idcin			pcm_s32le		xa
iff			pcm_s8			yop
image2			pcm_u16be		yuv4mpegpipe

Enabled muxers:
ac3			matroska		pcm_s16le
adts			matroska_audio		pcm_s24be
aiff			mjpeg			pcm_s24le
amr			mlp			pcm_s32be
asf			mmf			pcm_s32le
asf_stream		mov			pcm_s8
ass			mp2			pcm_u16be
au			mp3			pcm_u16le
avi			mp4			pcm_u24be
avm2			mpeg1system		pcm_u24le
crc			mpeg1vcd		pcm_u32be
daud			mpeg1video		pcm_u32le
dirac			mpeg2dvd		pcm_u8
dnxhd			mpeg2svcd		psp
dts			mpeg2video		rawvideo
dv			mpeg2vob		rm
eac3			mpegts			roq
ffm			mpjpeg			rtp
filmstrip		mxf			rtsp
flac			mxf_d10			sox
flv			null			spdif
framecrc		nut			swf
gif			ogg			tg2
gxf			pcm_alaw		tgp
h261			pcm_f32be		truehd
h263			pcm_f32le		vc1t
h264			pcm_f64be		voc
image2			pcm_f64le		wav
image2pipe		pcm_mulaw		webm
ipod			pcm_s16be		yuv4mpegpipe
m4v

Enabled protocols:
concat			rtmp			rtmpte
file			rtmpe			rtp
gopher			rtmps			tcp
http			rtmpt			udp
pipe

Enabled filters:
aspect			null			scale
crop			nullsink		slicify
format			nullsrc			unsharp
noformat		pixelaspect		vflip

Enabled bsfs:
aac_adtstoasc		mjpega_dump_header	noise
dump_extradata		mov2textsub		remove_extradata
h264_mp4toannexb	mp3_header_compress	text2movsub
imx_dump_header		mp3_header_decompress

Enabled indevs:
dv1394			v4l2			x11_grab_device
oss

Enabled outdevs:
oss

License: nonfree and unredistributable
Creating config.mak and config.h...
CC	libavdevice/alldevices.o
CC	libavdevice/avdevice.o
CC	libavdevice/dv1394.o
CC	libavdevice/oss_audio.o
CC	libavdevice/v4l2.o
CC	libavdevice/x11grab.o
AR	libavdevice/libavdevice.a
CC	libavformat/4xm.o
CC	libavformat/adtsenc.o
CC	libavformat/aea.o
CC	libavformat/aiffdec.o
CC	libavformat/aiffenc.o
CC	libavformat/allformats.o
CC	libavformat/amr.o
CC	libavformat/anm.o
CC	libavformat/apc.o
CC	libavformat/ape.o
CC	libavformat/apetag.o
CC	libavformat/asf.o
CC	libavformat/asfcrypt.o
CC	libavformat/asfdec.o
CC	libavformat/asfenc.o
CC	libavformat/assdec.o
CC	libavformat/assenc.o
CC	libavformat/au.o
CC	libavformat/audiointerleave.o
CC	libavformat/avc.o
CC	libavformat/avi.o
CC	libavformat/avidec.o
CC	libavformat/avienc.o
CC	libavformat/avio.o
CC	libavformat/aviobuf.o
CC	libavformat/avlanguage.o
CC	libavformat/avs.o
CC	libavformat/bethsoftvid.o
CC	libavformat/bfi.o
CC	libavformat/bink.o
CC	libavformat/c93.o
CC	libavformat/caf.o
CC	libavformat/cafdec.o
CC	libavformat/cdg.o
CC	libavformat/concat.o
CC	libavformat/crcenc.o
CC	libavformat/cutils.o
CC	libavformat/daud.o
CC	libavformat/dsicin.o
CC	libavformat/dv.o
CC	libavformat/dvenc.o
CC	libavformat/dxa.o
CC	libavformat/eacdata.o
CC	libavformat/electronicarts.o
CC	libavformat/ffmdec.o
CC	libavformat/ffmenc.o
CC	libavformat/file.o
CC	libavformat/filmstripdec.o
CC	libavformat/filmstripenc.o
CC	libavformat/flacdec.o
CC	libavformat/flacenc.o
CC	libavformat/flacenc_header.o
CC	libavformat/flic.o
CC	libavformat/flvdec.o
CC	libavformat/flvenc.o
CC	libavformat/framecrcenc.o
CC	libavformat/gif.o
CC	libavformat/gopher.o
CC	libavformat/gxf.o
CC	libavformat/gxfenc.o
CC	libavformat/http.o
CC	libavformat/httpauth.o
CC	libavformat/id3v1.o
CC	libavformat/id3v2.o
CC	libavformat/idcin.o
CC	libavformat/idroq.o
CC	libavformat/iff.o
CC	libavformat/img2.o
CC	libavformat/ipmovie.o
CC	libavformat/isom.o
CC	libavformat/iss.o
CC	libavformat/iv8.o
CC	libavformat/lmlm4.o
CC	libavformat/matroska.o
CC	libavformat/matroskadec.o
CC	libavformat/matroskaenc.o
CC	libavformat/metadata.o
CC	libavformat/metadata_compat.o
CC	libavformat/mm.o
CC	libavformat/mmf.o
CC	libavformat/mov.o
CC	libavformat/movenc.o
CC	libavformat/movenchint.o
CC	libavformat/mp3.o
CC	libavformat/mpc.o
CC	libavformat/mpc8.o
CC	libavformat/mpeg.o
CC	libavformat/mpegenc.o
CC	libavformat/mpegts.o
CC	libavformat/mpegtsenc.o
CC	libavformat/mpjpeg.o
CC	libavformat/msnwc_tcp.o
CC	libavformat/mtv.o
CC	libavformat/mvi.o
CC	libavformat/mxf.o
CC	libavformat/mxfdec.o
CC	libavformat/mxfenc.o
CC	libavformat/ncdec.o
CC	libavformat/nsvdec.o
CC	libavformat/nut.o
CC	libavformat/nutdec.o
CC	libavformat/nutenc.o
CC	libavformat/nuv.o
CC	libavformat/oggdec.o
CC	libavformat/oggenc.o
CC	libavformat/oggparsedirac.o
CC	libavformat/oggparseflac.o
CC	libavformat/oggparseogm.o
CC	libavformat/oggparseskeleton.o
CC	libavformat/oggparsespeex.o
CC	libavformat/oggparsetheora.o
CC	libavformat/oggparsevorbis.o
CC	libavformat/oma.o
CC	libavformat/options.o
CC	libavformat/os_support.o
CC	libavformat/psxstr.o
CC	libavformat/pva.o
CC	libavformat/qcp.o
CC	libavformat/r3d.o
CC	libavformat/raw.o
CC	libavformat/rdt.o
CC	libavformat/riff.o
CC	libavformat/rl2.o
CC	libavformat/rm.o
CC	libavformat/rmdec.o
CC	libavformat/rmenc.o
CC	libavformat/rpl.o
CC	libavformat/rtmppkt.o
CC	libavformat/rtmpproto.o
CC	libavformat/rtp.o
CC	libavformat/rtpdec.o
CC	libavformat/rtpdec_amr.o
CC	libavformat/rtpdec_asf.o
CC	libavformat/rtpdec_h263.o
CC	libavformat/rtpdec_h264.o
CC	libavformat/rtpdec_xiph.o
CC	libavformat/rtpenc.o
CC	libavformat/rtpenc_aac.o
CC	libavformat/rtpenc_amr.o
CC	libavformat/rtpenc_h263.o
CC	libavformat/rtpenc_h264.o
CC	libavformat/rtpenc_mpv.o
CC	libavformat/rtpproto.o
CC	libavformat/rtsp.o
CC	libavformat/rtspenc.o
CC	libavformat/sdp.o
CC	libavformat/seek.o
CC	libavformat/segafilm.o
CC	libavformat/sierravmd.o
CC	libavformat/siff.o
CC	libavformat/smacker.o
CC	libavformat/sol.o
CC	libavformat/soxdec.o
CC	libavformat/soxenc.o
CC	libavformat/spdif.o
CC	libavformat/swfdec.o
CC	libavformat/swfenc.o
CC	libavformat/tcp.o
CC	libavformat/thp.o
CC	libavformat/tiertexseq.o
CC	libavformat/tmv.o
CC	libavformat/tta.o
CC	libavformat/txd.o
CC	libavformat/udp.o
CC	libavformat/utils.o
CC	libavformat/vc1test.o
CC	libavformat/vc1testenc.o
CC	libavformat/voc.o
CC	libavformat/vocdec.o
CC	libavformat/vocenc.o
CC	libavformat/vorbiscomment.o
CC	libavformat/vqf.o
CC	libavformat/wav.o
CC	libavformat/wc3movie.o
CC	libavformat/westwood.o
CC	libavformat/wv.o
CC	libavformat/xa.o
CC	libavformat/yop.o
CC	libavformat/yuv4mpeg.o
AR	libavformat/libavformat.a
CC	libavcodec/4xm.o
CC	libavcodec/8bps.o
CC	libavcodec/8svx.o
CC	libavcodec/aac.o
CC	libavcodec/aac_ac3_parser.o
CC	libavcodec/aac_adtstoasc_bsf.o
CC	libavcodec/aac_parser.o
CC	libavcodec/aaccoder.o
CC	libavcodec/aacenc.o
CC	libavcodec/aacpsy.o
CC	libavcodec/aacsbr.o
CC	libavcodec/aactab.o
CC	libavcodec/aandcttab.o
CC	libavcodec/aasc.o
CC	libavcodec/ac3.o
CC	libavcodec/ac3_parser.o
CC	libavcodec/ac3dec.o
CC	libavcodec/ac3dec_data.o
CC	libavcodec/ac3enc.o
CC	libavcodec/ac3tab.o
CC	libavcodec/acelp_filters.o
CC	libavcodec/acelp_pitch_delay.o
CC	libavcodec/acelp_vectors.o
CC	libavcodec/adpcm.o
CC	libavcodec/adxdec.o
CC	libavcodec/adxenc.o
CC	libavcodec/alac.o
CC	libavcodec/alacenc.o
CC	libavcodec/allcodecs.o
CC	libavcodec/alsdec.o
CC	libavcodec/amrnbdec.o
CC	libavcodec/anm.o
CC	libavcodec/apedec.o
CC	libavcodec/asv1.o
CC	libavcodec/atrac.o
CC	libavcodec/atrac1.o
CC	libavcodec/atrac3.o
CC	libavcodec/audioconvert.o
CC	libavcodec/aura.o
CC	libavcodec/avfft.o
CC	libavcodec/avpacket.o
CC	libavcodec/avs.o
CC	libavcodec/bethsoftvideo.o
CC	libavcodec/bfi.o
CC	libavcodec/bgmc.o
CC	libavcodec/bink.o
CC	libavcodec/binkaudio.o
CC	libavcodec/binkidct.o
CC	libavcodec/bitstream.o
CC	libavcodec/bitstream_filter.o
CC	libavcodec/bmp.o
CC	libavcodec/bmpenc.o
CC	libavcodec/c93.o
CC	libavcodec/cabac.o
CC	libavcodec/cavs.o
CC	libavcodec/cavs_parser.o
CC	libavcodec/cavsdec.o
CC	libavcodec/cavsdsp.o
CC	libavcodec/cdgraphics.o
CC	libavcodec/celp_filters.o
CC	libavcodec/celp_math.o
CC	libavcodec/cga_data.o
CC	libavcodec/cinepak.o
CC	libavcodec/cljr.o
CC	libavcodec/cook.o
CC	libavcodec/cscd.o
CC	libavcodec/cyuv.o
CC	libavcodec/dca.o
CC	libavcodec/dca_parser.o
CC	libavcodec/dcadsp.o
CC	libavcodec/dct.o
CC	libavcodec/dirac.o
CC	libavcodec/dirac_parser.o
CC	libavcodec/dnxhd_parser.o
CC	libavcodec/dnxhddata.o
CC	libavcodec/dnxhddec.o
CC	libavcodec/dnxhdenc.o
CC	libavcodec/dpcm.o
CC	libavcodec/dpx.o
CC	libavcodec/dsicinav.o
CC	libavcodec/dsputil.o
CC	libavcodec/dump_extradata_bsf.o
CC	libavcodec/dv.o
CC	libavcodec/dvbsub.o
CC	libavcodec/dvbsub_parser.o
CC	libavcodec/dvbsubdec.o
CC	libavcodec/dvdata.o
CC	libavcodec/dvdsub_parser.o
CC	libavcodec/dvdsubdec.o
CC	libavcodec/dvdsubenc.o
CC	libavcodec/dwt.o
CC	libavcodec/dxa.o
CC	libavcodec/eac3dec.o
CC	libavcodec/eac3dec_data.o
CC	libavcodec/eacmv.o
CC	libavcodec/eaidct.o
CC	libavcodec/eamad.o
CC	libavcodec/eatgq.o
CC	libavcodec/eatgv.o
CC	libavcodec/eatqi.o
CC	libavcodec/elbg.o
CC	libavcodec/error_resilience.o
CC	libavcodec/escape124.o
CC	libavcodec/eval.o
CC	libavcodec/faandct.o
CC	libavcodec/faanidct.o
CC	libavcodec/faxcompr.o
CC	libavcodec/fft.o
CC	libavcodec/ffv1.o
CC	libavcodec/flac.o
CC	libavcodec/flacdata.o
CC	libavcodec/flacdec.o
CC	libavcodec/flacenc.o
CC	libavcodec/flashsv.o
CC	libavcodec/flashsvenc.o
CC	libavcodec/flicvideo.o
CC	libavcodec/flvdec.o
CC	libavcodec/flvenc.o
CC	libavcodec/fraps.o
CC	libavcodec/frwu.o
CC	libavcodec/g726.o
CC	libavcodec/gif.o
CC	libavcodec/gifdec.o
CC	libavcodec/golomb.o
CC	libavcodec/h261.o
CC	libavcodec/h261_parser.o
CC	libavcodec/h261dec.o
CC	libavcodec/h261enc.o
CC	libavcodec/h263.o
CC	libavcodec/h263_parser.o
CC	libavcodec/h263dec.o
CC	libavcodec/h264.o
CC	libavcodec/h264_cabac.o
CC	libavcodec/h264_cavlc.o
CC	libavcodec/h264_direct.o
CC	libavcodec/h264_loopfilter.o
CC	libavcodec/h264_mp4toannexb_bsf.o
CC	libavcodec/h264_parser.o
CC	libavcodec/h264_ps.o
CC	libavcodec/h264_refs.o
CC	libavcodec/h264_sei.o
CC	libavcodec/h264dsp.o
CC	libavcodec/h264idct.o
CC	libavcodec/h264pred.o
CC	libavcodec/huffman.o
CC	libavcodec/huffyuv.o
CC	libavcodec/idcinvideo.o
CC	libavcodec/iff.o
CC	libavcodec/iirfilter.o
CC	libavcodec/imc.o
CC	libavcodec/imgconvert.o
CC	libavcodec/imx_dump_header_bsf.o
CC	libavcodec/indeo2.o
CC	libavcodec/indeo3.o
CC	libavcodec/indeo5.o
CC	libavcodec/intelh263dec.o
CC	libavcodec/interplayvideo.o
CC	libavcodec/intrax8.o
CC	libavcodec/intrax8dsp.o
CC	libavcodec/ituh263dec.o
CC	libavcodec/ituh263enc.o
CC	libavcodec/ivi_common.o
CC	libavcodec/ivi_dsp.o
CC	libavcodec/jfdctfst.o
CC	libavcodec/jfdctint.o
CC	libavcodec/jpegls.o
CC	libavcodec/jpeglsdec.o
CC	libavcodec/jpeglsenc.o
CC	libavcodec/jrevdct.o
CC	libavcodec/kgv1dec.o
CC	libavcodec/kmvc.o
CC	libavcodec/lcldec.o
CC	libavcodec/lclenc.o
CC	libavcodec/ljpegenc.o
CC	libavcodec/loco.o
CC	libavcodec/lpc.o
CC	libavcodec/lsp.o
CC	libavcodec/lzw.o
CC	libavcodec/lzwenc.o
CC	libavcodec/mace.o
CC	libavcodec/mdct.o
CC	libavcodec/mdec.o
CC	libavcodec/mimic.o
CC	libavcodec/mjpeg.o
CC	libavcodec/mjpeg_parser.o
CC	libavcodec/mjpega_dump_header_bsf.o
CC	libavcodec/mjpegbdec.o
CC	libavcodec/mjpegdec.o
CC	libavcodec/mjpegenc.o
CC	libavcodec/mlp.o
CC	libavcodec/mlp_parser.o
CC	libavcodec/mlpdec.o
CC	libavcodec/mlpdsp.o
CC	libavcodec/mmvideo.o
CC	libavcodec/motion_est.o
CC	libavcodec/motionpixels.o
CC	libavcodec/movsub_bsf.o
CC	libavcodec/mp3_header_compress_bsf.o
CC	libavcodec/mp3_header_decompress_bsf.o
CC	libavcodec/mpc.o
CC	libavcodec/mpc7.o
CC	libavcodec/mpc8.o
CC	libavcodec/mpeg12.o
CC	libavcodec/mpeg12data.o
CC	libavcodec/mpeg12enc.o
CC	libavcodec/mpeg4audio.o
CC	libavcodec/mpeg4video.o
CC	libavcodec/mpeg4video_parser.o
CC	libavcodec/mpeg4videodec.o
CC	libavcodec/mpeg4videoenc.o
CC	libavcodec/mpegaudio.o
CC	libavcodec/mpegaudio_parser.o
CC	libavcodec/mpegaudiodata.o
CC	libavcodec/mpegaudiodec.o
CC	libavcodec/mpegaudiodecheader.o
CC	libavcodec/mpegaudioenc.o
CC	libavcodec/mpegvideo.o
CC	libavcodec/mpegvideo_enc.o
CC	libavcodec/mpegvideo_parser.o
CC	libavcodec/msmpeg4.o
CC	libavcodec/msmpeg4data.o
CC	libavcodec/msrle.o
CC	libavcodec/msrledec.o
CC	libavcodec/msvideo1.o
CC	libavcodec/nellymoser.o
CC	libavcodec/nellymoserdec.o
CC	libavcodec/nellymoserenc.o
CC	libavcodec/noise_bsf.o
CC	libavcodec/nuv.o
CC	libavcodec/opt.o
CC	libavcodec/options.o
CC	libavcodec/pamenc.o
CC	libavcodec/parser.o
CC	libavcodec/pcm-mpeg.o
CC	libavcodec/pcm.o
CC	libavcodec/pcx.o
CC	libavcodec/pcxenc.o
CC	libavcodec/pgssubdec.o
CC	libavcodec/png.o
CC	libavcodec/pngdec.o
CC	libavcodec/pngenc.o
CC	libavcodec/pnm.o
CC	libavcodec/pnm_parser.o
CC	libavcodec/pnmdec.o
CC	libavcodec/pnmenc.o
CC	libavcodec/psymodel.o
CC	libavcodec/ptx.o
CC	libavcodec/qcelpdec.o
CC	libavcodec/qdm2.o
CC	libavcodec/qdrw.o
CC	libavcodec/qpeg.o
CC	libavcodec/qtrle.o
CC	libavcodec/qtrleenc.o
CC	libavcodec/r210dec.o
CC	libavcodec/ra144.o
CC	libavcodec/ra288.o
CC	libavcodec/rangecoder.o
CC	libavcodec/ratecontrol.o
CC	libavcodec/raw.o
CC	libavcodec/rawdec.o
CC	libavcodec/rawenc.o
CC	libavcodec/rdft.o
CC	libavcodec/remove_extradata_bsf.o
CC	libavcodec/resample.o
CC	libavcodec/resample2.o
CC	libavcodec/rl2.o
CC	libavcodec/rle.o
CC	libavcodec/roqaudioenc.o
CC	libavcodec/roqvideo.o
CC	libavcodec/roqvideodec.o
CC	libavcodec/roqvideoenc.o
CC	libavcodec/rpza.o
CC	libavcodec/rtjpeg.o
CC	libavcodec/rv10.o
CC	libavcodec/rv10enc.o
CC	libavcodec/rv20enc.o
CC	libavcodec/rv30.o
CC	libavcodec/rv30dsp.o
CC	libavcodec/rv34.o
CC	libavcodec/rv40.o
CC	libavcodec/rv40dsp.o
CC	libavcodec/s3tc.o
CC	libavcodec/sgidec.o
CC	libavcodec/sgienc.o
CC	libavcodec/shorten.o
CC	libavcodec/simple_idct.o
CC	libavcodec/sipr.o
CC	libavcodec/sipr16k.o
CC	libavcodec/smacker.o
CC	libavcodec/smc.o
CC	libavcodec/snow.o
CC	libavcodec/sonic.o
CC	libavcodec/sp5xdec.o
CC	libavcodec/sunrast.o
CC	libavcodec/svq1.o
CC	libavcodec/svq1dec.o
CC	libavcodec/svq1enc.o
CC	libavcodec/svq3.o
CC	libavcodec/synth_filter.o
CC	libavcodec/targa.o
CC	libavcodec/targaenc.o
CC	libavcodec/tiertexseqv.o
CC	libavcodec/tiff.o
CC	libavcodec/tiffenc.o
CC	libavcodec/tmv.o
CC	libavcodec/truemotion1.o
CC	libavcodec/truemotion2.o
CC	libavcodec/truespeech.o
CC	libavcodec/tscc.o
CC	libavcodec/tta.o
CC	libavcodec/twinvq.o
CC	libavcodec/txd.o
CC	libavcodec/ulti.o
CC	libavcodec/utils.o
CC	libavcodec/v210dec.o
CC	libavcodec/v210enc.o
CC	libavcodec/v210x.o
CC	libavcodec/vb.o
CC	libavcodec/vc1.o
CC	libavcodec/vc1_parser.o
CC	libavcodec/vc1data.o
CC	libavcodec/vc1dec.o
CC	libavcodec/vc1dsp.o
CC	libavcodec/vcr1.o
CC	libavcodec/vmdav.o
CC	libavcodec/vmnc.o
CC	libavcodec/vorbis.o
CC	libavcodec/vorbis_data.o
CC	libavcodec/vorbis_dec.o
CC	libavcodec/vp3.o
CC	libavcodec/vp3_parser.o
CC	libavcodec/vp3dsp.o
CC	libavcodec/vp5.o
CC	libavcodec/vp56.o
CC	libavcodec/vp56data.o
CC	libavcodec/vp56dsp.o
CC	libavcodec/vp6.o
CC	libavcodec/vp6dsp.o
CC	libavcodec/vqavideo.o
CC	libavcodec/wavpack.o
CC	libavcodec/wma.o
CC	libavcodec/wmadec.o
CC	libavcodec/wmaenc.o
CC	libavcodec/wmaprodec.o
CC	libavcodec/wmavoice.o
CC	libavcodec/wmv2.o
CC	libavcodec/wmv2dec.o
CC	libavcodec/wmv2enc.o
CC	libavcodec/wnv1.o
CC	libavcodec/ws-snd1.o
CC	libavcodec/x86/cavsdsp_mmx.o
CC	libavcodec/x86/cpuid.o
CC	libavcodec/x86/dnxhd_mmx.o
CC	libavcodec/x86/dsputil_mmx.o
CC	libavcodec/x86/dsputilenc_mmx.o
CC	libavcodec/x86/fdct_mmx.o
CC	libavcodec/x86/fft.o
CC	libavcodec/x86/idct_mmx.o
CC	libavcodec/x86/idct_mmx_xvid.o
CC	libavcodec/x86/idct_sse2_xvid.o
CC	libavcodec/x86/lpc_mmx.o
CC	libavcodec/x86/mlpdsp.o
CC	libavcodec/x86/motion_est_mmx.o
CC	libavcodec/x86/mpegvideo_mmx.o
CC	libavcodec/x86/simple_idct_mmx.o
CC	libavcodec/x86/snowdsp_mmx.o
CC	libavcodec/x86/vc1dsp_mmx.o
CC	libavcodec/x86/vp3dsp_mmx.o
CC	libavcodec/x86/vp3dsp_sse2.o
CC	libavcodec/x86/vp6dsp_mmx.o
CC	libavcodec/x86/vp6dsp_sse2.o
CC	libavcodec/xan.o
CC	libavcodec/xiph.o
CC	libavcodec/xl.o
CC	libavcodec/xsubdec.o
CC	libavcodec/xsubenc.o
CC	libavcodec/yop.o
CC	libavcodec/zmbv.o
CC	libavcodec/zmbvenc.o
AR	libavcodec/libavcodec.a
CC	libswscale/options.o
CC	libswscale/rgb2rgb.o
CC	libswscale/swscale.o
CC	libswscale/utils.o
CC	libswscale/x86/yuv2rgb_mmx.o
CC	libswscale/yuv2rgb.o
AR	libswscale/libswscale.a
CC	libavutil/adler32.o
CC	libavutil/aes.o
CC	libavutil/avstring.o
CC	libavutil/base64.o
CC	libavutil/crc.o
CC	libavutil/des.o
CC	libavutil/error.o
CC	libavutil/fifo.o
CC	libavutil/intfloat_readwrite.o
CC	libavutil/lfg.o
CC	libavutil/lls.o
CC	libavutil/log.o
CC	libavutil/lzo.o
CC	libavutil/mathematics.o
CC	libavutil/md5.o
CC	libavutil/mem.o
CC	libavutil/pixdesc.o
CC	libavutil/random_seed.o
CC	libavutil/rational.o
CC	libavutil/rc4.o
CC	libavutil/sha.o
CC	libavutil/tree.o
CC	libavutil/utils.o
AR	libavutil/libavutil.a
CC	ffmpeg.o
CC	cmdutils.o
LD	ffmpeg_g
CP	ffmpeg
STRIP	ffmpeg
CC	ffprobe.o
LD	ffprobe_g
CP	ffprobe
STRIP	ffprobe
CC	ffserver.o
LD	ffserver_g
CP	ffserver
STRIP	ffserver
INSTALL	libavdevice/libavdevice.a
INSTALL	libavformat/libavformat.a
INSTALL	libavcodec/libavcodec.a
INSTALL	libswscale/libswscale.a
INSTALL	libavutil/libavutil.a
INSTALL	libavdevice/avdevice.h
INSTALL	libavdevice/libavdevice.pc
INSTALL	libavformat/avformat.h
INSTALL	libavformat/avio.h
INSTALL	libavformat/libavformat.pc
INSTALL	libavcodec/avcodec.h
INSTALL	libavcodec/avfft.h
INSTALL	libavcodec/dxva2.h
INSTALL	libavcodec/opt.h
INSTALL	libavcodec/vaapi.h
INSTALL	libavcodec/vdpau.h
INSTALL	libavcodec/xvmc.h
INSTALL	libavcodec/libavcodec.pc
INSTALL	libswscale/swscale.h
INSTALL	libswscale/libswscale.pc
INSTALL	libavutil/adler32.h
INSTALL	libavutil/attributes.h
INSTALL	libavutil/avstring.h
INSTALL	libavutil/avutil.h
INSTALL	libavutil/base64.h
INSTALL	libavutil/common.h
INSTALL	libavutil/crc.h
INSTALL	libavutil/error.h
INSTALL	libavutil/fifo.h
INSTALL	libavutil/intfloat_readwrite.h
INSTALL	libavutil/log.h
INSTALL	libavutil/lzo.h
INSTALL	libavutil/mathematics.h
INSTALL	libavutil/md5.h
INSTALL	libavutil/mem.h
INSTALL	libavutil/pixdesc.h
INSTALL	libavutil/pixfmt.h
INSTALL	libavutil/rational.h
INSTALL	libavutil/sha1.h
INSTALL	libavutil/avconfig.h
INSTALL	libavutil/libavutil.pc
INSTALL	ffmpeg
INSTALL	ffprobe
INSTALL	ffserver
INSTALL	ffpresets/libx264-baseline.ffpreset
INSTALL	ffpresets/libx264-default.ffpreset
INSTALL	ffpresets/libx264-faster.ffpreset
INSTALL	ffpresets/libx264-faster_firstpass.ffpreset
INSTALL	ffpresets/libx264-fast.ffpreset
INSTALL	ffpresets/libx264-fast_firstpass.ffpreset
INSTALL	ffpresets/libx264-fastfirstpass.ffpreset
INSTALL	ffpresets/libx264-hq.ffpreset
INSTALL	ffpresets/libx264-ipod320.ffpreset
INSTALL	ffpresets/libx264-ipod640.ffpreset
INSTALL	ffpresets/libx264-lossless_fast.ffpreset
INSTALL	ffpresets/libx264-lossless_max.ffpreset
INSTALL	ffpresets/libx264-lossless_medium.ffpreset
INSTALL	ffpresets/libx264-lossless_slower.ffpreset
INSTALL	ffpresets/libx264-lossless_slow.ffpreset
INSTALL	ffpresets/libx264-lossless_ultrafast.ffpreset
INSTALL	ffpresets/libx264-main.ffpreset
INSTALL	ffpresets/libx264-max.ffpreset
INSTALL	ffpresets/libx264-medium.ffpreset
INSTALL	ffpresets/libx264-medium_firstpass.ffpreset
INSTALL	ffpresets/libx264-normal.ffpreset
INSTALL	ffpresets/libx264-placebo.ffpreset
INSTALL	ffpresets/libx264-placebo_firstpass.ffpreset
INSTALL	ffpresets/libx264-slower.ffpreset
INSTALL	ffpresets/libx264-slower_firstpass.ffpreset
INSTALL	ffpresets/libx264-slow.ffpreset
INSTALL	ffpresets/libx264-slow_firstpass.ffpreset
INSTALL	ffpresets/libx264-slowfirstpass.ffpreset
INSTALL	ffpresets/libx264-superfast.ffpreset
INSTALL	ffpresets/libx264-superfast_firstpass.ffpreset
INSTALL	ffpresets/libx264-ultrafast.ffpreset
INSTALL	ffpresets/libx264-ultrafast_firstpass.ffpreset
INSTALL	ffpresets/libx264-veryfast.ffpreset
INSTALL	ffpresets/libx264-veryfast_firstpass.ffpreset
INSTALL	ffpresets/libx264-veryslow.ffpreset
INSTALL	ffpresets/libx264-veryslow_firstpass.ffpreset
