[01;34m[*][0m [cmd] ffmpeg -version ffmpeg version 0.8.16-4:0.8.16-0ubuntu0.12.04.1, Copyright (c) 2000-2014 the Libav developers
  built on Sep 16 2014 18:33:49 with gcc 4.6.3
The ffmpeg program is only provided for script compatibility and will be removed
in a future release. It has been deprecated in the Libav project to allow for
incompatible command line syntax improvements in its replacement called avconv
(see Changelog for details). Please use avconv instead.
[01;32m[*][0m : 
[01;34m[*][0m [cmd] record_recordmydesktop [01;34m[*][0m [cmd] recordmydesktop --width 1024 --height 768 \ --full-shots --fps 15 --channels 1 --device pulse --v_quality 63 --s_quality 10 --v_bitrate 2000000 --no-wm-check --no-cursor --output=/tmp/PRODUCT/session.ogv Initial recording window is set to:
X:0   Y:0    Width:1024    Height:768
Adjusted recording window is set to:
X:0   Y:0    Width:1024    Height:768
Initializing...
Buffer size adjusted to 4096 from 4096 frames.
Opened PCM device pulse
Recording on device pulse is set to:
1 channels at 22050Hz
Capturing!
[01;34m[*][0m [cmd] sleep 10 [01;32m[*][0m : 
[01;34m[*][0m [cmd] killall recordmydesktop 
*********************************************

Cached 1 MB, from 231 MB that were received.
Average cache compression ratio: 99.3 %

*********************************************
Saved 154 frames in a total of 153 requests
Shutting down....[01;32m[*][0m : 
.
STATE:ENCODING
Encoding started!
This may take several minutes.
Pressing Ctrl-C will cancel the procedure (resuming will not be possible, but
any portion of the video, which is already encoded won't be deleted).
Please wait...
Output file: /tmp/PRODUCT/session.ogv
Encoding finished!
Wait a moment please...
   
Done.
Written 132680 bytes
(131859 of which were video data and 821 audio data)

Cleanning up cache...
Done!!!
Goodbye!
[01;32m[*][0m : 
[01;32m[*][0m : 
[01;34m[*][0m [cmd] convert_from_ogv [01;34m[*][0m [cmd] HandBrakeCLI -i /tmp/PRODUCT/session.ogv -o /tmp/PRODUCT/session.mp4 --encoder x264 --vb 1800 --ab 128 --maxWidth $WIDTH --maxHeight $HEIGHT --two-pass --optimize [13:23:05] hb_init: starting libhb thread
HandBrake rev0 (2013051899) - Linux x86_64 - http://handbrake.fr
32 CPUs detected
Opening /tmp/PRODUCT/session.ogv...
[13:23:05] hb_scan: path=/tmp/PRODUCT/session.ogv, title_index=1
libbluray/bdnav/index_parse.c:162: indx_parse(): error opening /tmp/PRODUCT/session.ogv/BDMV/index.bdmv
libbluray/bdnav/index_parse.c:162: indx_parse(): error opening /tmp/PRODUCT/session.ogv/BDMV/BACKUP/index.bdmv
libbluray/bluray.c:1725: nav_get_title_list(/tmp/PRODUCT/session.ogv) failed (0x7f32f4000900)
[13:23:05] bd: not a bd - trying as a stream/file instead
libdvdnav: Using dvdnav version 4.1.3
libdvdread: Encrypted DVD support unavailable.
libdvdnav:DVDOpenFileUDF:UDFFindFile /VIDEO_TS/VIDEO_TS.IFO failed
libdvdnav:DVDOpenFileUDF:UDFFindFile /VIDEO_TS/VIDEO_TS.BUP failed
libdvdread: Can't open file VIDEO_TS.IFO.
libdvdnav: vm: failed to read VIDEO_TS.IFO
[13:23:05] dvd: not a dvd - trying as a stream/file instead
Input #0, ogg, from '/tmp/PRODUCT/session.ogv':
  Duration: 00:00:10.33, start: 0.000000, bitrate: 108 kb/s
    Stream #0.0: Data: skeleton
    Stream #0.1: Video: theora, yuv420p, 1024x768 [PAR 1:1 DAR 4:3], 13.92 fps, 15 tbn, 15 tbc
    Stream #0.2: Audio: vorbis, 22050 Hz, mono, fltp, 89 kb/s
[13:23:05] scan: decoding previews for title 1
[13:23:05] scan: audio 0x2: vorbis, rate=22050Hz, bitrate=89991 Unknown (vorbis) (1.0 ch)
[ogg @ 0x7f32f4001860] read_timestamp() failed in the middle
[13:23:05] Warning: Could not read data for preview 4, skipped
[13:23:05] Warning: Could not read data for preview 5, skipped
[13:23:05] Warning: Could not read data for preview 6, skipped
[13:23:05] Warning: Could not read data for preview 7, skipped
[13:23:05] Warning: Could not read data for preview 8, skipped
[13:23:05] Warning: Could not read data for preview 9, skipped
[13:23:05] Warning: Could not read data for preview 10, skipped
[13:23:05] scan: 3 previews, 1024x768, 13.917 fps, autocrop = 0/0/0/0, aspect 4:3, PAR 1:1
[13:23:05] libhb: scan thread found 1 valid title(s)
+ title 1:
  + stream: /tmp/PRODUCT/session.ogv
  + duration: 00:00:10
  + size: 1024x768, pixel aspect: 1/1, display aspect: 1.33, 13.917 fps
  + autocrop: 0/0/0/0
  + chapters:
    + 1: cells 0->0, 0 blocks, duration 00:00:10
  + audio tracks:
    + 1, Unknown (vorbis) (1.0 ch) (iso639-2: und)
  + subtitle tracks:
[13:23:05] 2 job(s) to process
[13:23:05] starting job
[13:23:05] work: mixdown not specified, track 1 setting mixdown Mono
[13:23:05] work: sanitizing track 1 bitrate 128 to 96 Kbps
[13:23:05] sync: expecting 143 video frames
[13:23:05] job configuration:
[13:23:05]  * source
[13:23:05]    + /tmp/PRODUCT/session.ogv
[13:23:05]    + title 1, chapter(s) 1 to 1
[13:23:05]    + container: ogg
[13:23:05]    + data rate: 108 kbps
[13:23:05]  * destination
[13:23:05]    + /tmp/PRODUCT/session.mp4
[13:23:05]    + container: MPEG-4 (.mp4 and .m4v)
[13:23:05]      + optimized for progressive web downloads
[13:23:05]  * video track
[13:23:05]    + decoder: theora
[13:23:05]    + frame rate: same as source (around 13.917 fps)
[13:23:05]    + filters
[13:23:05]      + Framerate Shaper (0:27000000:1940119)
[13:23:05]        + frame rate: same as source (around 13.917 fps)
[13:23:05]      + Crop and Scale (1024:768:0:0:0:0)
[13:23:05]        + source: 1024 * 768, crop (0/0/0/0): 1024 * 768, scale: 1024 * 768
[13:23:05]    + dimensions: 1024 * 768, mod 0
[13:23:05]    + encoder: H.264 (x264)
[13:23:05]      + bitrate: 1800 kbps, pass: 1
[13:23:05]  * audio track 1
[13:23:05]    + decoder: Unknown (vorbis) (1.0 ch) (track 1, id 0x2)
[13:23:05]      + bitrate: 89 kbps, samplerate: 22050 Hz
[13:23:05]    + mixdown: Mono
[13:23:05]    + encoder: AAC (faac)
[13:23:05]      + bitrate: 96 kbps, samplerate: 22050 Hz
[13:23:05] reader: first SCR 0 id 0x1 DTS 0
[13:23:05] encx264: min-keyint: 14, keyint: 140
x264 [warning]: --psnr used with psy on: results will be invalid!
x264 [warning]: --tune psnr should be used if attempting to benchmark psnr!
x264 [info]: using cpu capabilities: MMX2 SSE2Fast SSSE3 SSE4.2 AVX XOP FMA4 FMA3 SSEMisalign LZCNT BMI1
x264 [info]: profile High, level 3.1
[13:23:05] reader: done. 1 scr changes
[13:23:06] work: average encoding speed for job is 0.000000 fps
[13:23:06] sync: got 19 frames, 143 expected
[13:23:06] render: lost time: 0 (0 frames)
[13:23:06] render: gained time: 0 (0 frames) (0 not accounted for)
[13:23:06] theora-decoder done: 19 frames, 0 decoder errors, 0 drops
x264 [info]: frame I:1     Avg QP: 7.48  size: 17304  PSNR Mean Y:53.63 U:69.87 V:70.99 Avg:55.34 Global:55.34
x264 [info]: frame P:6     Avg QP:11.83  size:  4020  PSNR Mean Y:53.03 U:66.16 V:65.10 Avg:54.66 Global:54.24
x264 [info]: frame B:12    Avg QP:11.48  size:   205  PSNR Mean Y:54.14 U:64.33 V:64.41 Avg:55.70 Global:55.63
x264 [info]: consecutive B-frames: 15.8%  0.0%  0.0% 84.2%
x264 [info]: mb I  I16..4: 91.9%  0.7%  7.4%
x264 [info]: mb P  I16..4:  5.7%  0.0%  1.2%  P16..4:  3.0%  0.0%  0.0%  0.0%  0.0%    skip:89.9%
x264 [info]: mb B  I16..4:  0.2%  0.0%  0.0%  B16..8:  3.2%  0.0%  0.0%  direct: 1.4%  skip:95.1%  L0:48.2% L1:51.8% BI: 0.0%
x264 [info]: final ratefactor: -12.43
x264 [info]: 8x8 transform intra:0.7% inter:44.5%
x264 [info]: coded y,uvDC,uvAC intra: 6.8% 5.6% 0.3% inter: 0.3% 1.4% 0.0%
x264 [info]: i16 v,h,dc,p: 93%  4%  2%  0%
x264 [info]: i8 v,h,dc,ddl,ddr,vr,hd,vl,hu: 15% 15% 46%  2%  4%  7%  2%  2%  6%
x264 [info]: i4 v,h,dc,ddl,ddr,vr,hd,vl,hu: 30% 17% 25%  5%  4%  4%  5%  4%  6%
x264 [info]: i8c dc,h,v,p: 88%  6%  6%  0%
x264 [info]: Weighted P-Frames: Y:0.0% UV:0.0%
x264 [info]: ref P L0: 88.3%  0.1% 10.0%  1.6%
x264 [info]: ref B L0: 71.4% 18.4% 10.2%
x264 [info]: ref B L1: 96.8%  3.2%
x264 [info]: SSIM Mean Y:0.9994262 (32.412db)
x264 [info]: PSNR Mean Y:53.384 U:65.591 V:64.904 Avg:54.995 Global:54.645 kb/s:27.47
[13:23:06] vorbis-decoder done: 0 frames, 0 decoder errors, 0 drops
[13:23:06] starting job
[13:23:06] work: mixdown not specified, track 1 setting mixdown Mono
[13:23:06] work: sanitizing track 1 bitrate 128 to 96 Kbps
[13:23:06] sync: expecting 19 video frames
[13:23:06] job configuration:
[13:23:06]  * source
[13:23:06]    + /tmp/PRODUCT/session.ogv
[13:23:06]    + title 1, chapter(s) 1 to 1
[13:23:06]    + container: ogg
[13:23:06]    + data rate: 108 kbps
[13:23:06]  * destination
[13:23:06]    + /tmp/PRODUCT/session.mp4
[13:23:06]    + container: MPEG-4 (.mp4 and .m4v)
[13:23:06]      + optimized for progressive web downloads
[13:23:06]  * video track
[13:23:06]    + decoder: theora
[13:23:06]    + frame rate: same as source (around 13.917 fps)
[13:23:06]    + filters
[13:23:06]      + Framerate Shaper (0:27000000:1940119)
[13:23:06]        + frame rate: same as source (around 13.917 fps)
[13:23:06]      + Crop and Scale (1024:768:0:0:0:0)
[13:23:06]        + source: 1024 * 768, crop (0/0/0/0): 1024 * 768, scale: 1024 * 768
[13:23:06]    + dimensions: 1024 * 768, mod 0
[13:23:06]    + encoder: H.264 (x264)
[13:23:06]      + bitrate: 1800 kbps, pass: 2
[13:23:06]  * audio track 1
[13:23:06]    + decoder: Unknown (vorbis) (1.0 ch) (track 1, id 0x2)
[13:23:06]      + bitrate: 89 kbps, samplerate: 22050 Hz
[13:23:06]    + mixdown: Mono
[13:23:06]    + encoder: AAC (faac)
[13:23:06]      + bitrate: 96 kbps, samplerate: 22050 Hz
[13:23:06] reader: first SCR 0 id 0x1 DTS 0
[13:23:06] encx264: min-keyint: 14, keyint: 140
x264 [warning]: --psnr used with psy on: results will be invalid!
x264 [warning]: --tune psnr should be used if attempting to benchmark psnr!
x264 [info]: using cpu capabilities: MMX2 SSE2Fast SSSE3 SSE4.2 AVX XOP FMA4 FMA3 SSEMisalign LZCNT BMI1
x264 [warning]: Error: 2pass curve failed to converge
x264 [warning]: target: 1800.00 kbit/s, expected: 542.27 kbit/s, avg QP: 0.0221
x264 [warning]: try reducing target bitrate
x264 [info]: profile High, level 3.1
[13:23:06] reader: done. 1 scr changes
[13:23:07] work: average encoding speed for job is 0.000000 fps
[13:23:07] sync: got 19 frames, 19 expected
[13:23:07] render: lost time: 0 (0 frames)
[13:23:07] render: gained time: 0 (0 frames) (0 not accounted for)
[13:23:07] theora-decoder done: 19 frames, 0 decoder errors, 0 drops
x264 [info]: frame I:1     Avg QP: 0.03  size: 37520  PSNR Mean Y:80.90 U:93.29 V:96.30 Avg:82.56 Global:82.56
x264 [info]: frame P:6     Avg QP: 2.23  size: 10439  PSNR Mean Y:66.72 U:74.10 V:68.92 Avg:67.67 Global:67.49
x264 [info]: frame B:12    Avg QP: 2.95  size:   198  PSNR Mean Y:68.01 U:75.94 V:71.40 Avg:69.05 Global:68.12
x264 [info]: consecutive B-frames: 15.8%  0.0%  0.0% 84.2%
x264 [info]: mb I  I16..4: 92.0%  0.7%  7.3%
x264 [info]: mb P  I16..4:  5.4%  0.1%  1.2%  P16..4:  3.3%  0.0%  0.0%  0.0%  0.0%    skip:89.9%
x264 [info]: mb B  I16..4:  0.0%  0.0%  0.0%  B16..8:  1.7%  0.0%  0.0%  direct: 1.6%  skip:96.6%  L0:42.1% L1:57.9% BI: 0.0%
x264 [info]: 8x8 transform intra:0.9% inter:79.0%
x264 [info]: coded y,uvDC,uvAC intra: 7.1% 6.1% 1.3% inter: 0.5% 1.7% 0.2%
x264 [info]: i16 v,h,dc,p: 93%  5%  2%  0%
x264 [info]: i8 v,h,dc,ddl,ddr,vr,hd,vl,hu: 35% 21% 31%  4%  2%  1%  1%  2%  3%
x264 [info]: i4 v,h,dc,ddl,ddr,vr,hd,vl,hu: 28% 17% 24%  5%  5%  5%  6%  4%  6%
x264 [info]: i8c dc,h,v,p: 89%  6%  5%  0%
x264 [info]: Weighted P-Frames: Y:0.0% UV:0.0%
x264 [info]: ref P L0: 97.9%  1.2%  0.1%  0.8%
x264 [info]: ref B L0: 98.9%  1.1%
x264 [info]: SSIM Mean Y:0.9999433 (42.465db)
x264 [info]: PSNR Mean Y:67.183 U:74.758 V:69.815 Avg:68.169 Global:67.697 kb/s:64.17
[13:23:07] vorbis-decoder done: 0 frames, 0 decoder errors, 0 drops
[13:23:07] muxmp4: optimizing file
[13:23:07] mux: track 0, 19 frames, 102490 bytes, 95.09 kbps, fifo 32
[13:23:07] mux: track 1, 185 frames, 1127 bytes, 1.05 kbps, fifo 256
[13:23:07] libhb: work result = 0

Encode done!
HandBrake has exited.
[01;32m[*][0m : 
[01;34m[*][0m [cmd] ffmpeg -i /tmp/PRODUCT/session.mp4 -acodec libvorbis -ac 2 -ab 96k -ar 44100 -b:v 345k -s 1024x768 /tmp/PRODUCT/session.webm ffmpeg version 0.8.16-4:0.8.16-0ubuntu0.12.04.1, Copyright (c) 2000-2014 the Libav developers
  built on Sep 16 2014 18:33:49 with gcc 4.6.3
The ffmpeg program is only provided for script compatibility and will be removed
in a future release. It has been deprecated in the Libav project to allow for
incompatible command line syntax improvements in its replacement called avconv
(see Changelog for details). Please use avconv instead.
[mov,mp4,m4a,3gp,3g2,mj2 @ 0x20717a0] max_analyze_duration reached

Seems stream 0 codec frame rate differs from container frame rate: 180000.00 (180000/1) -> 90000.00 (180000/2)
Input #0, mov,mp4,m4a,3gp,3g2,mj2, from '/tmp/PRODUCT/session.mp4':
  Metadata:
    major_brand     : mp42
    minor_version   : 0
    compatible_brands: mp42isomavc1
    creation_time   : 2014-10-15 13:23:06
    encoder         : HandBrake rev0 2013051899
  Duration: 00:00:08.65, start: 0.000000, bitrate: 98 kb/s
    Stream #0.0(und): Video: h264 (High), yuv420p, 1024x768, 94 kb/s, 2.20 fps, 90k tbr, 90k tbn, 180k tbc
    Metadata:
      creation_time   : 2014-10-15 13:23:06
    Stream #0.1(und): Audio: aac, 22050 Hz, mono, s16, 1 kb/s
    Metadata:
      creation_time   : 2014-10-15 13:23:06
[buffer @ 0x2079c00] w:1024 h:768 pixfmt:yuv420p
[libvpx @ 0x20792a0] v1.0.0
Output #0, webm, to '/tmp/PRODUCT/session.webm':
  Metadata:
    major_brand     : mp42
    minor_version   : 0
    compatible_brands: mp42isomavc1
    creation_time   : 2014-10-15 13:23:06
    encoder         : Lavf53.21.1
    Stream #0.0(und): Video: libvpx, yuv420p, 1024x768, q=-1--1, 200 kb/s, 1k tbn, 90k tbc
    Metadata:
      creation_time   : 2014-10-15 13:23:06
    Stream #0.1(und): Audio: libvorbis, 44100 Hz, 2 channels, s16, 96 kb/s
    Metadata:
      creation_time   : 2014-10-15 13:23:06
Stream mapping:
  Stream #0.0 -> #0.0
  Stream #0.1 -> #0.1
Press ctrl-c to stop encoding
frame=    3 fps=  0 q=0.0 size=       4kB time=0.12 bitrate= 304.0kbits/s    frame=    7 fps=  5 q=0.0 size=       4kB time=0.27 bitrate= 131.6kbits/s    frame=   11 fps=  5 q=0.0 size=      36kB time=0.59 bitrate= 500.7kbits/s    frame=   13 fps=  5 q=0.0 size=      36kB time=0.85 bitrate= 350.3kbits/s    frame=   16 fps=  5 q=0.0 size=      36kB time=0.92 bitrate= 323.6kbits/s    frame=   19 fps=  5 q=0.0 Lsize=      57kB time=8.58 bitrate=  54.7kbits/s    
video:50kB audio:0kB global headers:4kB muxing overhead 5.224805%
[01;32m[*][0m : 
[01;32m[*][0m : 
