Starting to update gh-pages




rm 'build/862/log.txt'
rm 'build/862/log/capture.err'
rm 'build/862/log/capture.out'
rm 'build/862/log/debug_screen.err'
rm 'build/862/log/debug_screen.out'
rm 'build/862/log/push_to_github.err'
rm 'build/862/log/push_to_github.out'
rm 'build/862/log/record.err'
rm 'build/862/log/record.out'
rm 'build/862/log/task.err'
rm 'build/862/log/task.out'
rm 'build/862/log/x11.err'
rm 'build/862/log/x11.out'
rm 'build/862/media/01.png'
rm 'build/862/media/04.png'
rm 'build/862/media/08.png'
rm 'build/862/media/11.png'
rm 'build/862/media/14.png'
rm 'build/862/media/27.png'
rm 'build/862/media/30.png'
rm 'build/862/media/34.png'
rm 'build/862/media/37.png'
rm 'build/862/media/41.png'
rm 'build/862/media/44.png'
rm 'build/862/media/47.png'
rm 'build/862/media/51.png'
rm 'build/862/media/54.png'
rm 'build/862/media/58.png'
rm 'build/862/media/session.mp4'
rm 'build/862/media/session.ogv'
rm 'build/862/media/session.png'
rm 'build/862/media/session.webm'

